2025-07-24 11:07:32 [File Watcher] INFO  o.s.b.d.a.LocalDevToolsAutoConfiguration$RestartingClassPathChangeChangedEventListener -Restarting due to 1 class path change (0 additions, 0 deletions, 1 modification)
2025-07-24 11:07:32 [Thread-23] INFO  o.s.boot.web.embedded.tomcat.GracefulShutdown -Commencing graceful shutdown. Waiting for active requests to complete
2025-07-24 11:07:32 [tomcat-shutdown] INFO  org.apache.coyote.http11.Http11NioProtocol -Pausing ProtocolHandler ["http-nio-8080"]
2025-07-24 11:07:32 [tomcat-shutdown] INFO  o.s.boot.web.embedded.tomcat.GracefulShutdown -Graceful shutdown complete
2025-07-24 11:07:32 [Thread-23] INFO  org.apache.coyote.http11.Http11NioProtocol -Stopping ProtocolHandler ["http-nio-8080"]
2025-07-24 11:07:32 [Thread-23] INFO  o.s.o.j.LocalContainerEntityManagerFactoryBean -Closing JPA EntityManagerFactory for persistence unit 'default'
2025-07-24 11:07:32 [Thread-23] INFO  com.zaxxer.hikari.HikariDataSource -HikariPool-6 - Shutdown initiated...
2025-07-24 11:07:32 [Thread-23] INFO  com.zaxxer.hikari.HikariDataSource -HikariPool-6 - Shutdown completed.
2025-07-24 11:07:32 [restartedMain] INFO  com.example.springdemo.SpringDemoApplication -Starting SpringDemoApplication using Java 21.0.7 with PID 2012 (C:\Users\campus2H052\Desktop\spring-demo\build\classes\java\main started by campus2H052 in C:\Users\campus2H052\Desktop\spring-demo)
2025-07-24 11:07:32 [restartedMain] INFO  com.example.springdemo.SpringDemoApplication -No active profile set, falling back to 1 default profile: "default"
2025-07-24 11:07:32 [restartedMain] INFO  o.s.d.r.config.RepositoryConfigurationDelegate -Bootstrapping Spring Data JPA repositories in DEFAULT mode.
2025-07-24 11:07:32 [restartedMain] INFO  o.s.d.r.config.RepositoryConfigurationDelegate -Finished Spring Data repository scanning in 5 ms. Found 1 JPA repository interface.
2025-07-24 11:07:32 [restartedMain] INFO  o.s.boot.web.embedded.tomcat.TomcatWebServer -Tomcat initialized with port 8080 (http)
2025-07-24 11:07:32 [restartedMain] INFO  org.apache.coyote.http11.Http11NioProtocol -Initializing ProtocolHandler ["http-nio-8080"]
2025-07-24 11:07:32 [restartedMain] INFO  org.apache.catalina.core.StandardService -Starting service [Tomcat]
2025-07-24 11:07:32 [restartedMain] INFO  org.apache.catalina.core.StandardEngine -Starting Servlet engine: [Apache Tomcat/10.1.42]
2025-07-24 11:07:32 [restartedMain] INFO  o.a.c.c.ContainerBase.[Tomcat].[localhost].[/] -Initializing Spring embedded WebApplicationContext
2025-07-24 11:07:32 [restartedMain] INFO  o.s.b.w.s.c.ServletWebServerApplicationContext -Root WebApplicationContext: initialization completed in 279 ms
2025-07-24 11:07:32 [restartedMain] INFO  org.hibernate.jpa.internal.util.LogHelper -HHH000204: Processing PersistenceUnitInfo [name: default]
2025-07-24 11:07:32 [restartedMain] INFO  o.h.cache.internal.RegionFactoryInitiator -HHH000026: Second-level cache disabled
2025-07-24 11:07:32 [restartedMain] INFO  o.s.o.j.p.SpringPersistenceUnitInfo -No LoadTimeWeaver setup: ignoring JPA class transformer
2025-07-24 11:07:32 [restartedMain] INFO  com.zaxxer.hikari.HikariDataSource -HikariPool-7 - Starting...
2025-07-24 11:07:32 [restartedMain] INFO  com.zaxxer.hikari.pool.HikariPool -HikariPool-7 - Added connection com.mysql.cj.jdbc.ConnectionImpl@3a4e18b1
2025-07-24 11:07:32 [restartedMain] INFO  com.zaxxer.hikari.HikariDataSource -HikariPool-7 - Start completed.
2025-07-24 11:07:32 [restartedMain] INFO  org.hibernate.orm.connections.pooling -HHH10001005: Database info:
	Database JDBC URL [Connecting through datasource 'HikariDataSource (HikariPool-7)']
	Database driver: undefined/unknown
	Database version: 8.0.42
	Autocommit mode: undefined/unknown
	Isolation level: undefined/unknown
	Minimum pool size: undefined/unknown
	Maximum pool size: undefined/unknown
2025-07-24 11:07:32 [restartedMain] INFO  o.h.e.t.j.p.internal.JtaPlatformInitiator -HHH000489: No JTA platform available (set 'hibernate.transaction.jta.platform' to enable JTA platform integration)
2025-07-24 11:07:32 [restartedMain] INFO  o.s.o.j.LocalContainerEntityManagerFactoryBean -Initialized JPA EntityManagerFactory for persistence unit 'default'
2025-07-24 11:07:32 [restartedMain] WARN  o.s.b.a.o.j.JpaBaseConfiguration$JpaWebConfiguration -spring.jpa.open-in-view is enabled by default. Therefore, database queries may be performed during view rendering. Explicitly configure spring.jpa.open-in-view to disable this warning
2025-07-24 11:07:32 [restartedMain] INFO  o.s.b.a.web.servlet.WelcomePageHandlerMapping -Adding welcome page: class path resource [static/index.html]
2025-07-24 11:07:32 [restartedMain] INFO  o.s.d.j.repository.query.QueryEnhancerFactory -Hibernate is in classpath; If applicable, HQL parser will be used.
2025-07-24 11:07:33 [restartedMain] INFO  o.s.b.d.autoconfigure.OptionalLiveReloadServer -LiveReload server is running on port 35729
2025-07-24 11:07:33 [restartedMain] INFO  org.apache.coyote.http11.Http11NioProtocol -Starting ProtocolHandler ["http-nio-8080"]
2025-07-24 11:07:33 [restartedMain] INFO  o.s.boot.web.embedded.tomcat.TomcatWebServer -Tomcat started on port 8080 (http) with context path '/'
2025-07-24 11:07:33 [restartedMain] INFO  com.example.springdemo.SpringDemoApplication -Started SpringDemoApplication in 1.101 seconds (process running for 6876.448)
2025-07-24 11:07:33 [restartedMain] INFO  o.s.b.d.a.ConditionEvaluationDeltaLoggingListener -Condition evaluation unchanged
2025-07-24 11:07:34 [background-preinit] INFO  org.hibernate.validator.internal.util.Version -HV000001: Hibernate Validator 8.0.2.Final
2025-07-24 11:07:34 [Test worker] INFO  com.example.springdemo.MemoRepositoryTests -Starting MemoRepositoryTests using Java 21.0.7 with PID 20680 (started by campus2H052 in C:\Users\campus2H052\Desktop\spring-demo)
2025-07-24 11:07:34 [Test worker] INFO  com.example.springdemo.MemoRepositoryTests -No active profile set, falling back to 1 default profile: "default"
2025-07-24 11:07:35 [Test worker] INFO  o.s.d.r.config.RepositoryConfigurationDelegate -Bootstrapping Spring Data JPA repositories in DEFAULT mode.
2025-07-24 11:07:35 [Test worker] INFO  o.s.d.r.config.RepositoryConfigurationDelegate -Finished Spring Data repository scanning in 51 ms. Found 1 JPA repository interface.
2025-07-24 11:07:35 [Test worker] INFO  org.hibernate.jpa.internal.util.LogHelper -HHH000204: Processing PersistenceUnitInfo [name: default]
2025-07-24 11:07:35 [Test worker] INFO  org.hibernate.Version -HHH000412: Hibernate ORM core version 6.6.18.Final
2025-07-24 11:07:35 [Test worker] INFO  o.h.cache.internal.RegionFactoryInitiator -HHH000026: Second-level cache disabled
2025-07-24 11:07:35 [Test worker] INFO  o.s.o.j.p.SpringPersistenceUnitInfo -No LoadTimeWeaver setup: ignoring JPA class transformer
2025-07-24 11:07:35 [Test worker] INFO  com.zaxxer.hikari.HikariDataSource -HikariPool-1 - Starting...
2025-07-24 11:07:36 [Test worker] INFO  com.zaxxer.hikari.pool.HikariPool -HikariPool-1 - Added connection com.mysql.cj.jdbc.ConnectionImpl@5b64f771
2025-07-24 11:07:36 [Test worker] INFO  com.zaxxer.hikari.HikariDataSource -HikariPool-1 - Start completed.
2025-07-24 11:07:36 [Test worker] INFO  org.hibernate.orm.connections.pooling -HHH10001005: Database info:
	Database JDBC URL [Connecting through datasource 'HikariDataSource (HikariPool-1)']
	Database driver: undefined/unknown
	Database version: 8.0.42
	Autocommit mode: undefined/unknown
	Isolation level: undefined/unknown
	Minimum pool size: undefined/unknown
	Maximum pool size: undefined/unknown
2025-07-24 11:07:36 [Test worker] INFO  o.h.e.t.j.p.internal.JtaPlatformInitiator -HHH000489: No JTA platform available (set 'hibernate.transaction.jta.platform' to enable JTA platform integration)
2025-07-24 11:07:36 [Test worker] INFO  o.s.o.j.LocalContainerEntityManagerFactoryBean -Initialized JPA EntityManagerFactory for persistence unit 'default'
2025-07-24 11:07:37 [Test worker] WARN  o.s.b.a.o.j.JpaBaseConfiguration$JpaWebConfiguration -spring.jpa.open-in-view is enabled by default. Therefore, database queries may be performed during view rendering. Explicitly configure spring.jpa.open-in-view to disable this warning
2025-07-24 11:07:37 [Test worker] INFO  o.s.b.a.web.servlet.WelcomePageHandlerMapping -Adding welcome page: class path resource [static/index.html]
2025-07-24 11:07:37 [Test worker] INFO  o.s.d.j.repository.query.QueryEnhancerFactory -Hibernate is in classpath; If applicable, HQL parser will be used.
2025-07-24 11:07:38 [Test worker] INFO  com.example.springdemo.MemoRepositoryTests -Started MemoRepositoryTests in 4.251 seconds (process running for 5.495)
2025-07-24 11:07:38 [Test worker] INFO  com.example.springdemo.MemoRepositoryTests -Memo(mno=100, memoText=Sample ... 100)
2025-07-24 11:07:38 [Test worker] INFO  com.example.springdemo.MemoRepositoryTests -Memo(mno=99, memoText=Sample ... 99)
2025-07-24 11:07:38 [Test worker] INFO  com.example.springdemo.MemoRepositoryTests -Memo(mno=98, memoText=Sample ... 98)
2025-07-24 11:07:38 [Test worker] INFO  com.example.springdemo.MemoRepositoryTests -Memo(mno=97, memoText=Sample ... 97)
2025-07-24 11:07:38 [Test worker] INFO  com.example.springdemo.MemoRepositoryTests -Memo(mno=96, memoText=Sample ... 96)
2025-07-24 11:07:38 [Test worker] INFO  com.example.springdemo.MemoRepositoryTests -Memo(mno=95, memoText=Sample ... 95)
2025-07-24 11:07:38 [Test worker] INFO  com.example.springdemo.MemoRepositoryTests -Memo(mno=94, memoText=Sample ... 94)
2025-07-24 11:07:38 [Test worker] INFO  com.example.springdemo.MemoRepositoryTests -Memo(mno=93, memoText=Sample ... 93)
2025-07-24 11:07:38 [Test worker] INFO  com.example.springdemo.MemoRepositoryTests -Memo(mno=92, memoText=Sample ... 92)
2025-07-24 11:07:38 [Test worker] INFO  com.example.springdemo.MemoRepositoryTests -Memo(mno=91, memoText=Sample ... 91)
2025-07-24 11:07:38 [Test worker] INFO  com.example.springdemo.MemoRepositoryTests -Memo(mno=90, memoText=Sample ... 90)
2025-07-24 11:07:38 [Test worker] INFO  com.example.springdemo.MemoRepositoryTests -Memo(mno=89, memoText=Sample ... 89)
2025-07-24 11:07:38 [Test worker] INFO  com.example.springdemo.MemoRepositoryTests -Memo(mno=88, memoText=Sample ... 88)
2025-07-24 11:07:38 [Test worker] INFO  com.example.springdemo.MemoRepositoryTests -Memo(mno=87, memoText=Sample ... 87)
2025-07-24 11:07:38 [Test worker] INFO  com.example.springdemo.MemoRepositoryTests -Memo(mno=86, memoText=Sample ... 86)
2025-07-24 11:07:38 [Test worker] INFO  com.example.springdemo.MemoRepositoryTests -Memo(mno=85, memoText=Sample ... 85)
2025-07-24 11:07:38 [Test worker] INFO  com.example.springdemo.MemoRepositoryTests -Memo(mno=84, memoText=Sample ... 84)
2025-07-24 11:07:38 [Test worker] INFO  com.example.springdemo.MemoRepositoryTests -Memo(mno=83, memoText=Sample ... 83)
2025-07-24 11:07:38 [Test worker] INFO  com.example.springdemo.MemoRepositoryTests -Memo(mno=82, memoText=Sample ... 82)
2025-07-24 11:07:38 [Test worker] INFO  com.example.springdemo.MemoRepositoryTests -Memo(mno=81, memoText=Sample ... 81)
2025-07-24 11:07:38 [Test worker] INFO  com.example.springdemo.MemoRepositoryTests -Memo(mno=80, memoText=Sample ... 80)
2025-07-24 11:07:38 [Test worker] INFO  com.example.springdemo.MemoRepositoryTests -Memo(mno=79, memoText=Sample ... 79)
2025-07-24 11:07:38 [Test worker] INFO  com.example.springdemo.MemoRepositoryTests -Memo(mno=78, memoText=Sample ... 78)
2025-07-24 11:07:38 [Test worker] INFO  com.example.springdemo.MemoRepositoryTests -Memo(mno=77, memoText=Sample ... 77)
2025-07-24 11:07:38 [Test worker] INFO  com.example.springdemo.MemoRepositoryTests -Memo(mno=76, memoText=Sample ... 76)
2025-07-24 11:07:38 [Test worker] INFO  com.example.springdemo.MemoRepositoryTests -Memo(mno=75, memoText=Sample ... 75)
2025-07-24 11:07:38 [Test worker] INFO  com.example.springdemo.MemoRepositoryTests -Memo(mno=74, memoText=Sample ... 74)
2025-07-24 11:07:38 [Test worker] INFO  com.example.springdemo.MemoRepositoryTests -Memo(mno=73, memoText=Sample ... 73)
2025-07-24 11:07:38 [Test worker] INFO  com.example.springdemo.MemoRepositoryTests -Memo(mno=72, memoText=Sample ... 72)
2025-07-24 11:07:38 [Test worker] INFO  com.example.springdemo.MemoRepositoryTests -Memo(mno=71, memoText=Sample ... 71)
2025-07-24 11:07:38 [Test worker] INFO  com.example.springdemo.MemoRepositoryTests -Memo(mno=70, memoText=Sample ... 70)
2025-07-24 11:07:38 [Test worker] INFO  com.example.springdemo.MemoRepositoryTests -Memo(mno=69, memoText=Sample ... 69)
2025-07-24 11:07:38 [Test worker] INFO  com.example.springdemo.MemoRepositoryTests -Memo(mno=68, memoText=Sample ... 68)
2025-07-24 11:07:38 [Test worker] INFO  com.example.springdemo.MemoRepositoryTests -Memo(mno=67, memoText=Sample ... 67)
2025-07-24 11:07:38 [Test worker] INFO  com.example.springdemo.MemoRepositoryTests -Memo(mno=66, memoText=Sample ... 66)
2025-07-24 11:07:38 [Test worker] INFO  com.example.springdemo.MemoRepositoryTests -Memo(mno=65, memoText=Sample ... 65)
2025-07-24 11:07:38 [Test worker] INFO  com.example.springdemo.MemoRepositoryTests -Memo(mno=64, memoText=Sample ... 64)
2025-07-24 11:07:38 [Test worker] INFO  com.example.springdemo.MemoRepositoryTests -Memo(mno=63, memoText=Sample ... 63)
2025-07-24 11:07:38 [Test worker] INFO  com.example.springdemo.MemoRepositoryTests -Memo(mno=62, memoText=Sample ... 62)
2025-07-24 11:07:38 [Test worker] INFO  com.example.springdemo.MemoRepositoryTests -Memo(mno=61, memoText=Sample ... 61)
2025-07-24 11:07:38 [Test worker] INFO  com.example.springdemo.MemoRepositoryTests -Memo(mno=60, memoText=Sample ... 60)
2025-07-24 11:07:38 [Test worker] INFO  com.example.springdemo.MemoRepositoryTests -Memo(mno=59, memoText=Sample ... 59)
2025-07-24 11:07:38 [Test worker] INFO  com.example.springdemo.MemoRepositoryTests -Memo(mno=58, memoText=Sample ... 58)
2025-07-24 11:07:38 [Test worker] INFO  com.example.springdemo.MemoRepositoryTests -Memo(mno=57, memoText=Sample ... 57)
2025-07-24 11:07:38 [Test worker] INFO  com.example.springdemo.MemoRepositoryTests -Memo(mno=56, memoText=Sample ... 56)
2025-07-24 11:07:38 [Test worker] INFO  com.example.springdemo.MemoRepositoryTests -Memo(mno=55, memoText=Sample ... 55)
2025-07-24 11:07:38 [Test worker] INFO  com.example.springdemo.MemoRepositoryTests -Memo(mno=54, memoText=Sample ... 54)
2025-07-24 11:07:38 [Test worker] INFO  com.example.springdemo.MemoRepositoryTests -Memo(mno=53, memoText=Sample ... 53)
2025-07-24 11:07:38 [Test worker] INFO  com.example.springdemo.MemoRepositoryTests -Memo(mno=52, memoText=Sample ... 52)
2025-07-24 11:07:38 [Test worker] INFO  com.example.springdemo.MemoRepositoryTests -Memo(mno=51, memoText=Sample ... 51)
2025-07-24 11:07:38 [Test worker] INFO  com.example.springdemo.MemoRepositoryTests -Memo(mno=50, memoText=Sample ... 50)
2025-07-24 11:07:38 [Test worker] INFO  com.example.springdemo.MemoRepositoryTests -Memo(mno=49, memoText=Sample ... 49)
2025-07-24 11:07:38 [Test worker] INFO  com.example.springdemo.MemoRepositoryTests -Memo(mno=48, memoText=Sample ... 48)
2025-07-24 11:07:38 [Test worker] INFO  com.example.springdemo.MemoRepositoryTests -Memo(mno=47, memoText=Sample ... 47)
2025-07-24 11:07:38 [Test worker] INFO  com.example.springdemo.MemoRepositoryTests -Memo(mno=46, memoText=Sample ... 46)
2025-07-24 11:07:38 [Test worker] INFO  com.example.springdemo.MemoRepositoryTests -Memo(mno=45, memoText=Sample ... 45)
2025-07-24 11:07:38 [Test worker] INFO  com.example.springdemo.MemoRepositoryTests -Memo(mno=44, memoText=Sample ... 44)
2025-07-24 11:07:38 [Test worker] INFO  com.example.springdemo.MemoRepositoryTests -Memo(mno=43, memoText=Sample ... 43)
2025-07-24 11:07:38 [Test worker] INFO  com.example.springdemo.MemoRepositoryTests -Memo(mno=42, memoText=Sample ... 42)
2025-07-24 11:07:38 [Test worker] INFO  com.example.springdemo.MemoRepositoryTests -Memo(mno=41, memoText=Sample ... 41)
2025-07-24 11:07:38 [Test worker] INFO  com.example.springdemo.MemoRepositoryTests -Memo(mno=40, memoText=Sample ... 40)
2025-07-24 11:07:38 [Test worker] INFO  com.example.springdemo.MemoRepositoryTests -Memo(mno=39, memoText=Sample ... 39)
2025-07-24 11:07:38 [Test worker] INFO  com.example.springdemo.MemoRepositoryTests -Memo(mno=38, memoText=Sample ... 38)
2025-07-24 11:07:38 [Test worker] INFO  com.example.springdemo.MemoRepositoryTests -Memo(mno=37, memoText=Sample ... 37)
2025-07-24 11:07:38 [Test worker] INFO  com.example.springdemo.MemoRepositoryTests -Memo(mno=36, memoText=Sample ... 36)
2025-07-24 11:07:38 [Test worker] INFO  com.example.springdemo.MemoRepositoryTests -Memo(mno=35, memoText=Sample ... 35)
2025-07-24 11:07:38 [Test worker] INFO  com.example.springdemo.MemoRepositoryTests -Memo(mno=34, memoText=Sample ... 34)
2025-07-24 11:07:38 [Test worker] INFO  com.example.springdemo.MemoRepositoryTests -Memo(mno=33, memoText=Sample ... 33)
2025-07-24 11:07:38 [Test worker] INFO  com.example.springdemo.MemoRepositoryTests -Memo(mno=32, memoText=Sample ... 32)
2025-07-24 11:07:38 [Test worker] INFO  com.example.springdemo.MemoRepositoryTests -Memo(mno=31, memoText=Sample ... 31)
2025-07-24 11:07:38 [Test worker] INFO  com.example.springdemo.MemoRepositoryTests -Memo(mno=30, memoText=Sample ... 30)
2025-07-24 11:07:38 [Test worker] INFO  com.example.springdemo.MemoRepositoryTests -Memo(mno=29, memoText=Sample ... 29)
2025-07-24 11:07:38 [Test worker] INFO  com.example.springdemo.MemoRepositoryTests -Memo(mno=28, memoText=Sample ... 28)
2025-07-24 11:07:38 [Test worker] INFO  com.example.springdemo.MemoRepositoryTests -Memo(mno=27, memoText=Sample ... 27)
2025-07-24 11:07:38 [Test worker] INFO  com.example.springdemo.MemoRepositoryTests -Memo(mno=26, memoText=Sample ... 26)
2025-07-24 11:07:38 [Test worker] INFO  com.example.springdemo.MemoRepositoryTests -Memo(mno=25, memoText=Sample ... 25)
2025-07-24 11:07:38 [Test worker] INFO  com.example.springdemo.MemoRepositoryTests -Memo(mno=24, memoText=Sample ... 24)
2025-07-24 11:07:38 [Test worker] INFO  com.example.springdemo.MemoRepositoryTests -Memo(mno=23, memoText=Sample ... 23)
2025-07-24 11:07:38 [Test worker] INFO  com.example.springdemo.MemoRepositoryTests -Memo(mno=22, memoText=Sample ... 22)
2025-07-24 11:07:38 [Test worker] INFO  com.example.springdemo.MemoRepositoryTests -Memo(mno=21, memoText=Sample ... 21)
2025-07-24 11:07:38 [Test worker] INFO  com.example.springdemo.MemoRepositoryTests -Memo(mno=20, memoText=Sample ... 20)
2025-07-24 11:07:38 [SpringApplicationShutdownHook] INFO  o.s.o.j.LocalContainerEntityManagerFactoryBean -Closing JPA EntityManagerFactory for persistence unit 'default'
2025-07-24 11:07:38 [SpringApplicationShutdownHook] INFO  com.zaxxer.hikari.HikariDataSource -HikariPool-1 - Shutdown initiated...
2025-07-24 11:07:38 [SpringApplicationShutdownHook] INFO  com.zaxxer.hikari.HikariDataSource -HikariPool-1 - Shutdown completed.
