2025-07-24 14:00:27 [background-preinit] INFO  org.hibernate.validator.internal.util.Version -HV000001: Hibernate Validator 8.0.2.Final
2025-07-24 14:00:27 [Test worker] INFO  com.example.springdemo.BoardServiceTests -Starting BoardServiceTests using Java 21.0.7 with PID 23592 (started by campus2H052 in C:\Users\campus2H052\Desktop\spring-demo)
2025-07-24 14:00:27 [Test worker] INFO  com.example.springdemo.BoardServiceTests -No active profile set, falling back to 1 default profile: "default"
2025-07-24 14:00:27 [Test worker] INFO  o.s.d.r.config.RepositoryConfigurationDelegate -Bootstrapping Spring Data JPA repositories in DEFAULT mode.
2025-07-24 14:00:27 [Test worker] INFO  o.s.d.r.config.RepositoryConfigurationDelegate -Finished Spring Data repository scanning in 52 ms. Found 2 JPA repository interfaces.
2025-07-24 14:00:28 [Test worker] INFO  org.hibernate.jpa.internal.util.LogHelper -HHH000204: Processing PersistenceUnitInfo [name: default]
2025-07-24 14:00:28 [Test worker] INFO  org.hibernate.Version -HHH000412: Hibernate ORM core version 6.6.18.Final
2025-07-24 14:00:28 [Test worker] INFO  o.h.cache.internal.RegionFactoryInitiator -HHH000026: Second-level cache disabled
2025-07-24 14:00:28 [Test worker] INFO  o.s.o.j.p.SpringPersistenceUnitInfo -No LoadTimeWeaver setup: ignoring JPA class transformer
2025-07-24 14:00:28 [Test worker] INFO  com.zaxxer.hikari.HikariDataSource -HikariPool-1 - Starting...
2025-07-24 14:00:28 [Test worker] INFO  com.zaxxer.hikari.pool.HikariPool -HikariPool-1 - Added connection com.mysql.cj.jdbc.ConnectionImpl@57920d6c
2025-07-24 14:00:28 [Test worker] INFO  com.zaxxer.hikari.HikariDataSource -HikariPool-1 - Start completed.
2025-07-24 14:00:29 [Test worker] INFO  org.hibernate.orm.connections.pooling -HHH10001005: Database info:
	Database JDBC URL [Connecting through datasource 'HikariDataSource (HikariPool-1)']
	Database driver: undefined/unknown
	Database version: 8.0.42
	Autocommit mode: undefined/unknown
	Isolation level: undefined/unknown
	Minimum pool size: undefined/unknown
	Maximum pool size: undefined/unknown
2025-07-24 14:00:29 [Test worker] INFO  o.h.e.t.j.p.internal.JtaPlatformInitiator -HHH000489: No JTA platform available (set 'hibernate.transaction.jta.platform' to enable JTA platform integration)
2025-07-24 14:00:29 [Test worker] INFO  o.s.o.j.LocalContainerEntityManagerFactoryBean -Initialized JPA EntityManagerFactory for persistence unit 'default'
2025-07-24 14:00:30 [Test worker] WARN  o.s.b.a.o.j.JpaBaseConfiguration$JpaWebConfiguration -spring.jpa.open-in-view is enabled by default. Therefore, database queries may be performed during view rendering. Explicitly configure spring.jpa.open-in-view to disable this warning
2025-07-24 14:00:30 [Test worker] INFO  o.s.b.a.web.servlet.WelcomePageHandlerMapping -Adding welcome page: class path resource [static/index.html]
2025-07-24 14:00:30 [Test worker] INFO  o.s.d.j.repository.query.QueryEnhancerFactory -Hibernate is in classpath; If applicable, HQL parser will be used.
2025-07-24 14:00:31 [Test worker] INFO  com.example.springdemo.BoardServiceTests -Started BoardServiceTests in 4.471 seconds (process running for 5.704)
2025-07-24 14:00:31 [Test worker] INFO  com.example.springdemo.BoardServiceTests -Board(bno=5, title=Test Title1, content=Test Content1, writer=user001, regDate=2025-07-24T13:41:36.556011, hit=0)
2025-07-24 14:00:31 [Test worker] INFO  com.example.springdemo.BoardServiceTests -Board(bno=4, title=Test Title1, content=Test Content1, writer=user001, regDate=2025-07-24T13:38:54.803618, hit=0)
2025-07-24 14:00:31 [Test worker] INFO  com.example.springdemo.BoardServiceTests -Board(bno=3, title=Test Title1, content=Test Content1, writer=user001, regDate=2025-07-24T13:38:35.786741, hit=0)
2025-07-24 14:00:31 [Test worker] INFO  com.example.springdemo.BoardServiceTests -Board(bno=2, title=Test Title1, content=Test Content1, writer=user001, regDate=2025-07-24T13:36:23.135207, hit=0)
2025-07-24 14:00:31 [Test worker] INFO  com.example.springdemo.BoardServiceTests -Board(bno=1, title=Test Title1, content=Test Content1, writer=user001, regDate=2025-07-24T13:07:02.037126, hit=0)
2025-07-24 14:00:32 [Test worker] INFO  com.example.springdemo.entity.BoardService -DTO -------------------------------
2025-07-24 14:00:32 [Test worker] INFO  com.example.springdemo.entity.BoardService -BoardDTO(bno=null, title=Test Title1, content=Test Content1, writer=user001, regDate=null, hit=null)
2025-07-24 14:00:32 [Test worker] INFO  com.example.springdemo.entity.BoardService -Board(bno=null, title=Test Title1, content=Test Content1, writer=user001, regDate=null, hit=0)
2025-07-24 14:00:32 [Test worker] INFO  com.example.springdemo.BoardServiceTests -106
2025-07-24 14:00:32 [Test worker] INFO  o.s.t.c.s.AnnotationConfigContextLoaderUtils -Could not detect default configuration classes for test class [com.example.springdemo.MemoRepositoryTests]: MemoRepositoryTests does not declare any static, non-private, non-final, nested classes annotated with @Configuration.
2025-07-24 14:00:32 [Test worker] INFO  o.s.b.t.c.SpringBootTestContextBootstrapper -Found @SpringBootConfiguration com.example.springdemo.SpringDemoApplication for test class com.example.springdemo.MemoRepositoryTests
2025-07-24 14:00:32 [Test worker] INFO  com.example.springdemo.MemoRepositoryTests -Memo(mno=400, memoText=Sample ... 100)
2025-07-24 14:00:32 [Test worker] INFO  com.example.springdemo.MemoRepositoryTests -Memo(mno=399, memoText=Sample ... 99)
2025-07-24 14:00:32 [Test worker] INFO  com.example.springdemo.MemoRepositoryTests -Memo(mno=398, memoText=Sample ... 98)
2025-07-24 14:00:32 [Test worker] INFO  com.example.springdemo.MemoRepositoryTests -Memo(mno=397, memoText=Sample ... 97)
2025-07-24 14:00:32 [Test worker] INFO  com.example.springdemo.MemoRepositoryTests -Memo(mno=396, memoText=Sample ... 96)
2025-07-24 14:00:32 [Test worker] INFO  com.example.springdemo.MemoRepositoryTests -Memo(mno=395, memoText=Sample ... 95)
2025-07-24 14:00:32 [Test worker] INFO  com.example.springdemo.MemoRepositoryTests -Memo(mno=394, memoText=Sample ... 94)
2025-07-24 14:00:32 [Test worker] INFO  com.example.springdemo.MemoRepositoryTests -Memo(mno=393, memoText=Sample ... 93)
2025-07-24 14:00:32 [Test worker] INFO  com.example.springdemo.MemoRepositoryTests -Memo(mno=392, memoText=Sample ... 92)
2025-07-24 14:00:32 [Test worker] INFO  com.example.springdemo.MemoRepositoryTests -Memo(mno=391, memoText=Sample ... 91)
2025-07-24 14:00:32 [Test worker] INFO  com.example.springdemo.MemoRepositoryTests -Memo(mno=390, memoText=Sample ... 90)
2025-07-24 14:00:32 [Test worker] INFO  com.example.springdemo.MemoRepositoryTests -Memo(mno=389, memoText=Sample ... 89)
2025-07-24 14:00:32 [Test worker] INFO  com.example.springdemo.MemoRepositoryTests -Memo(mno=388, memoText=Sample ... 88)
2025-07-24 14:00:32 [Test worker] INFO  com.example.springdemo.MemoRepositoryTests -Memo(mno=387, memoText=Sample ... 87)
2025-07-24 14:00:32 [Test worker] INFO  com.example.springdemo.MemoRepositoryTests -Memo(mno=386, memoText=Sample ... 86)
2025-07-24 14:00:32 [Test worker] INFO  com.example.springdemo.MemoRepositoryTests -Memo(mno=385, memoText=Sample ... 85)
2025-07-24 14:00:32 [Test worker] INFO  com.example.springdemo.MemoRepositoryTests -Memo(mno=384, memoText=Sample ... 84)
2025-07-24 14:00:32 [Test worker] INFO  com.example.springdemo.MemoRepositoryTests -Memo(mno=383, memoText=Sample ... 83)
2025-07-24 14:00:32 [Test worker] INFO  com.example.springdemo.MemoRepositoryTests -Memo(mno=382, memoText=Sample ... 82)
2025-07-24 14:00:32 [Test worker] INFO  com.example.springdemo.MemoRepositoryTests -Memo(mno=381, memoText=Sample ... 81)
2025-07-24 14:00:32 [Test worker] INFO  com.example.springdemo.MemoRepositoryTests -Memo(mno=380, memoText=Sample ... 80)
2025-07-24 14:00:32 [Test worker] INFO  com.example.springdemo.MemoRepositoryTests -Memo(mno=379, memoText=Sample ... 79)
2025-07-24 14:00:32 [Test worker] INFO  com.example.springdemo.MemoRepositoryTests -Memo(mno=378, memoText=Sample ... 78)
2025-07-24 14:00:32 [Test worker] INFO  com.example.springdemo.MemoRepositoryTests -Memo(mno=377, memoText=Sample ... 77)
2025-07-24 14:00:32 [Test worker] INFO  com.example.springdemo.MemoRepositoryTests -Memo(mno=376, memoText=Sample ... 76)
2025-07-24 14:00:32 [Test worker] INFO  com.example.springdemo.MemoRepositoryTests -Memo(mno=375, memoText=Sample ... 75)
2025-07-24 14:00:32 [Test worker] INFO  com.example.springdemo.MemoRepositoryTests -Memo(mno=374, memoText=Sample ... 74)
2025-07-24 14:00:32 [Test worker] INFO  com.example.springdemo.MemoRepositoryTests -Memo(mno=373, memoText=Sample ... 73)
2025-07-24 14:00:32 [Test worker] INFO  com.example.springdemo.MemoRepositoryTests -Memo(mno=372, memoText=Sample ... 72)
2025-07-24 14:00:32 [Test worker] INFO  com.example.springdemo.MemoRepositoryTests -Memo(mno=371, memoText=Sample ... 71)
2025-07-24 14:00:32 [Test worker] INFO  com.example.springdemo.MemoRepositoryTests -Memo(mno=370, memoText=Sample ... 70)
2025-07-24 14:00:32 [Test worker] INFO  com.example.springdemo.MemoRepositoryTests -Memo(mno=369, memoText=Sample ... 69)
2025-07-24 14:00:32 [Test worker] INFO  com.example.springdemo.MemoRepositoryTests -Memo(mno=368, memoText=Sample ... 68)
2025-07-24 14:00:32 [Test worker] INFO  com.example.springdemo.MemoRepositoryTests -Memo(mno=367, memoText=Sample ... 67)
2025-07-24 14:00:32 [Test worker] INFO  com.example.springdemo.MemoRepositoryTests -Memo(mno=366, memoText=Sample ... 66)
2025-07-24 14:00:32 [Test worker] INFO  com.example.springdemo.MemoRepositoryTests -Memo(mno=365, memoText=Sample ... 65)
2025-07-24 14:00:32 [Test worker] INFO  com.example.springdemo.MemoRepositoryTests -Memo(mno=364, memoText=Sample ... 64)
2025-07-24 14:00:32 [Test worker] INFO  com.example.springdemo.MemoRepositoryTests -Memo(mno=363, memoText=Sample ... 63)
2025-07-24 14:00:32 [Test worker] INFO  com.example.springdemo.MemoRepositoryTests -Memo(mno=362, memoText=Sample ... 62)
2025-07-24 14:00:32 [Test worker] INFO  com.example.springdemo.MemoRepositoryTests -Memo(mno=361, memoText=Sample ... 61)
2025-07-24 14:00:32 [Test worker] INFO  com.example.springdemo.MemoRepositoryTests -Memo(mno=360, memoText=Sample ... 60)
2025-07-24 14:00:32 [Test worker] INFO  com.example.springdemo.MemoRepositoryTests -Memo(mno=359, memoText=Sample ... 59)
2025-07-24 14:00:32 [Test worker] INFO  com.example.springdemo.MemoRepositoryTests -Memo(mno=358, memoText=Sample ... 58)
2025-07-24 14:00:32 [Test worker] INFO  com.example.springdemo.MemoRepositoryTests -Memo(mno=357, memoText=Sample ... 57)
2025-07-24 14:00:32 [Test worker] INFO  com.example.springdemo.MemoRepositoryTests -Memo(mno=356, memoText=Sample ... 56)
2025-07-24 14:00:32 [Test worker] INFO  com.example.springdemo.MemoRepositoryTests -Memo(mno=355, memoText=Sample ... 55)
2025-07-24 14:00:32 [Test worker] INFO  com.example.springdemo.MemoRepositoryTests -Memo(mno=354, memoText=Sample ... 54)
2025-07-24 14:00:32 [Test worker] INFO  com.example.springdemo.MemoRepositoryTests -Memo(mno=353, memoText=Sample ... 53)
2025-07-24 14:00:32 [Test worker] INFO  com.example.springdemo.MemoRepositoryTests -Memo(mno=352, memoText=Sample ... 52)
2025-07-24 14:00:32 [Test worker] INFO  com.example.springdemo.MemoRepositoryTests -Memo(mno=351, memoText=Sample ... 51)
2025-07-24 14:00:32 [Test worker] INFO  com.example.springdemo.MemoRepositoryTests -Memo(mno=350, memoText=Sample ... 50)
2025-07-24 14:00:32 [Test worker] INFO  com.example.springdemo.MemoRepositoryTests -Memo(mno=349, memoText=Sample ... 49)
2025-07-24 14:00:32 [Test worker] INFO  com.example.springdemo.MemoRepositoryTests -Memo(mno=348, memoText=Sample ... 48)
2025-07-24 14:00:32 [Test worker] INFO  com.example.springdemo.MemoRepositoryTests -Memo(mno=347, memoText=Sample ... 47)
2025-07-24 14:00:32 [Test worker] INFO  com.example.springdemo.MemoRepositoryTests -Memo(mno=346, memoText=Sample ... 46)
2025-07-24 14:00:32 [Test worker] INFO  com.example.springdemo.MemoRepositoryTests -Memo(mno=345, memoText=Sample ... 45)
2025-07-24 14:00:32 [Test worker] INFO  com.example.springdemo.MemoRepositoryTests -Memo(mno=344, memoText=Sample ... 44)
2025-07-24 14:00:32 [Test worker] INFO  com.example.springdemo.MemoRepositoryTests -Memo(mno=343, memoText=Sample ... 43)
2025-07-24 14:00:32 [Test worker] INFO  com.example.springdemo.MemoRepositoryTests -Memo(mno=342, memoText=Sample ... 42)
2025-07-24 14:00:32 [Test worker] INFO  com.example.springdemo.MemoRepositoryTests -Memo(mno=341, memoText=Sample ... 41)
2025-07-24 14:00:32 [Test worker] INFO  com.example.springdemo.MemoRepositoryTests -Memo(mno=340, memoText=Sample ... 40)
2025-07-24 14:00:32 [Test worker] INFO  com.example.springdemo.MemoRepositoryTests -Memo(mno=339, memoText=Sample ... 39)
2025-07-24 14:00:32 [Test worker] INFO  com.example.springdemo.MemoRepositoryTests -Memo(mno=338, memoText=Sample ... 38)
2025-07-24 14:00:32 [Test worker] INFO  com.example.springdemo.MemoRepositoryTests -Memo(mno=337, memoText=Sample ... 37)
2025-07-24 14:00:32 [Test worker] INFO  com.example.springdemo.MemoRepositoryTests -Memo(mno=336, memoText=Sample ... 36)
2025-07-24 14:00:32 [Test worker] INFO  com.example.springdemo.MemoRepositoryTests -Memo(mno=335, memoText=Sample ... 35)
2025-07-24 14:00:32 [Test worker] INFO  com.example.springdemo.MemoRepositoryTests -Memo(mno=334, memoText=Sample ... 34)
2025-07-24 14:00:32 [Test worker] INFO  com.example.springdemo.MemoRepositoryTests -Memo(mno=333, memoText=Sample ... 33)
2025-07-24 14:00:32 [Test worker] INFO  com.example.springdemo.MemoRepositoryTests -Memo(mno=332, memoText=Sample ... 32)
2025-07-24 14:00:32 [Test worker] INFO  com.example.springdemo.MemoRepositoryTests -Memo(mno=331, memoText=Sample ... 31)
2025-07-24 14:00:32 [Test worker] INFO  com.example.springdemo.MemoRepositoryTests -Memo(mno=330, memoText=Sample ... 30)
2025-07-24 14:00:32 [Test worker] INFO  com.example.springdemo.MemoRepositoryTests -Memo(mno=329, memoText=Sample ... 29)
2025-07-24 14:00:32 [Test worker] INFO  com.example.springdemo.MemoRepositoryTests -Memo(mno=328, memoText=Sample ... 28)
2025-07-24 14:00:32 [Test worker] INFO  com.example.springdemo.MemoRepositoryTests -Memo(mno=327, memoText=Sample ... 27)
2025-07-24 14:00:32 [Test worker] INFO  com.example.springdemo.MemoRepositoryTests -Memo(mno=326, memoText=Sample ... 26)
2025-07-24 14:00:32 [Test worker] INFO  com.example.springdemo.MemoRepositoryTests -Memo(mno=325, memoText=Sample ... 25)
2025-07-24 14:00:32 [Test worker] INFO  com.example.springdemo.MemoRepositoryTests -Memo(mno=324, memoText=Sample ... 24)
2025-07-24 14:00:32 [Test worker] INFO  com.example.springdemo.MemoRepositoryTests -Memo(mno=323, memoText=Sample ... 23)
2025-07-24 14:00:32 [Test worker] INFO  com.example.springdemo.MemoRepositoryTests -Memo(mno=322, memoText=Sample ... 22)
2025-07-24 14:00:32 [Test worker] INFO  com.example.springdemo.MemoRepositoryTests -Memo(mno=321, memoText=Sample ... 21)
2025-07-24 14:00:32 [Test worker] INFO  com.example.springdemo.MemoRepositoryTests -Memo(mno=320, memoText=Sample ... 20)
2025-07-24 14:00:32 [Test worker] INFO  com.example.springdemo.MemoRepositoryTests -Memo(mno=319, memoText=Sample ... 19)
2025-07-24 14:00:32 [Test worker] INFO  com.example.springdemo.MemoRepositoryTests -Memo(mno=318, memoText=Sample ... 18)
2025-07-24 14:00:32 [Test worker] INFO  com.example.springdemo.MemoRepositoryTests -Memo(mno=317, memoText=Sample ... 17)
2025-07-24 14:00:32 [Test worker] INFO  com.example.springdemo.MemoRepositoryTests -Memo(mno=316, memoText=Sample ... 16)
2025-07-24 14:00:32 [Test worker] INFO  com.example.springdemo.MemoRepositoryTests -Memo(mno=315, memoText=Sample ... 15)
2025-07-24 14:00:32 [Test worker] INFO  com.example.springdemo.MemoRepositoryTests -Memo(mno=314, memoText=Sample ... 14)
2025-07-24 14:00:32 [Test worker] INFO  com.example.springdemo.MemoRepositoryTests -Memo(mno=313, memoText=Sample ... 13)
2025-07-24 14:00:32 [Test worker] INFO  com.example.springdemo.MemoRepositoryTests -Memo(mno=312, memoText=Sample ... 12)
2025-07-24 14:00:32 [Test worker] INFO  com.example.springdemo.MemoRepositoryTests -Memo(mno=311, memoText=Sample ... 11)
2025-07-24 14:00:32 [Test worker] INFO  com.example.springdemo.MemoRepositoryTests -Memo(mno=310, memoText=Sample ... 10)
2025-07-24 14:00:32 [Test worker] INFO  com.example.springdemo.MemoRepositoryTests -Memo(mno=309, memoText=Sample ... 9)
2025-07-24 14:00:32 [Test worker] INFO  com.example.springdemo.MemoRepositoryTests -Memo(mno=308, memoText=Sample ... 8)
2025-07-24 14:00:32 [Test worker] INFO  com.example.springdemo.MemoRepositoryTests -Memo(mno=307, memoText=Sample ... 7)
2025-07-24 14:00:32 [Test worker] INFO  com.example.springdemo.MemoRepositoryTests -Memo(mno=306, memoText=Sample ... 6)
2025-07-24 14:00:32 [Test worker] INFO  com.example.springdemo.MemoRepositoryTests -Memo(mno=305, memoText=Sample ... 5)
2025-07-24 14:00:32 [Test worker] INFO  com.example.springdemo.MemoRepositoryTests -Memo(mno=304, memoText=Sample ... 4)
2025-07-24 14:00:32 [Test worker] INFO  com.example.springdemo.MemoRepositoryTests -Memo(mno=303, memoText=Sample ... 3)
2025-07-24 14:00:32 [Test worker] INFO  com.example.springdemo.MemoRepositoryTests -Memo(mno=302, memoText=Sample ... 2)
2025-07-24 14:00:32 [Test worker] INFO  com.example.springdemo.MemoRepositoryTests -Memo(mno=301, memoText=Sample ... 1)
2025-07-24 14:00:32 [Test worker] INFO  com.example.springdemo.MemoRepositoryTests -Memo(mno=300, memoText=Sample ... 100)
2025-07-24 14:00:32 [Test worker] INFO  com.example.springdemo.MemoRepositoryTests -Memo(mno=299, memoText=Sample ... 99)
2025-07-24 14:00:32 [Test worker] INFO  com.example.springdemo.MemoRepositoryTests -Memo(mno=298, memoText=Sample ... 98)
2025-07-24 14:00:32 [Test worker] INFO  com.example.springdemo.MemoRepositoryTests -Memo(mno=297, memoText=Sample ... 97)
2025-07-24 14:00:32 [Test worker] INFO  com.example.springdemo.MemoRepositoryTests -Memo(mno=296, memoText=Sample ... 96)
2025-07-24 14:00:32 [Test worker] INFO  com.example.springdemo.MemoRepositoryTests -Memo(mno=295, memoText=Sample ... 95)
2025-07-24 14:00:32 [Test worker] INFO  com.example.springdemo.MemoRepositoryTests -Memo(mno=294, memoText=Sample ... 94)
2025-07-24 14:00:32 [Test worker] INFO  com.example.springdemo.MemoRepositoryTests -Memo(mno=293, memoText=Sample ... 93)
2025-07-24 14:00:32 [Test worker] INFO  com.example.springdemo.MemoRepositoryTests -Memo(mno=292, memoText=Sample ... 92)
2025-07-24 14:00:32 [Test worker] INFO  com.example.springdemo.MemoRepositoryTests -Memo(mno=291, memoText=Sample ... 91)
2025-07-24 14:00:32 [Test worker] INFO  com.example.springdemo.MemoRepositoryTests -Memo(mno=290, memoText=Sample ... 90)
2025-07-24 14:00:32 [Test worker] INFO  com.example.springdemo.MemoRepositoryTests -Memo(mno=289, memoText=Sample ... 89)
2025-07-24 14:00:32 [Test worker] INFO  com.example.springdemo.MemoRepositoryTests -Memo(mno=288, memoText=Sample ... 88)
2025-07-24 14:00:32 [Test worker] INFO  com.example.springdemo.MemoRepositoryTests -Memo(mno=287, memoText=Sample ... 87)
2025-07-24 14:00:32 [Test worker] INFO  com.example.springdemo.MemoRepositoryTests -Memo(mno=286, memoText=Sample ... 86)
2025-07-24 14:00:32 [Test worker] INFO  com.example.springdemo.MemoRepositoryTests -Memo(mno=285, memoText=Sample ... 85)
2025-07-24 14:00:32 [Test worker] INFO  com.example.springdemo.MemoRepositoryTests -Memo(mno=284, memoText=Sample ... 84)
2025-07-24 14:00:32 [Test worker] INFO  com.example.springdemo.MemoRepositoryTests -Memo(mno=283, memoText=Sample ... 83)
2025-07-24 14:00:32 [Test worker] INFO  com.example.springdemo.MemoRepositoryTests -Memo(mno=282, memoText=Sample ... 82)
2025-07-24 14:00:32 [Test worker] INFO  com.example.springdemo.MemoRepositoryTests -Memo(mno=281, memoText=Sample ... 81)
2025-07-24 14:00:32 [Test worker] INFO  com.example.springdemo.MemoRepositoryTests -Memo(mno=280, memoText=Sample ... 80)
2025-07-24 14:00:32 [Test worker] INFO  com.example.springdemo.MemoRepositoryTests -Memo(mno=279, memoText=Sample ... 79)
2025-07-24 14:00:32 [Test worker] INFO  com.example.springdemo.MemoRepositoryTests -Memo(mno=278, memoText=Sample ... 78)
2025-07-24 14:00:32 [Test worker] INFO  com.example.springdemo.MemoRepositoryTests -Memo(mno=277, memoText=Sample ... 77)
2025-07-24 14:00:32 [Test worker] INFO  com.example.springdemo.MemoRepositoryTests -Memo(mno=276, memoText=Sample ... 76)
2025-07-24 14:00:32 [Test worker] INFO  com.example.springdemo.MemoRepositoryTests -Memo(mno=275, memoText=Sample ... 75)
2025-07-24 14:00:32 [Test worker] INFO  com.example.springdemo.MemoRepositoryTests -Memo(mno=274, memoText=Sample ... 74)
2025-07-24 14:00:32 [Test worker] INFO  com.example.springdemo.MemoRepositoryTests -Memo(mno=273, memoText=Sample ... 73)
2025-07-24 14:00:32 [Test worker] INFO  com.example.springdemo.MemoRepositoryTests -Memo(mno=272, memoText=Sample ... 72)
2025-07-24 14:00:32 [Test worker] INFO  com.example.springdemo.MemoRepositoryTests -Memo(mno=271, memoText=Sample ... 71)
2025-07-24 14:00:32 [Test worker] INFO  com.example.springdemo.MemoRepositoryTests -Memo(mno=270, memoText=Sample ... 70)
2025-07-24 14:00:32 [Test worker] INFO  com.example.springdemo.MemoRepositoryTests -Memo(mno=269, memoText=Sample ... 69)
2025-07-24 14:00:32 [Test worker] INFO  com.example.springdemo.MemoRepositoryTests -Memo(mno=268, memoText=Sample ... 68)
2025-07-24 14:00:32 [Test worker] INFO  com.example.springdemo.MemoRepositoryTests -Memo(mno=267, memoText=Sample ... 67)
2025-07-24 14:00:32 [Test worker] INFO  com.example.springdemo.MemoRepositoryTests -Memo(mno=266, memoText=Sample ... 66)
2025-07-24 14:00:32 [Test worker] INFO  com.example.springdemo.MemoRepositoryTests -Memo(mno=265, memoText=Sample ... 65)
2025-07-24 14:00:32 [Test worker] INFO  com.example.springdemo.MemoRepositoryTests -Memo(mno=264, memoText=Sample ... 64)
2025-07-24 14:00:32 [Test worker] INFO  com.example.springdemo.MemoRepositoryTests -Memo(mno=263, memoText=Sample ... 63)
2025-07-24 14:00:32 [Test worker] INFO  com.example.springdemo.MemoRepositoryTests -Memo(mno=262, memoText=Sample ... 62)
2025-07-24 14:00:32 [Test worker] INFO  com.example.springdemo.MemoRepositoryTests -Memo(mno=261, memoText=Sample ... 61)
2025-07-24 14:00:32 [Test worker] INFO  com.example.springdemo.MemoRepositoryTests -Memo(mno=260, memoText=Sample ... 60)
2025-07-24 14:00:32 [Test worker] INFO  com.example.springdemo.MemoRepositoryTests -Memo(mno=259, memoText=Sample ... 59)
2025-07-24 14:00:32 [Test worker] INFO  com.example.springdemo.MemoRepositoryTests -Memo(mno=258, memoText=Sample ... 58)
2025-07-24 14:00:32 [Test worker] INFO  com.example.springdemo.MemoRepositoryTests -Memo(mno=257, memoText=Sample ... 57)
2025-07-24 14:00:32 [Test worker] INFO  com.example.springdemo.MemoRepositoryTests -Memo(mno=256, memoText=Sample ... 56)
2025-07-24 14:00:32 [Test worker] INFO  com.example.springdemo.MemoRepositoryTests -Memo(mno=255, memoText=Sample ... 55)
2025-07-24 14:00:32 [Test worker] INFO  com.example.springdemo.MemoRepositoryTests -Memo(mno=254, memoText=Sample ... 54)
2025-07-24 14:00:32 [Test worker] INFO  com.example.springdemo.MemoRepositoryTests -Memo(mno=253, memoText=Sample ... 53)
2025-07-24 14:00:32 [Test worker] INFO  com.example.springdemo.MemoRepositoryTests -Memo(mno=252, memoText=Sample ... 52)
2025-07-24 14:00:32 [Test worker] INFO  com.example.springdemo.MemoRepositoryTests -Memo(mno=251, memoText=Sample ... 51)
2025-07-24 14:00:32 [Test worker] INFO  com.example.springdemo.MemoRepositoryTests -Memo(mno=250, memoText=Sample ... 50)
2025-07-24 14:00:32 [Test worker] INFO  com.example.springdemo.MemoRepositoryTests -Memo(mno=249, memoText=Sample ... 49)
2025-07-24 14:00:32 [Test worker] INFO  com.example.springdemo.MemoRepositoryTests -Memo(mno=248, memoText=Sample ... 48)
2025-07-24 14:00:32 [Test worker] INFO  com.example.springdemo.MemoRepositoryTests -Memo(mno=247, memoText=Sample ... 47)
2025-07-24 14:00:32 [Test worker] INFO  com.example.springdemo.MemoRepositoryTests -Memo(mno=246, memoText=Sample ... 46)
2025-07-24 14:00:32 [Test worker] INFO  com.example.springdemo.MemoRepositoryTests -Memo(mno=245, memoText=Sample ... 45)
2025-07-24 14:00:32 [Test worker] INFO  com.example.springdemo.MemoRepositoryTests -Memo(mno=244, memoText=Sample ... 44)
2025-07-24 14:00:32 [Test worker] INFO  com.example.springdemo.MemoRepositoryTests -Memo(mno=243, memoText=Sample ... 43)
2025-07-24 14:00:32 [Test worker] INFO  com.example.springdemo.MemoRepositoryTests -Memo(mno=242, memoText=Sample ... 42)
2025-07-24 14:00:32 [Test worker] INFO  com.example.springdemo.MemoRepositoryTests -Memo(mno=241, memoText=Sample ... 41)
2025-07-24 14:00:32 [Test worker] INFO  com.example.springdemo.MemoRepositoryTests -Memo(mno=240, memoText=Sample ... 40)
2025-07-24 14:00:32 [Test worker] INFO  com.example.springdemo.MemoRepositoryTests -Memo(mno=239, memoText=Sample ... 39)
2025-07-24 14:00:32 [Test worker] INFO  com.example.springdemo.MemoRepositoryTests -Memo(mno=238, memoText=Sample ... 38)
2025-07-24 14:00:32 [Test worker] INFO  com.example.springdemo.MemoRepositoryTests -Memo(mno=237, memoText=Sample ... 37)
2025-07-24 14:00:32 [Test worker] INFO  com.example.springdemo.MemoRepositoryTests -Memo(mno=236, memoText=Sample ... 36)
2025-07-24 14:00:32 [Test worker] INFO  com.example.springdemo.MemoRepositoryTests -Memo(mno=235, memoText=Sample ... 35)
2025-07-24 14:00:32 [Test worker] INFO  com.example.springdemo.MemoRepositoryTests -Memo(mno=234, memoText=Sample ... 34)
2025-07-24 14:00:32 [Test worker] INFO  com.example.springdemo.MemoRepositoryTests -Memo(mno=233, memoText=Sample ... 33)
2025-07-24 14:00:32 [Test worker] INFO  com.example.springdemo.MemoRepositoryTests -Memo(mno=232, memoText=Sample ... 32)
2025-07-24 14:00:32 [Test worker] INFO  com.example.springdemo.MemoRepositoryTests -Memo(mno=231, memoText=Sample ... 31)
2025-07-24 14:00:32 [Test worker] INFO  com.example.springdemo.MemoRepositoryTests -Memo(mno=230, memoText=Sample ... 30)
2025-07-24 14:00:32 [Test worker] INFO  com.example.springdemo.MemoRepositoryTests -Memo(mno=229, memoText=Sample ... 29)
2025-07-24 14:00:32 [Test worker] INFO  com.example.springdemo.MemoRepositoryTests -Memo(mno=228, memoText=Sample ... 28)
2025-07-24 14:00:32 [Test worker] INFO  com.example.springdemo.MemoRepositoryTests -Memo(mno=227, memoText=Sample ... 27)
2025-07-24 14:00:32 [Test worker] INFO  com.example.springdemo.MemoRepositoryTests -Memo(mno=226, memoText=Sample ... 26)
2025-07-24 14:00:32 [Test worker] INFO  com.example.springdemo.MemoRepositoryTests -Memo(mno=225, memoText=Sample ... 25)
2025-07-24 14:00:32 [Test worker] INFO  com.example.springdemo.MemoRepositoryTests -Memo(mno=224, memoText=Sample ... 24)
2025-07-24 14:00:32 [Test worker] INFO  com.example.springdemo.MemoRepositoryTests -Memo(mno=223, memoText=Sample ... 23)
2025-07-24 14:00:32 [Test worker] INFO  com.example.springdemo.MemoRepositoryTests -Memo(mno=222, memoText=Sample ... 22)
2025-07-24 14:00:32 [Test worker] INFO  com.example.springdemo.MemoRepositoryTests -Memo(mno=221, memoText=Sample ... 21)
2025-07-24 14:00:32 [Test worker] INFO  com.example.springdemo.MemoRepositoryTests -Memo(mno=220, memoText=Sample ... 20)
2025-07-24 14:00:32 [Test worker] INFO  com.example.springdemo.MemoRepositoryTests -Memo(mno=219, memoText=Sample ... 19)
2025-07-24 14:00:32 [Test worker] INFO  com.example.springdemo.MemoRepositoryTests -Memo(mno=218, memoText=Sample ... 18)
2025-07-24 14:00:32 [Test worker] INFO  com.example.springdemo.MemoRepositoryTests -Memo(mno=217, memoText=Sample ... 17)
2025-07-24 14:00:32 [Test worker] INFO  com.example.springdemo.MemoRepositoryTests -Memo(mno=216, memoText=Sample ... 16)
2025-07-24 14:00:32 [Test worker] INFO  com.example.springdemo.MemoRepositoryTests -Memo(mno=215, memoText=Sample ... 15)
2025-07-24 14:00:32 [Test worker] INFO  com.example.springdemo.MemoRepositoryTests -Memo(mno=214, memoText=Sample ... 14)
2025-07-24 14:00:32 [Test worker] INFO  com.example.springdemo.MemoRepositoryTests -Memo(mno=213, memoText=Sample ... 13)
2025-07-24 14:00:32 [Test worker] INFO  com.example.springdemo.MemoRepositoryTests -Memo(mno=212, memoText=Sample ... 12)
2025-07-24 14:00:32 [Test worker] INFO  com.example.springdemo.MemoRepositoryTests -Memo(mno=211, memoText=Sample ... 11)
2025-07-24 14:00:32 [Test worker] INFO  com.example.springdemo.MemoRepositoryTests -Memo(mno=210, memoText=Sample ... 10)
2025-07-24 14:00:32 [Test worker] INFO  com.example.springdemo.MemoRepositoryTests -Memo(mno=209, memoText=Sample ... 9)
2025-07-24 14:00:32 [Test worker] INFO  com.example.springdemo.MemoRepositoryTests -Memo(mno=208, memoText=Sample ... 8)
2025-07-24 14:00:32 [Test worker] INFO  com.example.springdemo.MemoRepositoryTests -Memo(mno=207, memoText=Sample ... 7)
2025-07-24 14:00:32 [Test worker] INFO  com.example.springdemo.MemoRepositoryTests -Memo(mno=206, memoText=Sample ... 6)
2025-07-24 14:00:32 [Test worker] INFO  com.example.springdemo.MemoRepositoryTests -Memo(mno=205, memoText=Sample ... 5)
2025-07-24 14:00:32 [Test worker] INFO  com.example.springdemo.MemoRepositoryTests -Memo(mno=204, memoText=Sample ... 4)
2025-07-24 14:00:32 [Test worker] INFO  com.example.springdemo.MemoRepositoryTests -Memo(mno=203, memoText=Sample ... 3)
2025-07-24 14:00:32 [Test worker] INFO  com.example.springdemo.MemoRepositoryTests -Memo(mno=202, memoText=Sample ... 2)
2025-07-24 14:00:32 [Test worker] INFO  com.example.springdemo.MemoRepositoryTests -Memo(mno=201, memoText=Sample ... 1)
2025-07-24 14:00:32 [Test worker] INFO  com.example.springdemo.MemoRepositoryTests -Memo(mno=200, memoText=Sample ... 100)
2025-07-24 14:00:32 [Test worker] INFO  com.example.springdemo.MemoRepositoryTests -Memo(mno=199, memoText=Sample ... 99)
2025-07-24 14:00:32 [Test worker] INFO  com.example.springdemo.MemoRepositoryTests -Memo(mno=198, memoText=Sample ... 98)
2025-07-24 14:00:32 [Test worker] INFO  com.example.springdemo.MemoRepositoryTests -Memo(mno=197, memoText=Sample ... 97)
2025-07-24 14:00:32 [Test worker] INFO  com.example.springdemo.MemoRepositoryTests -Memo(mno=196, memoText=Sample ... 96)
2025-07-24 14:00:32 [Test worker] INFO  com.example.springdemo.MemoRepositoryTests -Memo(mno=195, memoText=Sample ... 95)
2025-07-24 14:00:32 [Test worker] INFO  com.example.springdemo.MemoRepositoryTests -Memo(mno=194, memoText=Sample ... 94)
2025-07-24 14:00:32 [Test worker] INFO  com.example.springdemo.MemoRepositoryTests -Memo(mno=193, memoText=Sample ... 93)
2025-07-24 14:00:32 [Test worker] INFO  com.example.springdemo.MemoRepositoryTests -Memo(mno=192, memoText=Sample ... 92)
2025-07-24 14:00:32 [Test worker] INFO  com.example.springdemo.MemoRepositoryTests -Memo(mno=191, memoText=Sample ... 91)
2025-07-24 14:00:32 [Test worker] INFO  com.example.springdemo.MemoRepositoryTests -Memo(mno=190, memoText=Sample ... 90)
2025-07-24 14:00:32 [Test worker] INFO  com.example.springdemo.MemoRepositoryTests -Memo(mno=189, memoText=Sample ... 89)
2025-07-24 14:00:32 [Test worker] INFO  com.example.springdemo.MemoRepositoryTests -Memo(mno=188, memoText=Sample ... 88)
2025-07-24 14:00:32 [Test worker] INFO  com.example.springdemo.MemoRepositoryTests -Memo(mno=187, memoText=Sample ... 87)
2025-07-24 14:00:32 [Test worker] INFO  com.example.springdemo.MemoRepositoryTests -Memo(mno=186, memoText=Sample ... 86)
2025-07-24 14:00:32 [Test worker] INFO  com.example.springdemo.MemoRepositoryTests -Memo(mno=185, memoText=Sample ... 85)
2025-07-24 14:00:32 [Test worker] INFO  com.example.springdemo.MemoRepositoryTests -Memo(mno=184, memoText=Sample ... 84)
2025-07-24 14:00:32 [Test worker] INFO  com.example.springdemo.MemoRepositoryTests -Memo(mno=183, memoText=Sample ... 83)
2025-07-24 14:00:32 [Test worker] INFO  com.example.springdemo.MemoRepositoryTests -Memo(mno=182, memoText=Sample ... 82)
2025-07-24 14:00:32 [Test worker] INFO  com.example.springdemo.MemoRepositoryTests -Memo(mno=181, memoText=Sample ... 81)
2025-07-24 14:00:32 [Test worker] INFO  com.example.springdemo.MemoRepositoryTests -Memo(mno=180, memoText=Sample ... 80)
2025-07-24 14:00:32 [Test worker] INFO  com.example.springdemo.MemoRepositoryTests -Memo(mno=179, memoText=Sample ... 79)
2025-07-24 14:00:32 [Test worker] INFO  com.example.springdemo.MemoRepositoryTests -Memo(mno=178, memoText=Sample ... 78)
2025-07-24 14:00:32 [Test worker] INFO  com.example.springdemo.MemoRepositoryTests -Memo(mno=177, memoText=Sample ... 77)
2025-07-24 14:00:32 [Test worker] INFO  com.example.springdemo.MemoRepositoryTests -Memo(mno=176, memoText=Sample ... 76)
2025-07-24 14:00:32 [Test worker] INFO  com.example.springdemo.MemoRepositoryTests -Memo(mno=175, memoText=Sample ... 75)
2025-07-24 14:00:32 [Test worker] INFO  com.example.springdemo.MemoRepositoryTests -Memo(mno=174, memoText=Sample ... 74)
2025-07-24 14:00:32 [Test worker] INFO  com.example.springdemo.MemoRepositoryTests -Memo(mno=173, memoText=Sample ... 73)
2025-07-24 14:00:32 [Test worker] INFO  com.example.springdemo.MemoRepositoryTests -Memo(mno=172, memoText=Sample ... 72)
2025-07-24 14:00:32 [Test worker] INFO  com.example.springdemo.MemoRepositoryTests -Memo(mno=171, memoText=Sample ... 71)
2025-07-24 14:00:32 [Test worker] INFO  com.example.springdemo.MemoRepositoryTests -Memo(mno=170, memoText=Sample ... 70)
2025-07-24 14:00:32 [Test worker] INFO  com.example.springdemo.MemoRepositoryTests -Memo(mno=169, memoText=Sample ... 69)
2025-07-24 14:00:32 [Test worker] INFO  com.example.springdemo.MemoRepositoryTests -Memo(mno=168, memoText=Sample ... 68)
2025-07-24 14:00:32 [Test worker] INFO  com.example.springdemo.MemoRepositoryTests -Memo(mno=167, memoText=Sample ... 67)
2025-07-24 14:00:32 [Test worker] INFO  com.example.springdemo.MemoRepositoryTests -Memo(mno=166, memoText=Sample ... 66)
2025-07-24 14:00:32 [Test worker] INFO  com.example.springdemo.MemoRepositoryTests -Memo(mno=165, memoText=Sample ... 65)
2025-07-24 14:00:32 [Test worker] INFO  com.example.springdemo.MemoRepositoryTests -Memo(mno=164, memoText=Sample ... 64)
2025-07-24 14:00:32 [Test worker] INFO  com.example.springdemo.MemoRepositoryTests -Memo(mno=163, memoText=Sample ... 63)
2025-07-24 14:00:32 [Test worker] INFO  com.example.springdemo.MemoRepositoryTests -Memo(mno=162, memoText=Sample ... 62)
2025-07-24 14:00:32 [Test worker] INFO  com.example.springdemo.MemoRepositoryTests -Memo(mno=161, memoText=Sample ... 61)
2025-07-24 14:00:32 [Test worker] INFO  com.example.springdemo.MemoRepositoryTests -Memo(mno=160, memoText=Sample ... 60)
2025-07-24 14:00:32 [Test worker] INFO  com.example.springdemo.MemoRepositoryTests -Memo(mno=159, memoText=Sample ... 59)
2025-07-24 14:00:32 [Test worker] INFO  com.example.springdemo.MemoRepositoryTests -Memo(mno=158, memoText=Sample ... 58)
2025-07-24 14:00:32 [Test worker] INFO  com.example.springdemo.MemoRepositoryTests -Memo(mno=157, memoText=Sample ... 57)
2025-07-24 14:00:32 [Test worker] INFO  com.example.springdemo.MemoRepositoryTests -Memo(mno=156, memoText=Sample ... 56)
2025-07-24 14:00:32 [Test worker] INFO  com.example.springdemo.MemoRepositoryTests -Memo(mno=155, memoText=Sample ... 55)
2025-07-24 14:00:32 [Test worker] INFO  com.example.springdemo.MemoRepositoryTests -Memo(mno=154, memoText=Sample ... 54)
2025-07-24 14:00:32 [Test worker] INFO  com.example.springdemo.MemoRepositoryTests -Memo(mno=153, memoText=Sample ... 53)
2025-07-24 14:00:32 [Test worker] INFO  com.example.springdemo.MemoRepositoryTests -Memo(mno=152, memoText=Sample ... 52)
2025-07-24 14:00:32 [Test worker] INFO  com.example.springdemo.MemoRepositoryTests -Memo(mno=151, memoText=Sample ... 51)
2025-07-24 14:00:32 [Test worker] INFO  com.example.springdemo.MemoRepositoryTests -Memo(mno=150, memoText=Sample ... 50)
2025-07-24 14:00:32 [Test worker] INFO  com.example.springdemo.MemoRepositoryTests -Memo(mno=149, memoText=Sample ... 49)
2025-07-24 14:00:32 [Test worker] INFO  com.example.springdemo.MemoRepositoryTests -Memo(mno=148, memoText=Sample ... 48)
2025-07-24 14:00:32 [Test worker] INFO  com.example.springdemo.MemoRepositoryTests -Memo(mno=147, memoText=Sample ... 47)
2025-07-24 14:00:32 [Test worker] INFO  com.example.springdemo.MemoRepositoryTests -Memo(mno=146, memoText=Sample ... 46)
2025-07-24 14:00:32 [Test worker] INFO  com.example.springdemo.MemoRepositoryTests -Memo(mno=145, memoText=Sample ... 45)
2025-07-24 14:00:32 [Test worker] INFO  com.example.springdemo.MemoRepositoryTests -Memo(mno=144, memoText=Sample ... 44)
2025-07-24 14:00:32 [Test worker] INFO  com.example.springdemo.MemoRepositoryTests -Memo(mno=143, memoText=Sample ... 43)
2025-07-24 14:00:32 [Test worker] INFO  com.example.springdemo.MemoRepositoryTests -Memo(mno=142, memoText=Sample ... 42)
2025-07-24 14:00:32 [Test worker] INFO  com.example.springdemo.MemoRepositoryTests -Memo(mno=141, memoText=Sample ... 41)
2025-07-24 14:00:32 [Test worker] INFO  com.example.springdemo.MemoRepositoryTests -Memo(mno=140, memoText=Sample ... 40)
2025-07-24 14:00:32 [Test worker] INFO  com.example.springdemo.MemoRepositoryTests -Memo(mno=139, memoText=Sample ... 39)
2025-07-24 14:00:32 [Test worker] INFO  com.example.springdemo.MemoRepositoryTests -Memo(mno=138, memoText=Sample ... 38)
2025-07-24 14:00:32 [Test worker] INFO  com.example.springdemo.MemoRepositoryTests -Memo(mno=137, memoText=Sample ... 37)
2025-07-24 14:00:32 [Test worker] INFO  com.example.springdemo.MemoRepositoryTests -Memo(mno=136, memoText=Sample ... 36)
2025-07-24 14:00:32 [Test worker] INFO  com.example.springdemo.MemoRepositoryTests -Memo(mno=135, memoText=Sample ... 35)
2025-07-24 14:00:32 [Test worker] INFO  com.example.springdemo.MemoRepositoryTests -Memo(mno=134, memoText=Sample ... 34)
2025-07-24 14:00:32 [Test worker] INFO  com.example.springdemo.MemoRepositoryTests -Memo(mno=133, memoText=Sample ... 33)
2025-07-24 14:00:32 [Test worker] INFO  com.example.springdemo.MemoRepositoryTests -Memo(mno=132, memoText=Sample ... 32)
2025-07-24 14:00:32 [Test worker] INFO  com.example.springdemo.MemoRepositoryTests -Memo(mno=131, memoText=Sample ... 31)
2025-07-24 14:00:32 [Test worker] INFO  com.example.springdemo.MemoRepositoryTests -Memo(mno=130, memoText=Sample ... 30)
2025-07-24 14:00:32 [Test worker] INFO  com.example.springdemo.MemoRepositoryTests -Memo(mno=129, memoText=Sample ... 29)
2025-07-24 14:00:32 [Test worker] INFO  com.example.springdemo.MemoRepositoryTests -Memo(mno=128, memoText=Sample ... 28)
2025-07-24 14:00:32 [Test worker] INFO  com.example.springdemo.MemoRepositoryTests -Memo(mno=127, memoText=Sample ... 27)
2025-07-24 14:00:32 [Test worker] INFO  com.example.springdemo.MemoRepositoryTests -Memo(mno=126, memoText=Sample ... 26)
2025-07-24 14:00:32 [Test worker] INFO  com.example.springdemo.MemoRepositoryTests -Memo(mno=125, memoText=Sample ... 25)
2025-07-24 14:00:32 [Test worker] INFO  com.example.springdemo.MemoRepositoryTests -Memo(mno=124, memoText=Sample ... 24)
2025-07-24 14:00:32 [Test worker] INFO  com.example.springdemo.MemoRepositoryTests -Memo(mno=123, memoText=Sample ... 23)
2025-07-24 14:00:32 [Test worker] INFO  com.example.springdemo.MemoRepositoryTests -Memo(mno=122, memoText=Sample ... 22)
2025-07-24 14:00:32 [Test worker] INFO  com.example.springdemo.MemoRepositoryTests -Memo(mno=121, memoText=Sample ... 21)
2025-07-24 14:00:32 [Test worker] INFO  com.example.springdemo.MemoRepositoryTests -Memo(mno=120, memoText=Sample ... 20)
2025-07-24 14:00:32 [Test worker] INFO  com.example.springdemo.MemoRepositoryTests -Memo(mno=119, memoText=Sample ... 19)
2025-07-24 14:00:32 [Test worker] INFO  com.example.springdemo.MemoRepositoryTests -Memo(mno=118, memoText=Sample ... 18)
2025-07-24 14:00:32 [Test worker] INFO  com.example.springdemo.MemoRepositoryTests -Memo(mno=117, memoText=Sample ... 17)
2025-07-24 14:00:32 [Test worker] INFO  com.example.springdemo.MemoRepositoryTests -Memo(mno=116, memoText=Sample ... 16)
2025-07-24 14:00:32 [Test worker] INFO  com.example.springdemo.MemoRepositoryTests -Memo(mno=115, memoText=Sample ... 15)
2025-07-24 14:00:32 [Test worker] INFO  com.example.springdemo.MemoRepositoryTests -Memo(mno=114, memoText=Sample ... 14)
2025-07-24 14:00:32 [Test worker] INFO  com.example.springdemo.MemoRepositoryTests -Memo(mno=113, memoText=Sample ... 13)
2025-07-24 14:00:32 [Test worker] INFO  com.example.springdemo.MemoRepositoryTests -Memo(mno=112, memoText=Sample ... 12)
2025-07-24 14:00:32 [Test worker] INFO  com.example.springdemo.MemoRepositoryTests -Memo(mno=111, memoText=Sample ... 11)
2025-07-24 14:00:32 [Test worker] INFO  com.example.springdemo.MemoRepositoryTests -Memo(mno=110, memoText=Sample ... 10)
2025-07-24 14:00:32 [Test worker] INFO  com.example.springdemo.MemoRepositoryTests -Memo(mno=109, memoText=Sample ... 9)
2025-07-24 14:00:32 [Test worker] INFO  com.example.springdemo.MemoRepositoryTests -Memo(mno=108, memoText=Sample ... 8)
2025-07-24 14:00:32 [Test worker] INFO  com.example.springdemo.MemoRepositoryTests -Memo(mno=107, memoText=Sample ... 7)
2025-07-24 14:00:32 [Test worker] INFO  com.example.springdemo.MemoRepositoryTests -Memo(mno=106, memoText=Sample ... 6)
2025-07-24 14:00:32 [Test worker] INFO  com.example.springdemo.MemoRepositoryTests -Memo(mno=105, memoText=Sample ... 5)
2025-07-24 14:00:32 [Test worker] INFO  com.example.springdemo.MemoRepositoryTests -Memo(mno=104, memoText=Sample ... 4)
2025-07-24 14:00:32 [Test worker] INFO  com.example.springdemo.MemoRepositoryTests -Memo(mno=103, memoText=Sample ... 3)
2025-07-24 14:00:32 [Test worker] INFO  com.example.springdemo.MemoRepositoryTests -Memo(mno=102, memoText=Sample ... 2)
2025-07-24 14:00:32 [Test worker] INFO  com.example.springdemo.MemoRepositoryTests -Memo(mno=101, memoText=Sample ... 1)
2025-07-24 14:00:32 [Test worker] INFO  com.example.springdemo.MemoRepositoryTests -Memo(mno=100, memoText=Sample ... 100)
2025-07-24 14:00:32 [Test worker] INFO  com.example.springdemo.MemoRepositoryTests -Memo(mno=99, memoText=Sample ... 99)
2025-07-24 14:00:32 [Test worker] INFO  com.example.springdemo.MemoRepositoryTests -Memo(mno=98, memoText=Sample ... 98)
2025-07-24 14:00:32 [Test worker] INFO  com.example.springdemo.MemoRepositoryTests -Memo(mno=97, memoText=Sample ... 97)
2025-07-24 14:00:32 [Test worker] INFO  com.example.springdemo.MemoRepositoryTests -Memo(mno=96, memoText=Sample ... 96)
2025-07-24 14:00:32 [Test worker] INFO  com.example.springdemo.MemoRepositoryTests -Memo(mno=95, memoText=Sample ... 95)
2025-07-24 14:00:32 [Test worker] INFO  com.example.springdemo.MemoRepositoryTests -Memo(mno=94, memoText=Sample ... 94)
2025-07-24 14:00:32 [Test worker] INFO  com.example.springdemo.MemoRepositoryTests -Memo(mno=93, memoText=Sample ... 93)
2025-07-24 14:00:32 [Test worker] INFO  com.example.springdemo.MemoRepositoryTests -Memo(mno=92, memoText=Sample ... 92)
2025-07-24 14:00:32 [Test worker] INFO  com.example.springdemo.MemoRepositoryTests -Memo(mno=91, memoText=Sample ... 91)
2025-07-24 14:00:32 [Test worker] INFO  com.example.springdemo.MemoRepositoryTests -Memo(mno=90, memoText=Sample ... 90)
2025-07-24 14:00:32 [Test worker] INFO  com.example.springdemo.MemoRepositoryTests -Memo(mno=89, memoText=Sample ... 89)
2025-07-24 14:00:32 [Test worker] INFO  com.example.springdemo.MemoRepositoryTests -Memo(mno=88, memoText=Sample ... 88)
2025-07-24 14:00:32 [Test worker] INFO  com.example.springdemo.MemoRepositoryTests -Memo(mno=87, memoText=Sample ... 87)
2025-07-24 14:00:32 [Test worker] INFO  com.example.springdemo.MemoRepositoryTests -Memo(mno=86, memoText=Sample ... 86)
2025-07-24 14:00:32 [Test worker] INFO  com.example.springdemo.MemoRepositoryTests -Memo(mno=85, memoText=Sample ... 85)
2025-07-24 14:00:32 [Test worker] INFO  com.example.springdemo.MemoRepositoryTests -Memo(mno=84, memoText=Sample ... 84)
2025-07-24 14:00:32 [Test worker] INFO  com.example.springdemo.MemoRepositoryTests -Memo(mno=83, memoText=Sample ... 83)
2025-07-24 14:00:32 [Test worker] INFO  com.example.springdemo.MemoRepositoryTests -Memo(mno=82, memoText=Sample ... 82)
2025-07-24 14:00:32 [Test worker] INFO  com.example.springdemo.MemoRepositoryTests -Memo(mno=81, memoText=Sample ... 81)
2025-07-24 14:00:32 [Test worker] INFO  com.example.springdemo.MemoRepositoryTests -Memo(mno=80, memoText=Sample ... 80)
2025-07-24 14:00:32 [Test worker] INFO  com.example.springdemo.MemoRepositoryTests -Memo(mno=79, memoText=Sample ... 79)
2025-07-24 14:00:32 [Test worker] INFO  com.example.springdemo.MemoRepositoryTests -Memo(mno=78, memoText=Sample ... 78)
2025-07-24 14:00:32 [Test worker] INFO  com.example.springdemo.MemoRepositoryTests -Memo(mno=77, memoText=Sample ... 77)
2025-07-24 14:00:32 [Test worker] INFO  com.example.springdemo.MemoRepositoryTests -Memo(mno=76, memoText=Sample ... 76)
2025-07-24 14:00:32 [Test worker] INFO  com.example.springdemo.MemoRepositoryTests -Memo(mno=75, memoText=Sample ... 75)
2025-07-24 14:00:32 [Test worker] INFO  com.example.springdemo.MemoRepositoryTests -Memo(mno=74, memoText=Sample ... 74)
2025-07-24 14:00:32 [Test worker] INFO  com.example.springdemo.MemoRepositoryTests -Memo(mno=73, memoText=Sample ... 73)
2025-07-24 14:00:32 [Test worker] INFO  com.example.springdemo.MemoRepositoryTests -Memo(mno=72, memoText=Sample ... 72)
2025-07-24 14:00:32 [Test worker] INFO  com.example.springdemo.MemoRepositoryTests -Memo(mno=71, memoText=Sample ... 71)
2025-07-24 14:00:32 [Test worker] INFO  com.example.springdemo.MemoRepositoryTests -Memo(mno=70, memoText=Sample ... 70)
2025-07-24 14:00:32 [Test worker] INFO  com.example.springdemo.MemoRepositoryTests -Memo(mno=69, memoText=Sample ... 69)
2025-07-24 14:00:32 [Test worker] INFO  com.example.springdemo.MemoRepositoryTests -Memo(mno=68, memoText=Sample ... 68)
2025-07-24 14:00:32 [Test worker] INFO  com.example.springdemo.MemoRepositoryTests -Memo(mno=67, memoText=Sample ... 67)
2025-07-24 14:00:32 [Test worker] INFO  com.example.springdemo.MemoRepositoryTests -Memo(mno=66, memoText=Sample ... 66)
2025-07-24 14:00:32 [Test worker] INFO  com.example.springdemo.MemoRepositoryTests -Memo(mno=65, memoText=Sample ... 65)
2025-07-24 14:00:32 [Test worker] INFO  com.example.springdemo.MemoRepositoryTests -Memo(mno=64, memoText=Sample ... 64)
2025-07-24 14:00:32 [Test worker] INFO  com.example.springdemo.MemoRepositoryTests -Memo(mno=63, memoText=Sample ... 63)
2025-07-24 14:00:32 [Test worker] INFO  com.example.springdemo.MemoRepositoryTests -Memo(mno=62, memoText=Sample ... 62)
2025-07-24 14:00:32 [Test worker] INFO  com.example.springdemo.MemoRepositoryTests -Memo(mno=61, memoText=Sample ... 61)
2025-07-24 14:00:32 [Test worker] INFO  com.example.springdemo.MemoRepositoryTests -Memo(mno=60, memoText=Sample ... 60)
2025-07-24 14:00:32 [Test worker] INFO  com.example.springdemo.MemoRepositoryTests -Memo(mno=59, memoText=Sample ... 59)
2025-07-24 14:00:32 [Test worker] INFO  com.example.springdemo.MemoRepositoryTests -Memo(mno=58, memoText=Sample ... 58)
2025-07-24 14:00:32 [Test worker] INFO  com.example.springdemo.MemoRepositoryTests -Memo(mno=57, memoText=Sample ... 57)
2025-07-24 14:00:32 [Test worker] INFO  com.example.springdemo.MemoRepositoryTests -Memo(mno=56, memoText=Sample ... 56)
2025-07-24 14:00:32 [Test worker] INFO  com.example.springdemo.MemoRepositoryTests -Memo(mno=55, memoText=Sample ... 55)
2025-07-24 14:00:32 [Test worker] INFO  com.example.springdemo.MemoRepositoryTests -Memo(mno=54, memoText=Sample ... 54)
2025-07-24 14:00:32 [Test worker] INFO  com.example.springdemo.MemoRepositoryTests -Memo(mno=53, memoText=Sample ... 53)
2025-07-24 14:00:32 [Test worker] INFO  com.example.springdemo.MemoRepositoryTests -Memo(mno=52, memoText=Sample ... 52)
2025-07-24 14:00:32 [Test worker] INFO  com.example.springdemo.MemoRepositoryTests -Memo(mno=51, memoText=Sample ... 51)
2025-07-24 14:00:32 [Test worker] INFO  com.example.springdemo.MemoRepositoryTests -Memo(mno=50, memoText=Sample ... 50)
2025-07-24 14:00:32 [Test worker] INFO  com.example.springdemo.MemoRepositoryTests -Memo(mno=49, memoText=Sample ... 49)
2025-07-24 14:00:32 [Test worker] INFO  com.example.springdemo.MemoRepositoryTests -Memo(mno=48, memoText=Sample ... 48)
2025-07-24 14:00:32 [Test worker] INFO  com.example.springdemo.MemoRepositoryTests -Memo(mno=47, memoText=Sample ... 47)
2025-07-24 14:00:32 [Test worker] INFO  com.example.springdemo.MemoRepositoryTests -Memo(mno=46, memoText=Sample ... 46)
2025-07-24 14:00:32 [Test worker] INFO  com.example.springdemo.MemoRepositoryTests -Memo(mno=45, memoText=Sample ... 45)
2025-07-24 14:00:32 [Test worker] INFO  com.example.springdemo.MemoRepositoryTests -Memo(mno=44, memoText=Sample ... 44)
2025-07-24 14:00:32 [Test worker] INFO  com.example.springdemo.MemoRepositoryTests -Memo(mno=43, memoText=Sample ... 43)
2025-07-24 14:00:32 [Test worker] INFO  com.example.springdemo.MemoRepositoryTests -Memo(mno=42, memoText=Sample ... 42)
2025-07-24 14:00:32 [Test worker] INFO  com.example.springdemo.MemoRepositoryTests -Memo(mno=41, memoText=Sample ... 41)
2025-07-24 14:00:32 [Test worker] INFO  com.example.springdemo.MemoRepositoryTests -Memo(mno=40, memoText=Sample ... 40)
2025-07-24 14:00:32 [Test worker] INFO  com.example.springdemo.MemoRepositoryTests -Memo(mno=39, memoText=Sample ... 39)
2025-07-24 14:00:32 [Test worker] INFO  com.example.springdemo.MemoRepositoryTests -Memo(mno=38, memoText=Sample ... 38)
2025-07-24 14:00:32 [Test worker] INFO  com.example.springdemo.MemoRepositoryTests -Memo(mno=37, memoText=Sample ... 37)
2025-07-24 14:00:32 [Test worker] INFO  com.example.springdemo.MemoRepositoryTests -Memo(mno=36, memoText=Sample ... 36)
2025-07-24 14:00:32 [Test worker] INFO  com.example.springdemo.MemoRepositoryTests -Memo(mno=35, memoText=Sample ... 35)
2025-07-24 14:00:32 [Test worker] INFO  com.example.springdemo.MemoRepositoryTests -Memo(mno=34, memoText=Sample ... 34)
2025-07-24 14:00:32 [Test worker] INFO  com.example.springdemo.MemoRepositoryTests -Memo(mno=33, memoText=Sample ... 33)
2025-07-24 14:00:32 [Test worker] INFO  com.example.springdemo.MemoRepositoryTests -Memo(mno=32, memoText=Sample ... 32)
2025-07-24 14:00:32 [Test worker] INFO  com.example.springdemo.MemoRepositoryTests -Memo(mno=31, memoText=Sample ... 31)
2025-07-24 14:00:32 [Test worker] INFO  com.example.springdemo.MemoRepositoryTests -Memo(mno=30, memoText=Sample ... 30)
2025-07-24 14:00:32 [Test worker] INFO  com.example.springdemo.MemoRepositoryTests -Memo(mno=29, memoText=Sample ... 29)
2025-07-24 14:00:32 [Test worker] INFO  com.example.springdemo.MemoRepositoryTests -Memo(mno=28, memoText=Sample ... 28)
2025-07-24 14:00:32 [Test worker] INFO  com.example.springdemo.MemoRepositoryTests -Memo(mno=27, memoText=Sample ... 27)
2025-07-24 14:00:32 [Test worker] INFO  com.example.springdemo.MemoRepositoryTests -Memo(mno=26, memoText=Sample ... 26)
2025-07-24 14:00:32 [Test worker] INFO  com.example.springdemo.MemoRepositoryTests -Memo(mno=25, memoText=Sample ... 25)
2025-07-24 14:00:32 [Test worker] INFO  com.example.springdemo.MemoRepositoryTests -Memo(mno=24, memoText=Sample ... 24)
2025-07-24 14:00:32 [Test worker] INFO  com.example.springdemo.MemoRepositoryTests -Memo(mno=23, memoText=Sample ... 23)
2025-07-24 14:00:32 [Test worker] INFO  com.example.springdemo.MemoRepositoryTests -Memo(mno=22, memoText=Sample ... 22)
2025-07-24 14:00:32 [Test worker] INFO  com.example.springdemo.MemoRepositoryTests -Memo(mno=21, memoText=Sample ... 21)
2025-07-24 14:00:32 [Test worker] INFO  com.example.springdemo.MemoRepositoryTests -Memo(mno=20, memoText=Sample ... 20)
2025-07-24 14:00:32 [Test worker] INFO  com.example.springdemo.MemoRepositoryTests -jdk.proxy3.$Proxy156
2025-07-24 14:00:32 [Test worker] INFO  com.example.springdemo.MemoRepositoryTests -Memo(mno=21, memoText=Sample ... 21)
2025-07-24 14:00:32 [Test worker] INFO  com.example.springdemo.MemoRepositoryTests -Memo(mno=31, memoText=Sample ... 31)
2025-07-24 14:00:32 [Test worker] INFO  com.example.springdemo.MemoRepositoryTests -Memo(mno=41, memoText=Sample ... 41)
2025-07-24 14:00:32 [Test worker] INFO  com.example.springdemo.MemoRepositoryTests -Memo(mno=51, memoText=Sample ... 51)
2025-07-24 14:00:32 [Test worker] INFO  com.example.springdemo.MemoRepositoryTests -Memo(mno=61, memoText=Sample ... 61)
2025-07-24 14:00:32 [Test worker] INFO  com.example.springdemo.MemoRepositoryTests -Memo(mno=71, memoText=Sample ... 71)
2025-07-24 14:00:32 [Test worker] INFO  com.example.springdemo.MemoRepositoryTests -Memo(mno=81, memoText=Sample ... 81)
2025-07-24 14:00:32 [Test worker] INFO  com.example.springdemo.MemoRepositoryTests -Memo(mno=91, memoText=Sample ... 91)
2025-07-24 14:00:32 [Test worker] INFO  com.example.springdemo.MemoRepositoryTests -Memo(mno=100, memoText=Sample ... 100)
2025-07-24 14:00:32 [Test worker] INFO  com.example.springdemo.MemoRepositoryTests -Memo(mno=101, memoText=Sample ... 1)
2025-07-24 14:00:32 [Test worker] INFO  com.example.springdemo.MemoRepositoryTests -Memo(mno=110, memoText=Sample ... 10)
2025-07-24 14:00:32 [Test worker] INFO  com.example.springdemo.MemoRepositoryTests -Memo(mno=111, memoText=Sample ... 11)
2025-07-24 14:00:32 [Test worker] INFO  com.example.springdemo.MemoRepositoryTests -Memo(mno=112, memoText=Sample ... 12)
2025-07-24 14:00:32 [Test worker] INFO  com.example.springdemo.MemoRepositoryTests -Memo(mno=113, memoText=Sample ... 13)
2025-07-24 14:00:32 [Test worker] INFO  com.example.springdemo.MemoRepositoryTests -Memo(mno=114, memoText=Sample ... 14)
2025-07-24 14:00:32 [Test worker] INFO  com.example.springdemo.MemoRepositoryTests -Memo(mno=115, memoText=Sample ... 15)
2025-07-24 14:00:32 [Test worker] INFO  com.example.springdemo.MemoRepositoryTests -Memo(mno=116, memoText=Sample ... 16)
2025-07-24 14:00:32 [Test worker] INFO  com.example.springdemo.MemoRepositoryTests -Memo(mno=117, memoText=Sample ... 17)
2025-07-24 14:00:32 [Test worker] INFO  com.example.springdemo.MemoRepositoryTests -Memo(mno=118, memoText=Sample ... 18)
2025-07-24 14:00:32 [Test worker] INFO  com.example.springdemo.MemoRepositoryTests -Memo(mno=119, memoText=Sample ... 19)
2025-07-24 14:00:32 [Test worker] INFO  com.example.springdemo.MemoRepositoryTests -Memo(mno=121, memoText=Sample ... 21)
2025-07-24 14:00:32 [Test worker] INFO  com.example.springdemo.MemoRepositoryTests -Memo(mno=131, memoText=Sample ... 31)
2025-07-24 14:00:32 [Test worker] INFO  com.example.springdemo.MemoRepositoryTests -Memo(mno=141, memoText=Sample ... 41)
2025-07-24 14:00:32 [Test worker] INFO  com.example.springdemo.MemoRepositoryTests -Memo(mno=151, memoText=Sample ... 51)
2025-07-24 14:00:32 [Test worker] INFO  com.example.springdemo.MemoRepositoryTests -Memo(mno=161, memoText=Sample ... 61)
2025-07-24 14:00:32 [Test worker] INFO  com.example.springdemo.MemoRepositoryTests -Memo(mno=171, memoText=Sample ... 71)
2025-07-24 14:00:32 [Test worker] INFO  com.example.springdemo.MemoRepositoryTests -Memo(mno=181, memoText=Sample ... 81)
2025-07-24 14:00:32 [Test worker] INFO  com.example.springdemo.MemoRepositoryTests -Memo(mno=191, memoText=Sample ... 91)
2025-07-24 14:00:32 [Test worker] INFO  com.example.springdemo.MemoRepositoryTests -Memo(mno=200, memoText=Sample ... 100)
2025-07-24 14:00:32 [Test worker] INFO  com.example.springdemo.MemoRepositoryTests -Memo(mno=201, memoText=Sample ... 1)
2025-07-24 14:00:32 [Test worker] INFO  com.example.springdemo.MemoRepositoryTests -Memo(mno=210, memoText=Sample ... 10)
2025-07-24 14:00:32 [Test worker] INFO  com.example.springdemo.MemoRepositoryTests -Memo(mno=211, memoText=Sample ... 11)
2025-07-24 14:00:32 [Test worker] INFO  com.example.springdemo.MemoRepositoryTests -Memo(mno=212, memoText=Sample ... 12)
2025-07-24 14:00:32 [Test worker] INFO  com.example.springdemo.MemoRepositoryTests -Memo(mno=213, memoText=Sample ... 13)
2025-07-24 14:00:32 [Test worker] INFO  com.example.springdemo.MemoRepositoryTests -Memo(mno=214, memoText=Sample ... 14)
2025-07-24 14:00:32 [Test worker] INFO  com.example.springdemo.MemoRepositoryTests -Memo(mno=215, memoText=Sample ... 15)
2025-07-24 14:00:32 [Test worker] INFO  com.example.springdemo.MemoRepositoryTests -Memo(mno=216, memoText=Sample ... 16)
2025-07-24 14:00:32 [Test worker] INFO  com.example.springdemo.MemoRepositoryTests -Memo(mno=217, memoText=Sample ... 17)
2025-07-24 14:00:32 [Test worker] INFO  com.example.springdemo.MemoRepositoryTests -Memo(mno=218, memoText=Sample ... 18)
2025-07-24 14:00:32 [Test worker] INFO  com.example.springdemo.MemoRepositoryTests -Memo(mno=219, memoText=Sample ... 19)
2025-07-24 14:00:32 [Test worker] INFO  com.example.springdemo.MemoRepositoryTests -Memo(mno=221, memoText=Sample ... 21)
2025-07-24 14:00:32 [Test worker] INFO  com.example.springdemo.MemoRepositoryTests -Memo(mno=231, memoText=Sample ... 31)
2025-07-24 14:00:32 [Test worker] INFO  com.example.springdemo.MemoRepositoryTests -Memo(mno=241, memoText=Sample ... 41)
2025-07-24 14:00:32 [Test worker] INFO  com.example.springdemo.MemoRepositoryTests -Memo(mno=251, memoText=Sample ... 51)
2025-07-24 14:00:32 [Test worker] INFO  com.example.springdemo.MemoRepositoryTests -Memo(mno=261, memoText=Sample ... 61)
2025-07-24 14:00:32 [Test worker] INFO  com.example.springdemo.MemoRepositoryTests -Memo(mno=271, memoText=Sample ... 71)
2025-07-24 14:00:32 [Test worker] INFO  com.example.springdemo.MemoRepositoryTests -Memo(mno=281, memoText=Sample ... 81)
2025-07-24 14:00:32 [Test worker] INFO  com.example.springdemo.MemoRepositoryTests -Memo(mno=291, memoText=Sample ... 91)
2025-07-24 14:00:32 [Test worker] INFO  com.example.springdemo.MemoRepositoryTests -Memo(mno=300, memoText=Sample ... 100)
2025-07-24 14:00:32 [Test worker] INFO  com.example.springdemo.MemoRepositoryTests -Memo(mno=301, memoText=Sample ... 1)
2025-07-24 14:00:32 [Test worker] INFO  com.example.springdemo.MemoRepositoryTests -Memo(mno=310, memoText=Sample ... 10)
2025-07-24 14:00:32 [Test worker] INFO  com.example.springdemo.MemoRepositoryTests -Memo(mno=311, memoText=Sample ... 11)
2025-07-24 14:00:32 [Test worker] INFO  com.example.springdemo.MemoRepositoryTests -Memo(mno=312, memoText=Sample ... 12)
2025-07-24 14:00:32 [Test worker] INFO  com.example.springdemo.MemoRepositoryTests -Memo(mno=313, memoText=Sample ... 13)
2025-07-24 14:00:32 [Test worker] INFO  com.example.springdemo.MemoRepositoryTests -Memo(mno=314, memoText=Sample ... 14)
2025-07-24 14:00:32 [Test worker] INFO  com.example.springdemo.MemoRepositoryTests -Memo(mno=315, memoText=Sample ... 15)
2025-07-24 14:00:32 [Test worker] INFO  com.example.springdemo.MemoRepositoryTests -Memo(mno=316, memoText=Sample ... 16)
2025-07-24 14:00:32 [Test worker] INFO  com.example.springdemo.MemoRepositoryTests -Memo(mno=317, memoText=Sample ... 17)
2025-07-24 14:00:32 [Test worker] INFO  com.example.springdemo.MemoRepositoryTests -Memo(mno=318, memoText=Sample ... 18)
2025-07-24 14:00:32 [Test worker] INFO  com.example.springdemo.MemoRepositoryTests -Memo(mno=319, memoText=Sample ... 19)
2025-07-24 14:00:32 [Test worker] INFO  com.example.springdemo.MemoRepositoryTests -Memo(mno=321, memoText=Sample ... 21)
2025-07-24 14:00:32 [Test worker] INFO  com.example.springdemo.MemoRepositoryTests -Memo(mno=331, memoText=Sample ... 31)
2025-07-24 14:00:32 [Test worker] INFO  com.example.springdemo.MemoRepositoryTests -Memo(mno=341, memoText=Sample ... 41)
2025-07-24 14:00:32 [Test worker] INFO  com.example.springdemo.MemoRepositoryTests -Memo(mno=351, memoText=Sample ... 51)
2025-07-24 14:00:32 [Test worker] INFO  com.example.springdemo.MemoRepositoryTests -Memo(mno=361, memoText=Sample ... 61)
2025-07-24 14:00:32 [Test worker] INFO  com.example.springdemo.MemoRepositoryTests -Memo(mno=371, memoText=Sample ... 71)
2025-07-24 14:00:32 [Test worker] INFO  com.example.springdemo.MemoRepositoryTests -Memo(mno=381, memoText=Sample ... 81)
2025-07-24 14:00:32 [Test worker] INFO  com.example.springdemo.MemoRepositoryTests -Memo(mno=391, memoText=Sample ... 91)
2025-07-24 14:00:32 [Test worker] INFO  com.example.springdemo.MemoRepositoryTests -Memo(mno=400, memoText=Sample ... 100)
2025-07-24 14:00:32 [Test worker] INFO  com.example.springdemo.MemoRepositoryTests -Memo(mno=400, memoText=Sample ... 100)
2025-07-24 14:00:32 [Test worker] INFO  com.example.springdemo.MemoRepositoryTests -Memo(mno=399, memoText=Sample ... 99)
2025-07-24 14:00:32 [Test worker] INFO  com.example.springdemo.MemoRepositoryTests -Memo(mno=398, memoText=Sample ... 98)
2025-07-24 14:00:32 [Test worker] INFO  com.example.springdemo.MemoRepositoryTests -Memo(mno=397, memoText=Sample ... 97)
2025-07-24 14:00:32 [Test worker] INFO  com.example.springdemo.MemoRepositoryTests -Memo(mno=396, memoText=Sample ... 96)
2025-07-24 14:00:32 [Test worker] INFO  com.example.springdemo.MemoRepositoryTests -Memo(mno=395, memoText=Sample ... 95)
2025-07-24 14:00:32 [Test worker] INFO  com.example.springdemo.MemoRepositoryTests -Memo(mno=394, memoText=Sample ... 94)
2025-07-24 14:00:32 [Test worker] INFO  com.example.springdemo.MemoRepositoryTests -Memo(mno=393, memoText=Sample ... 93)
2025-07-24 14:00:32 [Test worker] INFO  com.example.springdemo.MemoRepositoryTests -Memo(mno=392, memoText=Sample ... 92)
2025-07-24 14:00:32 [Test worker] INFO  com.example.springdemo.MemoRepositoryTests -Memo(mno=391, memoText=Sample ... 91)
2025-07-24 14:00:33 [Test worker] INFO  com.example.springdemo.MemoRepositoryTests -Memo(mno=80, memoText=Sample ... 80)
2025-07-24 14:00:33 [Test worker] INFO  com.example.springdemo.MemoRepositoryTests -Memo(mno=79, memoText=Sample ... 79)
2025-07-24 14:00:33 [Test worker] INFO  com.example.springdemo.MemoRepositoryTests -Memo(mno=78, memoText=Sample ... 78)
2025-07-24 14:00:33 [Test worker] INFO  com.example.springdemo.MemoRepositoryTests -Memo(mno=77, memoText=Sample ... 77)
2025-07-24 14:00:33 [Test worker] INFO  com.example.springdemo.MemoRepositoryTests -Memo(mno=76, memoText=Sample ... 76)
2025-07-24 14:00:33 [Test worker] INFO  com.example.springdemo.MemoRepositoryTests -Memo(mno=75, memoText=Sample ... 75)
2025-07-24 14:00:33 [Test worker] INFO  com.example.springdemo.MemoRepositoryTests -Memo(mno=74, memoText=Sample ... 74)
2025-07-24 14:00:33 [Test worker] INFO  com.example.springdemo.MemoRepositoryTests -Memo(mno=73, memoText=Sample ... 73)
2025-07-24 14:00:33 [Test worker] INFO  com.example.springdemo.MemoRepositoryTests -Memo(mno=72, memoText=Sample ... 72)
2025-07-24 14:00:33 [Test worker] INFO  com.example.springdemo.MemoRepositoryTests -Memo(mno=71, memoText=Sample ... 71)
2025-07-24 14:00:33 [Test worker] INFO  com.example.springdemo.MemoRepositoryTests -Memo(mno=70, memoText=Sample ... 70)
2025-07-24 14:00:33 [Test worker] INFO  com.example.springdemo.MemoRepositoryTests -Page 1 of 97 containing com.example.springdemo.entity.Memo instances
2025-07-24 14:00:33 [Test worker] INFO  com.example.springdemo.MemoRepositoryTests -Page 1 of 97 containing com.example.springdemo.entity.Memo instances
2025-07-24 14:00:33 [Test worker] INFO  com.example.springdemo.MemoRepositoryTests -------------------------------------------------------
2025-07-24 14:00:33 [Test worker] INFO  com.example.springdemo.MemoRepositoryTests -Total Pages: 97
2025-07-24 14:00:33 [Test worker] INFO  com.example.springdemo.MemoRepositoryTests -Total count: 481
2025-07-24 14:00:33 [Test worker] INFO  com.example.springdemo.MemoRepositoryTests -Page Number: 0
2025-07-24 14:00:33 [Test worker] INFO  com.example.springdemo.MemoRepositoryTests -Page Size: 5
2025-07-24 14:00:33 [Test worker] INFO  com.example.springdemo.MemoRepositoryTests -has Next Page?: true
2025-07-24 14:00:33 [Test worker] INFO  com.example.springdemo.MemoRepositoryTests -first Page?: true
2025-07-24 14:00:33 [Test worker] INFO  com.example.springdemo.MemoRepositoryTests -Memo(mno=50, memoText=Sample ... 50)
2025-07-24 14:00:33 [Test worker] INFO  com.example.springdemo.MemoRepositoryTests -Memo(mno=49, memoText=Sample ... 49)
2025-07-24 14:00:33 [Test worker] INFO  com.example.springdemo.MemoRepositoryTests -Memo(mno=48, memoText=Sample ... 48)
2025-07-24 14:00:33 [Test worker] INFO  com.example.springdemo.MemoRepositoryTests -Memo(mno=47, memoText=Sample ... 47)
2025-07-24 14:00:33 [Test worker] INFO  com.example.springdemo.MemoRepositoryTests -Memo(mno=46, memoText=Sample ... 46)
2025-07-24 14:00:33 [Test worker] INFO  com.example.springdemo.MemoRepositoryTests -Memo(mno=45, memoText=Sample ... 45)
2025-07-24 14:00:33 [Test worker] INFO  com.example.springdemo.MemoRepositoryTests -Memo(mno=44, memoText=Sample ... 44)
2025-07-24 14:00:33 [Test worker] INFO  com.example.springdemo.MemoRepositoryTests -Memo(mno=43, memoText=Sample ... 43)
2025-07-24 14:00:33 [Test worker] INFO  com.example.springdemo.MemoRepositoryTests -Memo(mno=42, memoText=Sample ... 42)
2025-07-24 14:00:33 [Test worker] INFO  com.example.springdemo.MemoRepositoryTests -Memo(mno=41, memoText=Sample ... 41)
2025-07-24 14:00:33 [Test worker] INFO  com.example.springdemo.MemoRepositoryTests -======================================================
2025-07-24 14:00:33 [Test worker] INFO  o.s.t.c.s.AnnotationConfigContextLoaderUtils -Could not detect default configuration classes for test class [com.example.springdemo.ProductControllerTest]: ProductControllerTest does not declare any static, non-private, non-final, nested classes annotated with @Configuration.
2025-07-24 14:00:33 [Test worker] INFO  o.s.b.t.c.SpringBootTestContextBootstrapper -Found @SpringBootConfiguration com.example.springdemo.SpringDemoApplication for test class com.example.springdemo.ProductControllerTest
2025-07-24 14:00:33 [Test worker] INFO  com.example.springdemo.ProductControllerTest -Starting ProductControllerTest using Java 21.0.7 with PID 23592 (started by campus2H052 in C:\Users\campus2H052\Desktop\spring-demo)
2025-07-24 14:00:33 [Test worker] INFO  com.example.springdemo.ProductControllerTest -No active profile set, falling back to 1 default profile: "default"
2025-07-24 14:00:33 [Test worker] INFO  o.s.d.r.config.RepositoryConfigurationDelegate -Bootstrapping Spring Data JPA repositories in DEFAULT mode.
2025-07-24 14:00:33 [Test worker] INFO  o.s.d.r.config.RepositoryConfigurationDelegate -Finished Spring Data repository scanning in 9 ms. Found 2 JPA repository interfaces.
2025-07-24 14:00:33 [Test worker] INFO  org.hibernate.jpa.internal.util.LogHelper -HHH000204: Processing PersistenceUnitInfo [name: default]
2025-07-24 14:00:33 [Test worker] INFO  o.h.cache.internal.RegionFactoryInitiator -HHH000026: Second-level cache disabled
2025-07-24 14:00:33 [Test worker] INFO  o.s.o.j.p.SpringPersistenceUnitInfo -No LoadTimeWeaver setup: ignoring JPA class transformer
2025-07-24 14:00:33 [Test worker] INFO  com.zaxxer.hikari.HikariDataSource -HikariPool-2 - Starting...
2025-07-24 14:00:33 [Test worker] INFO  com.zaxxer.hikari.pool.HikariPool -HikariPool-2 - Added connection com.mysql.cj.jdbc.ConnectionImpl@f054e29
2025-07-24 14:00:33 [Test worker] INFO  com.zaxxer.hikari.HikariDataSource -HikariPool-2 - Start completed.
2025-07-24 14:00:33 [Test worker] INFO  org.hibernate.orm.connections.pooling -HHH10001005: Database info:
	Database JDBC URL [Connecting through datasource 'HikariDataSource (HikariPool-2)']
	Database driver: undefined/unknown
	Database version: 8.0.42
	Autocommit mode: undefined/unknown
	Isolation level: undefined/unknown
	Minimum pool size: undefined/unknown
	Maximum pool size: undefined/unknown
2025-07-24 14:00:33 [Test worker] INFO  o.h.e.t.j.p.internal.JtaPlatformInitiator -HHH000489: No JTA platform available (set 'hibernate.transaction.jta.platform' to enable JTA platform integration)
2025-07-24 14:00:33 [Test worker] INFO  o.s.o.j.LocalContainerEntityManagerFactoryBean -Initialized JPA EntityManagerFactory for persistence unit 'default'
2025-07-24 14:00:33 [Test worker] WARN  o.s.b.a.o.j.JpaBaseConfiguration$JpaWebConfiguration -spring.jpa.open-in-view is enabled by default. Therefore, database queries may be performed during view rendering. Explicitly configure spring.jpa.open-in-view to disable this warning
2025-07-24 14:00:33 [Test worker] INFO  o.s.b.a.web.servlet.WelcomePageHandlerMapping -Adding welcome page: class path resource [static/index.html]
2025-07-24 14:00:33 [Test worker] INFO  o.s.b.t.mock.web.SpringBootMockServletContext -Initializing Spring TestDispatcherServlet ''
2025-07-24 14:00:33 [Test worker] INFO  o.s.test.web.servlet.TestDispatcherServlet -Initializing Servlet ''
2025-07-24 14:00:33 [Test worker] INFO  o.s.test.web.servlet.TestDispatcherServlet -Completed initialization in 1 ms
2025-07-24 14:00:33 [Test worker] INFO  com.example.springdemo.ProductControllerTest -Started ProductControllerTest in 0.584 seconds (process running for 8.206)
2025-07-24 14:00:33 [Test worker] WARN  o.s.w.s.m.s.DefaultHandlerExceptionResolver -Resolved [org.springframework.web.bind.MethodArgumentNotValidException: Validation failed for argument [0] in public java.lang.String com.example.springdemo.controller.ProductController.create(com.example.springdemo.entity.Product): [Field error in object 'product' on field 'name': rejected value []; codes [NotBlank.product.name,NotBlank.name,NotBlank.java.lang.String,NotBlank]; arguments [org.springframework.context.support.DefaultMessageSourceResolvable: codes [product.name,name]; arguments []; default message [name]]; default message [must not be blank]] ]
2025-07-24 14:00:33 [Test worker] INFO  o.s.t.c.s.AnnotationConfigContextLoaderUtils -Could not detect default configuration classes for test class [com.example.springdemo.SpringDemoApplicationTests]: SpringDemoApplicationTests does not declare any static, non-private, non-final, nested classes annotated with @Configuration.
2025-07-24 14:00:33 [Test worker] INFO  o.s.b.t.c.SpringBootTestContextBootstrapper -Found @SpringBootConfiguration com.example.springdemo.SpringDemoApplication for test class com.example.springdemo.SpringDemoApplicationTests
2025-07-24 14:00:33 [Test worker] INFO  c.e.springdemo.SpringDemoApplicationTests -contextLoad.............
2025-07-24 14:00:34 [SpringApplicationShutdownHook] INFO  o.s.o.j.LocalContainerEntityManagerFactoryBean -Closing JPA EntityManagerFactory for persistence unit 'default'
2025-07-24 14:00:34 [SpringApplicationShutdownHook] INFO  com.zaxxer.hikari.HikariDataSource -HikariPool-1 - Shutdown initiated...
2025-07-24 14:00:34 [SpringApplicationShutdownHook] INFO  com.zaxxer.hikari.HikariDataSource -HikariPool-1 - Shutdown completed.
2025-07-24 14:00:34 [SpringApplicationShutdownHook] INFO  o.s.o.j.LocalContainerEntityManagerFactoryBean -Closing JPA EntityManagerFactory for persistence unit 'default'
2025-07-24 14:00:34 [SpringApplicationShutdownHook] INFO  com.zaxxer.hikari.HikariDataSource -HikariPool-2 - Shutdown initiated...
2025-07-24 14:00:34 [SpringApplicationShutdownHook] INFO  com.zaxxer.hikari.HikariDataSource -HikariPool-2 - Shutdown completed.
2025-07-24 14:00:59 [background-preinit] INFO  org.hibernate.validator.internal.util.Version -HV000001: Hibernate Validator 8.0.2.Final
2025-07-24 14:00:59 [restartedMain] INFO  com.example.springdemo.SpringDemoApplication -Starting SpringDemoApplication using Java 21.0.7 with PID 25524 (C:\Users\campus2H052\Desktop\spring-demo\build\classes\java\main started by campus2H052 in C:\Users\campus2H052\Desktop\spring-demo)
2025-07-24 14:00:59 [restartedMain] INFO  com.example.springdemo.SpringDemoApplication -No active profile set, falling back to 1 default profile: "default"
2025-07-24 14:00:59 [restartedMain] INFO  o.s.b.d.e.DevToolsPropertyDefaultsPostProcessor -Devtools property defaults active! Set 'spring.devtools.add-properties' to 'false' to disable
2025-07-24 14:00:59 [restartedMain] INFO  o.s.b.d.e.DevToolsPropertyDefaultsPostProcessor -For additional web related logging consider setting the 'logging.level.web' property to 'DEBUG'
