2025-07-29 14:19:40 [File Watcher] INFO  o.s.b.d.a.LocalDevToolsAutoConfiguration$RestartingClassPathChangeChangedEventListener Restarting due to 1 class path change (0 additions, 1 deletion, 0 modifications)
2025-07-29 14:19:40 [Thread-7] INFO  o.s.boot.web.embedded.tomcat.GracefulShutdown Commencing graceful shutdown. Waiting for active requests to complete
2025-07-29 14:19:40 [tomcat-shutdown] INFO  org.apache.coyote.http11.Http11NioProtocol Pausing ProtocolHandler ["http-nio-8080"]
2025-07-29 14:19:40 [tomcat-shutdown] INFO  o.s.boot.web.embedded.tomcat.GracefulShutdown Graceful shutdown complete
2025-07-29 14:19:40 [Thread-7] INFO  org.apache.coyote.http11.Http11NioProtocol Stopping ProtocolHandler ["http-nio-8080"]
2025-07-29 14:19:41 [Thread-7] INFO  o.s.o.j.LocalContainerEntityManagerFactoryBean Closing JPA EntityManagerFactory for persistence unit 'default'
2025-07-29 14:19:41 [Thread-7] INFO  com.zaxxer.hikari.HikariDataSource HikariPool-2 - Shutdown initiated...
2025-07-29 14:19:41 [Thread-7] INFO  com.zaxxer.hikari.HikariDataSource HikariPool-2 - Shutdown completed.
2025-07-29 14:19:41 [restartedMain] INFO  com.example.springdemo.SpringDemoApplication Starting SpringDemoApplication using Java 21.0.7 with PID 8568 (C:\Users\campus2H052\Desktop\spring-demo\build\classes\java\main started by campus2H052 in C:\Users\campus2H052\Desktop\spring-demo)
2025-07-29 14:19:41 [restartedMain] INFO  com.example.springdemo.SpringDemoApplication No active profile set, falling back to 1 default profile: "default"
2025-07-29 14:19:41 [restartedMain] INFO  o.s.d.r.config.RepositoryConfigurationDelegate Bootstrapping Spring Data JPA repositories in DEFAULT mode.
2025-07-29 14:19:41 [restartedMain] INFO  o.s.d.r.config.RepositoryConfigurationDelegate Finished Spring Data repository scanning in 17 ms. Found 4 JPA repository interfaces.
2025-07-29 14:19:41 [restartedMain] INFO  o.s.boot.web.embedded.tomcat.TomcatWebServer Tomcat initialized with port 8080 (http)
2025-07-29 14:19:41 [restartedMain] INFO  org.apache.coyote.http11.Http11NioProtocol Initializing ProtocolHandler ["http-nio-8080"]
2025-07-29 14:19:41 [restartedMain] INFO  org.apache.catalina.core.StandardService Starting service [Tomcat]
2025-07-29 14:19:41 [restartedMain] INFO  org.apache.catalina.core.StandardEngine Starting Servlet engine: [Apache Tomcat/10.1.42]
2025-07-29 14:19:41 [restartedMain] INFO  o.a.c.c.ContainerBase.[Tomcat].[localhost].[/] Initializing Spring embedded WebApplicationContext
2025-07-29 14:19:41 [restartedMain] INFO  o.s.b.w.s.c.ServletWebServerApplicationContext Root WebApplicationContext: initialization completed in 388 ms
2025-07-29 14:19:41 [restartedMain] INFO  org.hibernate.jpa.internal.util.LogHelper HHH000204: Processing PersistenceUnitInfo [name: default]
2025-07-29 14:19:41 [restartedMain] INFO  o.h.cache.internal.RegionFactoryInitiator HHH000026: Second-level cache disabled
2025-07-29 14:19:41 [restartedMain] INFO  o.s.o.j.p.SpringPersistenceUnitInfo No LoadTimeWeaver setup: ignoring JPA class transformer
2025-07-29 14:19:41 [restartedMain] INFO  com.zaxxer.hikari.HikariDataSource HikariPool-3 - Starting...
2025-07-29 14:19:41 [restartedMain] INFO  com.zaxxer.hikari.pool.HikariPool HikariPool-3 - Added connection com.mysql.cj.jdbc.ConnectionImpl@147bfb31
2025-07-29 14:19:41 [restartedMain] INFO  com.zaxxer.hikari.HikariDataSource HikariPool-3 - Start completed.
2025-07-29 14:19:41 [restartedMain] INFO  org.hibernate.orm.connections.pooling HHH10001005: Database info:
	Database JDBC URL [Connecting through datasource 'HikariDataSource (HikariPool-3)']
	Database driver: undefined/unknown
	Database version: 8.0.42
	Autocommit mode: undefined/unknown
	Isolation level: undefined/unknown
	Minimum pool size: undefined/unknown
	Maximum pool size: undefined/unknown
2025-07-29 14:19:41 [restartedMain] INFO  o.h.e.t.j.p.internal.JtaPlatformInitiator HHH000489: No JTA platform available (set 'hibernate.transaction.jta.platform' to enable JTA platform integration)
2025-07-29 14:19:41 [restartedMain] INFO  o.s.o.j.LocalContainerEntityManagerFactoryBean Initialized JPA EntityManagerFactory for persistence unit 'default'
2025-07-29 14:19:41 [restartedMain] WARN  o.s.b.a.o.j.JpaBaseConfiguration$JpaWebConfiguration spring.jpa.open-in-view is enabled by default. Therefore, database queries may be performed during view rendering. Explicitly configure spring.jpa.open-in-view to disable this warning
2025-07-29 14:19:42 [restartedMain] INFO  o.s.b.a.web.servlet.WelcomePageHandlerMapping Adding welcome page: class path resource [static/index.html]
2025-07-29 14:19:42 [restartedMain] INFO  o.s.b.d.autoconfigure.OptionalLiveReloadServer LiveReload server is running on port 35729
2025-07-29 14:19:42 [restartedMain] INFO  org.apache.coyote.http11.Http11NioProtocol Starting ProtocolHandler ["http-nio-8080"]
2025-07-29 14:19:42 [restartedMain] INFO  o.s.boot.web.embedded.tomcat.TomcatWebServer Tomcat started on port 8080 (http) with context path '/'
2025-07-29 14:19:42 [restartedMain] INFO  com.example.springdemo.SpringDemoApplication Started SpringDemoApplication in 1.064 seconds (process running for 1200.281)
2025-07-29 14:19:42 [restartedMain] INFO  o.s.b.d.a.ConditionEvaluationDeltaLoggingListener Condition evaluation unchanged
2025-07-29 14:19:43 [File Watcher] INFO  o.s.b.d.a.LocalDevToolsAutoConfiguration$RestartingClassPathChangeChangedEventListener Restarting due to 1 class path change (1 addition, 0 deletions, 0 modifications)
2025-07-29 14:19:43 [Thread-11] INFO  o.s.boot.web.embedded.tomcat.GracefulShutdown Commencing graceful shutdown. Waiting for active requests to complete
2025-07-29 14:19:43 [tomcat-shutdown] INFO  org.apache.coyote.http11.Http11NioProtocol Pausing ProtocolHandler ["http-nio-8080"]
2025-07-29 14:19:43 [tomcat-shutdown] INFO  o.s.boot.web.embedded.tomcat.GracefulShutdown Graceful shutdown complete
2025-07-29 14:19:43 [Thread-11] INFO  org.apache.coyote.http11.Http11NioProtocol Stopping ProtocolHandler ["http-nio-8080"]
2025-07-29 14:19:43 [Thread-11] INFO  o.s.o.j.LocalContainerEntityManagerFactoryBean Closing JPA EntityManagerFactory for persistence unit 'default'
2025-07-29 14:19:43 [Thread-11] INFO  com.zaxxer.hikari.HikariDataSource HikariPool-3 - Shutdown initiated...
2025-07-29 14:19:43 [Thread-11] INFO  com.zaxxer.hikari.HikariDataSource HikariPool-3 - Shutdown completed.
2025-07-29 14:19:43 [restartedMain] INFO  com.example.springdemo.SpringDemoApplication Starting SpringDemoApplication using Java 21.0.7 with PID 8568 (C:\Users\campus2H052\Desktop\spring-demo\build\classes\java\main started by campus2H052 in C:\Users\campus2H052\Desktop\spring-demo)
2025-07-29 14:19:43 [restartedMain] INFO  com.example.springdemo.SpringDemoApplication No active profile set, falling back to 1 default profile: "default"
2025-07-29 14:19:43 [restartedMain] INFO  o.s.d.r.config.RepositoryConfigurationDelegate Bootstrapping Spring Data JPA repositories in DEFAULT mode.
2025-07-29 14:19:43 [restartedMain] INFO  o.s.d.r.config.RepositoryConfigurationDelegate Finished Spring Data repository scanning in 13 ms. Found 4 JPA repository interfaces.
2025-07-29 14:19:43 [restartedMain] INFO  o.s.boot.web.embedded.tomcat.TomcatWebServer Tomcat initialized with port 8080 (http)
2025-07-29 14:19:43 [restartedMain] INFO  org.apache.coyote.http11.Http11NioProtocol Initializing ProtocolHandler ["http-nio-8080"]
2025-07-29 14:19:43 [restartedMain] INFO  org.apache.catalina.core.StandardService Starting service [Tomcat]
2025-07-29 14:19:43 [restartedMain] INFO  org.apache.catalina.core.StandardEngine Starting Servlet engine: [Apache Tomcat/10.1.42]
2025-07-29 14:19:43 [restartedMain] INFO  o.a.c.c.ContainerBase.[Tomcat].[localhost].[/] Initializing Spring embedded WebApplicationContext
2025-07-29 14:19:43 [restartedMain] INFO  o.s.b.w.s.c.ServletWebServerApplicationContext Root WebApplicationContext: initialization completed in 279 ms
2025-07-29 14:19:43 [restartedMain] INFO  org.hibernate.jpa.internal.util.LogHelper HHH000204: Processing PersistenceUnitInfo [name: default]
2025-07-29 14:19:43 [restartedMain] INFO  o.h.cache.internal.RegionFactoryInitiator HHH000026: Second-level cache disabled
2025-07-29 14:19:43 [restartedMain] INFO  o.s.o.j.p.SpringPersistenceUnitInfo No LoadTimeWeaver setup: ignoring JPA class transformer
2025-07-29 14:19:43 [restartedMain] INFO  com.zaxxer.hikari.HikariDataSource HikariPool-4 - Starting...
2025-07-29 14:19:43 [restartedMain] INFO  com.zaxxer.hikari.pool.HikariPool HikariPool-4 - Added connection com.mysql.cj.jdbc.ConnectionImpl@43f6538e
2025-07-29 14:19:43 [restartedMain] INFO  com.zaxxer.hikari.HikariDataSource HikariPool-4 - Start completed.
2025-07-29 14:19:43 [restartedMain] INFO  org.hibernate.orm.connections.pooling HHH10001005: Database info:
	Database JDBC URL [Connecting through datasource 'HikariDataSource (HikariPool-4)']
	Database driver: undefined/unknown
	Database version: 8.0.42
	Autocommit mode: undefined/unknown
	Isolation level: undefined/unknown
	Minimum pool size: undefined/unknown
	Maximum pool size: undefined/unknown
2025-07-29 14:19:44 [restartedMain] INFO  o.h.e.t.j.p.internal.JtaPlatformInitiator HHH000489: No JTA platform available (set 'hibernate.transaction.jta.platform' to enable JTA platform integration)
2025-07-29 14:19:44 [restartedMain] INFO  o.s.o.j.LocalContainerEntityManagerFactoryBean Initialized JPA EntityManagerFactory for persistence unit 'default'
2025-07-29 14:19:44 [restartedMain] WARN  o.s.b.a.o.j.JpaBaseConfiguration$JpaWebConfiguration spring.jpa.open-in-view is enabled by default. Therefore, database queries may be performed during view rendering. Explicitly configure spring.jpa.open-in-view to disable this warning
2025-07-29 14:19:44 [restartedMain] INFO  o.s.b.a.web.servlet.WelcomePageHandlerMapping Adding welcome page: class path resource [static/index.html]
2025-07-29 14:19:44 [restartedMain] INFO  o.s.b.d.autoconfigure.OptionalLiveReloadServer LiveReload server is running on port 35729
2025-07-29 14:19:44 [restartedMain] INFO  org.apache.coyote.http11.Http11NioProtocol Starting ProtocolHandler ["http-nio-8080"]
2025-07-29 14:19:44 [restartedMain] INFO  o.s.boot.web.embedded.tomcat.TomcatWebServer Tomcat started on port 8080 (http) with context path '/'
2025-07-29 14:19:44 [restartedMain] INFO  com.example.springdemo.SpringDemoApplication Started SpringDemoApplication in 0.646 seconds (process running for 1202.417)
2025-07-29 14:19:44 [restartedMain] INFO  o.s.b.d.a.ConditionEvaluationDeltaLoggingListener Condition evaluation unchanged
2025-07-29 14:19:59 [File Watcher] INFO  o.s.b.d.a.LocalDevToolsAutoConfiguration$RestartingClassPathChangeChangedEventListener Restarting due to 1 class path change (0 additions, 1 deletion, 0 modifications)
2025-07-29 14:19:59 [Thread-15] INFO  o.s.boot.web.embedded.tomcat.GracefulShutdown Commencing graceful shutdown. Waiting for active requests to complete
2025-07-29 14:19:59 [tomcat-shutdown] INFO  org.apache.coyote.http11.Http11NioProtocol Pausing ProtocolHandler ["http-nio-8080"]
2025-07-29 14:19:59 [tomcat-shutdown] INFO  o.s.boot.web.embedded.tomcat.GracefulShutdown Graceful shutdown complete
2025-07-29 14:19:59 [Thread-15] INFO  org.apache.coyote.http11.Http11NioProtocol Stopping ProtocolHandler ["http-nio-8080"]
2025-07-29 14:19:59 [Thread-15] INFO  o.s.o.j.LocalContainerEntityManagerFactoryBean Closing JPA EntityManagerFactory for persistence unit 'default'
2025-07-29 14:19:59 [Thread-15] INFO  com.zaxxer.hikari.HikariDataSource HikariPool-4 - Shutdown initiated...
2025-07-29 14:19:59 [Thread-15] INFO  com.zaxxer.hikari.HikariDataSource HikariPool-4 - Shutdown completed.
2025-07-29 14:19:59 [restartedMain] INFO  com.example.springdemo.SpringDemoApplication Starting SpringDemoApplication using Java 21.0.7 with PID 8568 (C:\Users\campus2H052\Desktop\spring-demo\build\classes\java\main started by campus2H052 in C:\Users\campus2H052\Desktop\spring-demo)
2025-07-29 14:19:59 [restartedMain] INFO  com.example.springdemo.SpringDemoApplication No active profile set, falling back to 1 default profile: "default"
2025-07-29 14:19:59 [restartedMain] INFO  o.s.d.r.config.RepositoryConfigurationDelegate Bootstrapping Spring Data JPA repositories in DEFAULT mode.
2025-07-29 14:19:59 [restartedMain] INFO  o.s.d.r.config.RepositoryConfigurationDelegate Finished Spring Data repository scanning in 63 ms. Found 4 JPA repository interfaces.
2025-07-29 14:19:59 [restartedMain] INFO  o.s.boot.web.embedded.tomcat.TomcatWebServer Tomcat initialized with port 8080 (http)
2025-07-29 14:19:59 [restartedMain] INFO  org.apache.coyote.http11.Http11NioProtocol Initializing ProtocolHandler ["http-nio-8080"]
2025-07-29 14:19:59 [restartedMain] INFO  org.apache.catalina.core.StandardService Starting service [Tomcat]
2025-07-29 14:19:59 [restartedMain] INFO  org.apache.catalina.core.StandardEngine Starting Servlet engine: [Apache Tomcat/10.1.42]
2025-07-29 14:19:59 [restartedMain] INFO  o.a.c.c.ContainerBase.[Tomcat].[localhost].[/] Initializing Spring embedded WebApplicationContext
2025-07-29 14:19:59 [restartedMain] INFO  o.s.b.w.s.c.ServletWebServerApplicationContext Root WebApplicationContext: initialization completed in 565 ms
2025-07-29 14:19:59 [restartedMain] INFO  org.hibernate.jpa.internal.util.LogHelper HHH000204: Processing PersistenceUnitInfo [name: default]
2025-07-29 14:19:59 [restartedMain] INFO  o.h.cache.internal.RegionFactoryInitiator HHH000026: Second-level cache disabled
2025-07-29 14:19:59 [restartedMain] INFO  o.s.o.j.p.SpringPersistenceUnitInfo No LoadTimeWeaver setup: ignoring JPA class transformer
2025-07-29 14:19:59 [restartedMain] INFO  com.zaxxer.hikari.HikariDataSource HikariPool-5 - Starting...
2025-07-29 14:19:59 [restartedMain] INFO  com.zaxxer.hikari.pool.HikariPool HikariPool-5 - Added connection com.mysql.cj.jdbc.ConnectionImpl@1c1faed8
2025-07-29 14:19:59 [restartedMain] INFO  com.zaxxer.hikari.HikariDataSource HikariPool-5 - Start completed.
2025-07-29 14:19:59 [restartedMain] INFO  org.hibernate.orm.connections.pooling HHH10001005: Database info:
	Database JDBC URL [Connecting through datasource 'HikariDataSource (HikariPool-5)']
	Database driver: undefined/unknown
	Database version: 8.0.42
	Autocommit mode: undefined/unknown
	Isolation level: undefined/unknown
	Minimum pool size: undefined/unknown
	Maximum pool size: undefined/unknown
2025-07-29 14:19:59 [restartedMain] INFO  o.h.e.t.j.p.internal.JtaPlatformInitiator HHH000489: No JTA platform available (set 'hibernate.transaction.jta.platform' to enable JTA platform integration)
2025-07-29 14:19:59 [restartedMain] INFO  o.s.o.j.LocalContainerEntityManagerFactoryBean Initialized JPA EntityManagerFactory for persistence unit 'default'
