2025-07-28 14:24:49 [background-preinit] INFO  org.hibernate.validator.internal.util.Version HV000001: Hibernate Validator 8.0.2.Final
2025-07-28 14:24:50 [restartedMain] INFO  com.example.springdemo.SpringDemoApplication Starting SpringDemoApplication using Java 21.0.7 with PID 16112 (C:\Users\campus2H052\Desktop\spring-demo\build\classes\java\main started by campus2H052 in C:\Users\campus2H052\Desktop\spring-demo)
2025-07-28 14:24:50 [restartedMain] INFO  com.example.springdemo.SpringDemoApplication No active profile set, falling back to 1 default profile: "default"
2025-07-28 14:24:50 [restartedMain] INFO  o.s.b.d.e.DevToolsPropertyDefaultsPostProcessor Devtools property defaults active! Set 'spring.devtools.add-properties' to 'false' to disable
2025-07-28 14:24:50 [restartedMain] INFO  o.s.b.d.e.DevToolsPropertyDefaultsPostProcessor For additional web related logging consider setting the 'logging.level.web' property to 'DEBUG'
2025-07-28 14:24:50 [restartedMain] INFO  o.s.d.r.config.RepositoryConfigurationDelegate Bootstrapping Spring Data JPA repositories in DEFAULT mode.
2025-07-28 14:24:50 [restartedMain] INFO  o.s.d.r.config.RepositoryConfigurationDelegate Finished Spring Data repository scanning in 53 ms. Found 4 JPA repository interfaces.
2025-07-28 14:24:51 [restartedMain] INFO  o.s.boot.web.embedded.tomcat.TomcatWebServer Tomcat initialized with port 8080 (http)
2025-07-28 14:24:51 [restartedMain] INFO  org.apache.coyote.http11.Http11NioProtocol Initializing ProtocolHandler ["http-nio-8080"]
2025-07-28 14:24:51 [restartedMain] INFO  org.apache.catalina.core.StandardService Starting service [Tomcat]
2025-07-28 14:24:51 [restartedMain] INFO  org.apache.catalina.core.StandardEngine Starting Servlet engine: [Apache Tomcat/10.1.42]
2025-07-28 14:24:51 [restartedMain] INFO  o.a.c.c.ContainerBase.[Tomcat].[localhost].[/] Initializing Spring embedded WebApplicationContext
2025-07-28 14:24:51 [restartedMain] INFO  o.s.b.w.s.c.ServletWebServerApplicationContext Root WebApplicationContext: initialization completed in 1331 ms
2025-07-28 14:24:51 [restartedMain] INFO  org.hibernate.jpa.internal.util.LogHelper HHH000204: Processing PersistenceUnitInfo [name: default]
2025-07-28 14:24:51 [restartedMain] INFO  org.hibernate.Version HHH000412: Hibernate ORM core version 6.6.18.Final
2025-07-28 14:24:51 [restartedMain] INFO  o.h.cache.internal.RegionFactoryInitiator HHH000026: Second-level cache disabled
2025-07-28 14:24:51 [restartedMain] INFO  o.s.o.j.p.SpringPersistenceUnitInfo No LoadTimeWeaver setup: ignoring JPA class transformer
2025-07-28 14:24:51 [restartedMain] INFO  com.zaxxer.hikari.HikariDataSource HikariPool-1 - Starting...
2025-07-28 14:24:51 [restartedMain] INFO  com.zaxxer.hikari.pool.HikariPool HikariPool-1 - Added connection com.mysql.cj.jdbc.ConnectionImpl@5ff6f8e6
2025-07-28 14:24:51 [restartedMain] INFO  com.zaxxer.hikari.HikariDataSource HikariPool-1 - Start completed.
2025-07-28 14:24:51 [restartedMain] INFO  org.hibernate.orm.connections.pooling HHH10001005: Database info:
	Database JDBC URL [Connecting through datasource 'HikariDataSource (HikariPool-1)']
	Database driver: undefined/unknown
	Database version: 8.0.42
	Autocommit mode: undefined/unknown
	Isolation level: undefined/unknown
	Minimum pool size: undefined/unknown
	Maximum pool size: undefined/unknown
2025-07-28 14:24:52 [restartedMain] INFO  o.h.e.t.j.p.internal.JtaPlatformInitiator HHH000489: No JTA platform available (set 'hibernate.transaction.jta.platform' to enable JTA platform integration)
2025-07-28 14:24:52 [restartedMain] INFO  o.s.o.j.LocalContainerEntityManagerFactoryBean Initialized JPA EntityManagerFactory for persistence unit 'default'
2025-07-28 14:24:53 [restartedMain] INFO  o.s.d.j.repository.query.QueryEnhancerFactory Hibernate is in classpath; If applicable, HQL parser will be used.
2025-07-28 14:24:53 [restartedMain] WARN  o.s.b.a.o.j.JpaBaseConfiguration$JpaWebConfiguration spring.jpa.open-in-view is enabled by default. Therefore, database queries may be performed during view rendering. Explicitly configure spring.jpa.open-in-view to disable this warning
2025-07-28 14:24:53 [restartedMain] INFO  o.s.b.a.web.servlet.WelcomePageHandlerMapping Adding welcome page: class path resource [static/index.html]
2025-07-28 14:24:54 [restartedMain] INFO  o.s.b.d.autoconfigure.OptionalLiveReloadServer LiveReload server is running on port 35729
2025-07-28 14:24:54 [restartedMain] INFO  org.apache.coyote.http11.Http11NioProtocol Starting ProtocolHandler ["http-nio-8080"]
2025-07-28 14:24:54 [restartedMain] INFO  o.s.boot.web.embedded.tomcat.TomcatWebServer Tomcat started on port 8080 (http) with context path '/'
2025-07-28 14:24:54 [restartedMain] INFO  com.example.springdemo.SpringDemoApplication Started SpringDemoApplication in 4.579 seconds (process running for 5.493)
2025-07-28 14:24:56 [http-nio-8080-exec-1] INFO  o.a.c.c.ContainerBase.[Tomcat].[localhost].[/] Initializing Spring DispatcherServlet 'dispatcherServlet'
2025-07-28 14:24:56 [http-nio-8080-exec-1] INFO  o.s.web.servlet.DispatcherServlet Initializing Servlet 'dispatcherServlet'
2025-07-28 14:24:56 [http-nio-8080-exec-1] INFO  o.s.web.servlet.DispatcherServlet Completed initialization in 1 ms
2025-07-28 14:24:57 [http-nio-8080-exec-10] INFO  org.springdoc.api.AbstractOpenApiResource Init duration for springdoc-openapi is: 377 ms
