2025-07-24 19:17:42 [background-preinit] INFO  org.hibernate.validator.internal.util.Version HV000001: Hibernate Validator 8.0.2.Final
2025-07-24 19:17:42 [Test worker] INFO  com.example.springdemo.MemoRepositoryTests Starting MemoRepositoryTests using Java 21.0.7 with PID 6004 (started by campus2H052 in C:\Users\campus2H052\Desktop\spring-demo)
2025-07-24 19:17:42 [Test worker] INFO  com.example.springdemo.MemoRepositoryTests No active profile set, falling back to 1 default profile: "default"
2025-07-24 19:17:43 [Test worker] INFO  o.s.d.r.config.RepositoryConfigurationDelegate Bootstrapping Spring Data JPA repositories in DEFAULT mode.
2025-07-24 19:17:43 [Test worker] INFO  o.s.d.r.config.RepositoryConfigurationDelegate Finished Spring Data repository scanning in 57 ms. Found 2 JPA repository interfaces.
2025-07-24 19:17:44 [Test worker] INFO  org.hibernate.jpa.internal.util.LogHelper HHH000204: Processing PersistenceUnitInfo [name: default]
2025-07-24 19:17:44 [Test worker] INFO  org.hibernate.Version HHH000412: Hibernate ORM core version 6.6.18.Final
2025-07-24 19:17:44 [Test worker] INFO  o.h.cache.internal.RegionFactoryInitiator HHH000026: Second-level cache disabled
2025-07-24 19:17:44 [Test worker] INFO  o.s.o.j.p.SpringPersistenceUnitInfo No LoadTimeWeaver setup: ignoring JPA class transformer
2025-07-24 19:17:44 [Test worker] INFO  com.zaxxer.hikari.HikariDataSource HikariPool-1 - Starting...
2025-07-24 19:17:44 [Test worker] INFO  com.zaxxer.hikari.pool.HikariPool HikariPool-1 - Added connection com.mysql.cj.jdbc.ConnectionImpl@3fd9e01c
2025-07-24 19:17:44 [Test worker] INFO  com.zaxxer.hikari.HikariDataSource HikariPool-1 - Start completed.
2025-07-24 19:17:45 [Test worker] INFO  org.hibernate.orm.connections.pooling HHH10001005: Database info:
	Database JDBC URL [Connecting through datasource 'HikariDataSource (HikariPool-1)']
	Database driver: undefined/unknown
	Database version: 8.0.42
	Autocommit mode: undefined/unknown
	Isolation level: undefined/unknown
	Minimum pool size: undefined/unknown
	Maximum pool size: undefined/unknown
2025-07-24 19:17:45 [Test worker] INFO  o.h.e.t.j.p.internal.JtaPlatformInitiator HHH000489: No JTA platform available (set 'hibernate.transaction.jta.platform' to enable JTA platform integration)
2025-07-24 19:17:45 [Test worker] INFO  o.s.o.j.LocalContainerEntityManagerFactoryBean Initialized JPA EntityManagerFactory for persistence unit 'default'
2025-07-24 19:17:46 [Test worker] WARN  o.s.b.a.o.j.JpaBaseConfiguration$JpaWebConfiguration spring.jpa.open-in-view is enabled by default. Therefore, database queries may be performed during view rendering. Explicitly configure spring.jpa.open-in-view to disable this warning
2025-07-24 19:17:46 [Test worker] INFO  o.s.b.a.web.servlet.WelcomePageHandlerMapping Adding welcome page: class path resource [static/index.html]
2025-07-24 19:17:46 [Test worker] INFO  o.s.d.j.repository.query.QueryEnhancerFactory Hibernate is in classpath; If applicable, HQL parser will be used.
2025-07-24 19:17:47 [Test worker] INFO  com.example.springdemo.MemoRepositoryTests Started MemoRepositoryTests in 5.136 seconds (process running for 6.525)
2025-07-24 19:17:47 [Test worker] INFO  com.example.springdemo.MemoRepositoryTests Page 1 of 97 containing com.example.springdemo.entity.Memo instances
2025-07-24 19:17:47 [Test worker] INFO  com.example.springdemo.MemoRepositoryTests ------------------------------------------------------
2025-07-24 19:17:47 [Test worker] INFO  com.example.springdemo.MemoRepositoryTests Total Pages: 97
2025-07-24 19:17:47 [Test worker] INFO  com.example.springdemo.MemoRepositoryTests Total count: 481
2025-07-24 19:17:47 [Test worker] INFO  com.example.springdemo.MemoRepositoryTests Page Number: 0
2025-07-24 19:17:47 [Test worker] INFO  com.example.springdemo.MemoRepositoryTests Page Size: 5
2025-07-24 19:17:47 [Test worker] INFO  com.example.springdemo.MemoRepositoryTests has Next Page?: true
2025-07-24 19:17:47 [Test worker] INFO  com.example.springdemo.MemoRepositoryTests first Page?: true
2025-07-24 19:17:47 [SpringApplicationShutdownHook] INFO  o.s.o.j.LocalContainerEntityManagerFactoryBean Closing JPA EntityManagerFactory for persistence unit 'default'
2025-07-24 19:17:47 [SpringApplicationShutdownHook] INFO  com.zaxxer.hikari.HikariDataSource HikariPool-1 - Shutdown initiated...
2025-07-24 19:17:48 [SpringApplicationShutdownHook] INFO  com.zaxxer.hikari.HikariDataSource HikariPool-1 - Shutdown completed.
