2025-07-30 11:13:38 [File Watcher] INFO  o.s.b.d.a.LocalDevToolsAutoConfiguration$RestartingClassPathChangeChangedEventListener Restarting due to 2 class path changes (1 addition, 0 deletions, 1 modification)
2025-07-30 11:13:38 [Thread-23] INFO  o.s.boot.web.embedded.tomcat.GracefulShutdown Commencing graceful shutdown. Waiting for active requests to complete
2025-07-30 11:13:38 [tomcat-shutdown] INFO  org.apache.coyote.http11.Http11NioProtocol Pausing ProtocolHandler ["http-nio-8080"]
2025-07-30 11:13:38 [tomcat-shutdown] INFO  o.s.boot.web.embedded.tomcat.GracefulShutdown Graceful shutdown complete
2025-07-30 11:13:38 [Thread-23] INFO  org.apache.coyote.http11.Http11NioProtocol Stopping ProtocolHandler ["http-nio-8080"]
2025-07-30 11:13:38 [Thread-23] INFO  o.s.o.j.LocalContainerEntityManagerFactoryBean Closing JPA EntityManagerFactory for persistence unit 'default'
2025-07-30 11:13:38 [Thread-23] INFO  com.zaxxer.hikari.HikariDataSource HikariPool-6 - Shutdown initiated...
2025-07-30 11:13:38 [Thread-23] INFO  com.zaxxer.hikari.HikariDataSource HikariPool-6 - Shutdown completed.
2025-07-30 11:13:38 [restartedMain] INFO  com.example.springdemo.SpringDemoApplication Starting SpringDemoApplication using Java 21.0.7 with PID 10204 (C:\Users\campus2H052\Desktop\spring-demo\build\classes\java\main started by campus2H052 in C:\Users\campus2H052\Desktop\spring-demo)
2025-07-30 11:13:38 [restartedMain] INFO  com.example.springdemo.SpringDemoApplication No active profile set, falling back to 1 default profile: "default"
2025-07-30 11:13:39 [restartedMain] INFO  o.s.d.r.config.RepositoryConfigurationDelegate Bootstrapping Spring Data JPA repositories in DEFAULT mode.
2025-07-30 11:13:39 [restartedMain] INFO  o.s.d.r.config.RepositoryConfigurationDelegate Finished Spring Data repository scanning in 27 ms. Found 4 JPA repository interfaces.
2025-07-30 11:13:39 [restartedMain] INFO  o.s.boot.web.embedded.tomcat.TomcatWebServer Tomcat initialized with port 8080 (http)
2025-07-30 11:13:39 [restartedMain] INFO  org.apache.coyote.http11.Http11NioProtocol Initializing ProtocolHandler ["http-nio-8080"]
2025-07-30 11:13:39 [restartedMain] INFO  org.apache.catalina.core.StandardService Starting service [Tomcat]
2025-07-30 11:13:39 [restartedMain] INFO  org.apache.catalina.core.StandardEngine Starting Servlet engine: [Apache Tomcat/10.1.42]
2025-07-30 11:13:39 [restartedMain] INFO  o.a.c.c.ContainerBase.[Tomcat].[localhost].[/] Initializing Spring embedded WebApplicationContext
2025-07-30 11:13:39 [restartedMain] INFO  o.s.b.w.s.c.ServletWebServerApplicationContext Root WebApplicationContext: initialization completed in 339 ms
2025-07-30 11:13:39 [restartedMain] INFO  org.hibernate.jpa.internal.util.LogHelper HHH000204: Processing PersistenceUnitInfo [name: default]
2025-07-30 11:13:39 [restartedMain] INFO  o.h.cache.internal.RegionFactoryInitiator HHH000026: Second-level cache disabled
2025-07-30 11:13:39 [restartedMain] INFO  o.s.o.j.p.SpringPersistenceUnitInfo No LoadTimeWeaver setup: ignoring JPA class transformer
2025-07-30 11:13:39 [restartedMain] INFO  com.zaxxer.hikari.HikariDataSource HikariPool-7 - Starting...
2025-07-30 11:13:39 [restartedMain] INFO  com.zaxxer.hikari.pool.HikariPool HikariPool-7 - Added connection com.mysql.cj.jdbc.ConnectionImpl@43d83483
2025-07-30 11:13:39 [restartedMain] INFO  com.zaxxer.hikari.HikariDataSource HikariPool-7 - Start completed.
2025-07-30 11:13:39 [restartedMain] INFO  org.hibernate.orm.connections.pooling HHH10001005: Database info:
	Database JDBC URL [Connecting through datasource 'HikariDataSource (HikariPool-7)']
	Database driver: undefined/unknown
	Database version: 8.0.42
	Autocommit mode: undefined/unknown
	Isolation level: undefined/unknown
	Minimum pool size: undefined/unknown
	Maximum pool size: undefined/unknown
2025-07-30 11:13:39 [restartedMain] INFO  o.h.e.t.j.p.internal.JtaPlatformInitiator HHH000489: No JTA platform available (set 'hibernate.transaction.jta.platform' to enable JTA platform integration)
2025-07-30 11:13:39 [restartedMain] INFO  o.s.o.j.LocalContainerEntityManagerFactoryBean Initialized JPA EntityManagerFactory for persistence unit 'default'
2025-07-30 11:13:39 [restartedMain] WARN  o.s.b.a.o.j.JpaBaseConfiguration$JpaWebConfiguration spring.jpa.open-in-view is enabled by default. Therefore, database queries may be performed during view rendering. Explicitly configure spring.jpa.open-in-view to disable this warning
2025-07-30 11:13:39 [restartedMain] WARN  o.s.b.w.s.c.AnnotationConfigServletWebServerApplicationContext Exception encountered during context initialization - cancelling refresh attempt: org.springframework.beans.factory.UnsatisfiedDependencyException: Error creating bean with name 'exceptionController' defined in file [C:\Users\campus2H052\Desktop\spring-demo\build\classes\java\main\com\example\springdemo\controller\ExceptionController.class]: Unsatisfied dependency expressed through constructor parameter 0: No qualifying bean of type 'com.example.springdemo.entity.ExceptionUserService' available: expected at least 1 bean which qualifies as autowire candidate. Dependency annotations: {}
2025-07-30 11:13:39 [restartedMain] INFO  o.s.o.j.LocalContainerEntityManagerFactoryBean Closing JPA EntityManagerFactory for persistence unit 'default'
2025-07-30 11:13:39 [restartedMain] INFO  com.zaxxer.hikari.HikariDataSource HikariPool-7 - Shutdown initiated...
2025-07-30 11:13:39 [restartedMain] INFO  com.zaxxer.hikari.HikariDataSource HikariPool-7 - Shutdown completed.
2025-07-30 11:13:39 [restartedMain] INFO  org.apache.catalina.core.StandardService Stopping service [Tomcat]
2025-07-30 11:13:39 [restartedMain] INFO  o.s.b.a.l.ConditionEvaluationReportLogger 

Error starting ApplicationContext. To display the condition evaluation report re-run your application with 'debug' enabled.
2025-07-30 11:13:39 [restartedMain] ERROR o.s.b.d.LoggingFailureAnalysisReporter 

***************************
APPLICATION FAILED TO START
***************************

Description:

Parameter 0 of constructor in com.example.springdemo.controller.ExceptionController required a bean of type 'com.example.springdemo.entity.ExceptionUserService' that could not be found.


Action:

Consider defining a bean of type 'com.example.springdemo.entity.ExceptionUserService' in your configuration.

