2025-07-24 10:54:00 [File Watcher] INFO  o.s.b.d.a.LocalDevToolsAutoConfiguration$RestartingClassPathChangeChangedEventListener -Restarting due to 1 class path change (0 additions, 1 deletion, 0 modifications)
2025-07-24 10:54:00 [Thread-15] INFO  o.s.boot.web.embedded.tomcat.GracefulShutdown -Commencing graceful shutdown. Waiting for active requests to complete
2025-07-24 10:54:00 [tomcat-shutdown] INFO  org.apache.coyote.http11.Http11NioProtocol -Pausing ProtocolHandler ["http-nio-8080"]
2025-07-24 10:54:00 [tomcat-shutdown] INFO  o.s.boot.web.embedded.tomcat.GracefulShutdown -Graceful shutdown complete
2025-07-24 10:54:00 [Thread-15] INFO  org.apache.coyote.http11.Http11NioProtocol -Stopping ProtocolHandler ["http-nio-8080"]
2025-07-24 10:54:00 [Thread-15] INFO  o.s.o.j.LocalContainerEntityManagerFactoryBean -Closing JPA EntityManagerFactory for persistence unit 'default'
2025-07-24 10:54:00 [Thread-15] INFO  com.zaxxer.hikari.HikariDataSource -HikariPool-4 - Shutdown initiated...
2025-07-24 10:54:00 [Thread-15] INFO  com.zaxxer.hikari.HikariDataSource -HikariPool-4 - Shutdown completed.
2025-07-24 10:54:00 [restartedMain] INFO  com.example.springdemo.SpringDemoApplication -Starting SpringDemoApplication using Java 21.0.7 with PID 2012 (C:\Users\campus2H052\Desktop\spring-demo\build\classes\java\main started by campus2H052 in C:\Users\campus2H052\Desktop\spring-demo)
2025-07-24 10:54:00 [restartedMain] INFO  com.example.springdemo.SpringDemoApplication -No active profile set, falling back to 1 default profile: "default"
2025-07-24 10:54:01 [restartedMain] INFO  o.s.d.r.config.RepositoryConfigurationDelegate -Bootstrapping Spring Data JPA repositories in DEFAULT mode.
2025-07-24 10:54:01 [restartedMain] INFO  o.s.d.r.config.RepositoryConfigurationDelegate -Finished Spring Data repository scanning in 6 ms. Found 1 JPA repository interface.
2025-07-24 10:54:01 [restartedMain] INFO  o.s.boot.web.embedded.tomcat.TomcatWebServer -Tomcat initialized with port 8080 (http)
2025-07-24 10:54:01 [restartedMain] INFO  org.apache.coyote.http11.Http11NioProtocol -Initializing ProtocolHandler ["http-nio-8080"]
2025-07-24 10:54:01 [restartedMain] INFO  org.apache.catalina.core.StandardService -Starting service [Tomcat]
2025-07-24 10:54:01 [restartedMain] INFO  org.apache.catalina.core.StandardEngine -Starting Servlet engine: [Apache Tomcat/10.1.42]
2025-07-24 10:54:01 [restartedMain] INFO  o.a.c.c.ContainerBase.[Tomcat].[localhost].[/] -Initializing Spring embedded WebApplicationContext
2025-07-24 10:54:01 [restartedMain] INFO  o.s.b.w.s.c.ServletWebServerApplicationContext -Root WebApplicationContext: initialization completed in 281 ms
2025-07-24 10:54:01 [restartedMain] INFO  org.hibernate.jpa.internal.util.LogHelper -HHH000204: Processing PersistenceUnitInfo [name: default]
2025-07-24 10:54:01 [restartedMain] INFO  o.h.cache.internal.RegionFactoryInitiator -HHH000026: Second-level cache disabled
2025-07-24 10:54:01 [restartedMain] INFO  o.s.o.j.p.SpringPersistenceUnitInfo -No LoadTimeWeaver setup: ignoring JPA class transformer
2025-07-24 10:54:01 [restartedMain] INFO  com.zaxxer.hikari.HikariDataSource -HikariPool-5 - Starting...
2025-07-24 10:54:01 [restartedMain] INFO  com.zaxxer.hikari.pool.HikariPool -HikariPool-5 - Added connection com.mysql.cj.jdbc.ConnectionImpl@6b6ed5d4
2025-07-24 10:54:01 [restartedMain] INFO  com.zaxxer.hikari.HikariDataSource -HikariPool-5 - Start completed.
2025-07-24 10:54:01 [restartedMain] INFO  org.hibernate.orm.connections.pooling -HHH10001005: Database info:
	Database JDBC URL [Connecting through datasource 'HikariDataSource (HikariPool-5)']
	Database driver: undefined/unknown
	Database version: 8.0.42
	Autocommit mode: undefined/unknown
	Isolation level: undefined/unknown
	Minimum pool size: undefined/unknown
	Maximum pool size: undefined/unknown
2025-07-24 10:54:01 [restartedMain] INFO  o.h.e.t.j.p.internal.JtaPlatformInitiator -HHH000489: No JTA platform available (set 'hibernate.transaction.jta.platform' to enable JTA platform integration)
2025-07-24 10:54:01 [restartedMain] INFO  o.s.o.j.LocalContainerEntityManagerFactoryBean -Initialized JPA EntityManagerFactory for persistence unit 'default'
2025-07-24 10:54:01 [restartedMain] WARN  o.s.b.a.o.j.JpaBaseConfiguration$JpaWebConfiguration -spring.jpa.open-in-view is enabled by default. Therefore, database queries may be performed during view rendering. Explicitly configure spring.jpa.open-in-view to disable this warning
2025-07-24 10:54:01 [restartedMain] INFO  o.s.b.a.web.servlet.WelcomePageHandlerMapping -Adding welcome page: class path resource [static/index.html]
2025-07-24 10:54:01 [restartedMain] INFO  o.s.b.d.autoconfigure.OptionalLiveReloadServer -LiveReload server is running on port 35729
2025-07-24 10:54:01 [restartedMain] INFO  org.apache.coyote.http11.Http11NioProtocol -Starting ProtocolHandler ["http-nio-8080"]
2025-07-24 10:54:01 [restartedMain] INFO  o.s.boot.web.embedded.tomcat.TomcatWebServer -Tomcat started on port 8080 (http) with context path '/'
2025-07-24 10:54:01 [restartedMain] INFO  com.example.springdemo.SpringDemoApplication -Started SpringDemoApplication in 0.634 seconds (process running for 6064.739)
2025-07-24 10:54:01 [restartedMain] INFO  o.s.b.d.a.ConditionEvaluationDeltaLoggingListener -Condition evaluation unchanged
2025-07-24 10:54:02 [File Watcher] INFO  o.s.b.d.a.LocalDevToolsAutoConfiguration$RestartingClassPathChangeChangedEventListener -Restarting due to 1 class path change (1 addition, 0 deletions, 0 modifications)
2025-07-24 10:54:02 [Thread-19] INFO  o.s.boot.web.embedded.tomcat.GracefulShutdown -Commencing graceful shutdown. Waiting for active requests to complete
2025-07-24 10:54:02 [tomcat-shutdown] INFO  org.apache.coyote.http11.Http11NioProtocol -Pausing ProtocolHandler ["http-nio-8080"]
2025-07-24 10:54:02 [tomcat-shutdown] INFO  o.s.boot.web.embedded.tomcat.GracefulShutdown -Graceful shutdown complete
2025-07-24 10:54:02 [Thread-19] INFO  org.apache.coyote.http11.Http11NioProtocol -Stopping ProtocolHandler ["http-nio-8080"]
2025-07-24 10:54:02 [Thread-19] INFO  o.s.o.j.LocalContainerEntityManagerFactoryBean -Closing JPA EntityManagerFactory for persistence unit 'default'
2025-07-24 10:54:02 [Thread-19] INFO  com.zaxxer.hikari.HikariDataSource -HikariPool-5 - Shutdown initiated...
2025-07-24 10:54:02 [Thread-19] INFO  com.zaxxer.hikari.HikariDataSource -HikariPool-5 - Shutdown completed.
2025-07-24 10:54:03 [restartedMain] INFO  com.example.springdemo.SpringDemoApplication -Starting SpringDemoApplication using Java 21.0.7 with PID 2012 (C:\Users\campus2H052\Desktop\spring-demo\build\classes\java\main started by campus2H052 in C:\Users\campus2H052\Desktop\spring-demo)
2025-07-24 10:54:03 [restartedMain] INFO  com.example.springdemo.SpringDemoApplication -No active profile set, falling back to 1 default profile: "default"
2025-07-24 10:54:03 [restartedMain] INFO  o.s.d.r.config.RepositoryConfigurationDelegate -Bootstrapping Spring Data JPA repositories in DEFAULT mode.
2025-07-24 10:54:03 [restartedMain] INFO  o.s.d.r.config.RepositoryConfigurationDelegate -Finished Spring Data repository scanning in 8 ms. Found 1 JPA repository interface.
2025-07-24 10:54:03 [restartedMain] INFO  o.s.boot.web.embedded.tomcat.TomcatWebServer -Tomcat initialized with port 8080 (http)
2025-07-24 10:54:03 [restartedMain] INFO  org.apache.coyote.http11.Http11NioProtocol -Initializing ProtocolHandler ["http-nio-8080"]
2025-07-24 10:54:03 [restartedMain] INFO  org.apache.catalina.core.StandardService -Starting service [Tomcat]
2025-07-24 10:54:03 [restartedMain] INFO  org.apache.catalina.core.StandardEngine -Starting Servlet engine: [Apache Tomcat/10.1.42]
2025-07-24 10:54:03 [restartedMain] INFO  o.a.c.c.ContainerBase.[Tomcat].[localhost].[/] -Initializing Spring embedded WebApplicationContext
2025-07-24 10:54:03 [restartedMain] INFO  o.s.b.w.s.c.ServletWebServerApplicationContext -Root WebApplicationContext: initialization completed in 286 ms
2025-07-24 10:54:03 [restartedMain] INFO  org.hibernate.jpa.internal.util.LogHelper -HHH000204: Processing PersistenceUnitInfo [name: default]
2025-07-24 10:54:03 [restartedMain] INFO  o.h.cache.internal.RegionFactoryInitiator -HHH000026: Second-level cache disabled
2025-07-24 10:54:03 [restartedMain] INFO  o.s.o.j.p.SpringPersistenceUnitInfo -No LoadTimeWeaver setup: ignoring JPA class transformer
2025-07-24 10:54:03 [restartedMain] INFO  com.zaxxer.hikari.HikariDataSource -HikariPool-6 - Starting...
2025-07-24 10:54:03 [restartedMain] INFO  com.zaxxer.hikari.pool.HikariPool -HikariPool-6 - Added connection com.mysql.cj.jdbc.ConnectionImpl@16f3a6d2
2025-07-24 10:54:03 [restartedMain] INFO  com.zaxxer.hikari.HikariDataSource -HikariPool-6 - Start completed.
2025-07-24 10:54:03 [restartedMain] INFO  org.hibernate.orm.connections.pooling -HHH10001005: Database info:
	Database JDBC URL [Connecting through datasource 'HikariDataSource (HikariPool-6)']
	Database driver: undefined/unknown
	Database version: 8.0.42
	Autocommit mode: undefined/unknown
	Isolation level: undefined/unknown
	Minimum pool size: undefined/unknown
	Maximum pool size: undefined/unknown
2025-07-24 10:54:03 [restartedMain] INFO  o.h.e.t.j.p.internal.JtaPlatformInitiator -HHH000489: No JTA platform available (set 'hibernate.transaction.jta.platform' to enable JTA platform integration)
2025-07-24 10:54:03 [restartedMain] INFO  o.s.o.j.LocalContainerEntityManagerFactoryBean -Initialized JPA EntityManagerFactory for persistence unit 'default'
2025-07-24 10:54:03 [restartedMain] WARN  o.s.b.a.o.j.JpaBaseConfiguration$JpaWebConfiguration -spring.jpa.open-in-view is enabled by default. Therefore, database queries may be performed during view rendering. Explicitly configure spring.jpa.open-in-view to disable this warning
2025-07-24 10:54:03 [restartedMain] INFO  o.s.b.a.web.servlet.WelcomePageHandlerMapping -Adding welcome page: class path resource [static/index.html]
2025-07-24 10:54:03 [background-preinit] INFO  org.hibernate.validator.internal.util.Version -HV000001: Hibernate Validator 8.0.2.Final
2025-07-24 10:54:03 [Test worker] INFO  com.example.springdemo.MemoRepositoryTests -Starting MemoRepositoryTests using Java 21.0.7 with PID 24408 (started by campus2H052 in C:\Users\campus2H052\Desktop\spring-demo)
2025-07-24 10:54:03 [Test worker] INFO  com.example.springdemo.MemoRepositoryTests -No active profile set, falling back to 1 default profile: "default"
2025-07-24 10:54:03 [restartedMain] INFO  o.s.b.d.autoconfigure.OptionalLiveReloadServer -LiveReload server is running on port 35729
2025-07-24 10:54:03 [restartedMain] INFO  org.apache.coyote.http11.Http11NioProtocol -Starting ProtocolHandler ["http-nio-8080"]
2025-07-24 10:54:03 [restartedMain] INFO  o.s.boot.web.embedded.tomcat.TomcatWebServer -Tomcat started on port 8080 (http) with context path '/'
2025-07-24 10:54:03 [restartedMain] INFO  com.example.springdemo.SpringDemoApplication -Started SpringDemoApplication in 0.606 seconds (process running for 6066.827)
2025-07-24 10:54:03 [restartedMain] INFO  o.s.b.d.a.ConditionEvaluationDeltaLoggingListener -Condition evaluation unchanged
2025-07-24 10:54:04 [Test worker] INFO  o.s.d.r.config.RepositoryConfigurationDelegate -Bootstrapping Spring Data JPA repositories in DEFAULT mode.
2025-07-24 10:54:04 [Test worker] INFO  o.s.d.r.config.RepositoryConfigurationDelegate -Finished Spring Data repository scanning in 46 ms. Found 1 JPA repository interface.
2025-07-24 10:54:04 [Test worker] INFO  org.hibernate.jpa.internal.util.LogHelper -HHH000204: Processing PersistenceUnitInfo [name: default]
2025-07-24 10:54:04 [Test worker] INFO  org.hibernate.Version -HHH000412: Hibernate ORM core version 6.6.18.Final
2025-07-24 10:54:04 [Test worker] INFO  o.h.cache.internal.RegionFactoryInitiator -HHH000026: Second-level cache disabled
2025-07-24 10:54:05 [Test worker] INFO  o.s.o.j.p.SpringPersistenceUnitInfo -No LoadTimeWeaver setup: ignoring JPA class transformer
2025-07-24 10:54:05 [Test worker] INFO  com.zaxxer.hikari.HikariDataSource -HikariPool-1 - Starting...
2025-07-24 10:54:05 [Test worker] INFO  com.zaxxer.hikari.pool.HikariPool -HikariPool-1 - Added connection com.mysql.cj.jdbc.ConnectionImpl@6c9151c1
2025-07-24 10:54:05 [Test worker] INFO  com.zaxxer.hikari.HikariDataSource -HikariPool-1 - Start completed.
2025-07-24 10:54:05 [Test worker] INFO  org.hibernate.orm.connections.pooling -HHH10001005: Database info:
	Database JDBC URL [Connecting through datasource 'HikariDataSource (HikariPool-1)']
	Database driver: undefined/unknown
	Database version: 8.0.42
	Autocommit mode: undefined/unknown
	Isolation level: undefined/unknown
	Minimum pool size: undefined/unknown
	Maximum pool size: undefined/unknown
2025-07-24 10:54:06 [Test worker] INFO  o.h.e.t.j.p.internal.JtaPlatformInitiator -HHH000489: No JTA platform available (set 'hibernate.transaction.jta.platform' to enable JTA platform integration)
2025-07-24 10:54:06 [Test worker] INFO  o.s.o.j.LocalContainerEntityManagerFactoryBean -Initialized JPA EntityManagerFactory for persistence unit 'default'
2025-07-24 10:54:06 [Test worker] WARN  o.s.b.a.o.j.JpaBaseConfiguration$JpaWebConfiguration -spring.jpa.open-in-view is enabled by default. Therefore, database queries may be performed during view rendering. Explicitly configure spring.jpa.open-in-view to disable this warning
2025-07-24 10:54:06 [Test worker] INFO  o.s.b.a.web.servlet.WelcomePageHandlerMapping -Adding welcome page: class path resource [static/index.html]
2025-07-24 10:54:07 [Test worker] INFO  com.example.springdemo.MemoRepositoryTests -Started MemoRepositoryTests in 4.194 seconds (process running for 5.548)
2025-07-24 10:54:07 [SpringApplicationShutdownHook] INFO  o.s.o.j.LocalContainerEntityManagerFactoryBean -Closing JPA EntityManagerFactory for persistence unit 'default'
2025-07-24 10:54:07 [SpringApplicationShutdownHook] INFO  com.zaxxer.hikari.HikariDataSource -HikariPool-1 - Shutdown initiated...
2025-07-24 10:54:07 [SpringApplicationShutdownHook] INFO  com.zaxxer.hikari.HikariDataSource -HikariPool-1 - Shutdown completed.
