2025-07-24 13:16:13 [File Watcher] INFO  o.s.b.d.a.LocalDevToolsAutoConfiguration$RestartingClassPathChangeChangedEventListener -Restarting due to 19 class path changes (0 additions, 19 deletions, 0 modifications)
2025-07-24 13:16:13 [Thread-65] INFO  o.s.boot.web.embedded.tomcat.GracefulShutdown -Commencing graceful shutdown. Waiting for active requests to complete
2025-07-24 13:16:13 [tomcat-shutdown] INFO  org.apache.coyote.http11.Http11NioProtocol -Pausing ProtocolHandler ["http-nio-8080"]
2025-07-24 13:16:13 [tomcat-shutdown] INFO  o.s.boot.web.embedded.tomcat.GracefulShutdown -Graceful shutdown complete
2025-07-24 13:16:13 [Thread-65] INFO  org.apache.coyote.http11.Http11NioProtocol -Stopping ProtocolHandler ["http-nio-8080"]
2025-07-24 13:16:13 [Thread-65] INFO  o.s.o.j.LocalContainerEntityManagerFactoryBean -Closing JPA EntityManagerFactory for persistence unit 'default'
2025-07-24 13:16:13 [Thread-65] INFO  com.zaxxer.hikari.HikariDataSource -HikariPool-17 - Shutdown initiated...
2025-07-24 13:16:13 [Thread-65] INFO  com.zaxxer.hikari.HikariDataSource -HikariPool-17 - Shutdown completed.
2025-07-24 13:16:13 [restartedMain] INFO  com.example.springdemo.SpringDemoApplication -Starting SpringDemoApplication using Java 21.0.7 with PID 2012 (C:\Users\campus2H052\Desktop\spring-demo\build\classes\java\main started by campus2H052 in C:\Users\campus2H052\Desktop\spring-demo)
2025-07-24 13:16:13 [restartedMain] INFO  com.example.springdemo.SpringDemoApplication -No active profile set, falling back to 1 default profile: "default"
2025-07-24 13:16:13 [restartedMain] INFO  o.s.d.r.config.RepositoryConfigurationDelegate -Bootstrapping Spring Data JPA repositories in DEFAULT mode.
2025-07-24 13:16:13 [restartedMain] INFO  o.s.d.r.config.RepositoryConfigurationDelegate -Finished Spring Data repository scanning in 10 ms. Found 2 JPA repository interfaces.
2025-07-24 13:16:13 [restartedMain] INFO  o.s.boot.web.embedded.tomcat.TomcatWebServer -Tomcat initialized with port 8080 (http)
2025-07-24 13:16:13 [restartedMain] INFO  org.apache.coyote.http11.Http11NioProtocol -Initializing ProtocolHandler ["http-nio-8080"]
2025-07-24 13:16:13 [restartedMain] INFO  org.apache.catalina.core.StandardService -Starting service [Tomcat]
2025-07-24 13:16:13 [restartedMain] INFO  org.apache.catalina.core.StandardEngine -Starting Servlet engine: [Apache Tomcat/10.1.42]
2025-07-24 13:16:13 [restartedMain] INFO  o.a.c.c.C.[Tomcat-2].[localhost].[/] -Initializing Spring embedded WebApplicationContext
2025-07-24 13:16:13 [restartedMain] INFO  o.s.b.w.s.c.ServletWebServerApplicationContext -Root WebApplicationContext: initialization completed in 323 ms
2025-07-24 13:16:13 [restartedMain] INFO  org.hibernate.jpa.internal.util.LogHelper -HHH000204: Processing PersistenceUnitInfo [name: default]
2025-07-24 13:16:13 [restartedMain] INFO  o.h.cache.internal.RegionFactoryInitiator -HHH000026: Second-level cache disabled
2025-07-24 13:16:13 [restartedMain] INFO  o.s.o.j.p.SpringPersistenceUnitInfo -No LoadTimeWeaver setup: ignoring JPA class transformer
2025-07-24 13:16:13 [restartedMain] INFO  com.zaxxer.hikari.HikariDataSource -HikariPool-18 - Starting...
2025-07-24 13:16:13 [restartedMain] INFO  com.zaxxer.hikari.pool.HikariPool -HikariPool-18 - Added connection com.mysql.cj.jdbc.ConnectionImpl@6d7bf991
2025-07-24 13:16:13 [restartedMain] INFO  com.zaxxer.hikari.HikariDataSource -HikariPool-18 - Start completed.
2025-07-24 13:16:13 [restartedMain] INFO  org.hibernate.orm.connections.pooling -HHH10001005: Database info:
	Database JDBC URL [Connecting through datasource 'HikariDataSource (HikariPool-18)']
	Database driver: undefined/unknown
	Database version: 8.0.42
	Autocommit mode: undefined/unknown
	Isolation level: undefined/unknown
	Minimum pool size: undefined/unknown
	Maximum pool size: undefined/unknown
2025-07-24 13:16:14 [restartedMain] INFO  o.h.e.t.j.p.internal.JtaPlatformInitiator -HHH000489: No JTA platform available (set 'hibernate.transaction.jta.platform' to enable JTA platform integration)
2025-07-24 13:16:14 [restartedMain] INFO  o.s.o.j.LocalContainerEntityManagerFactoryBean -Initialized JPA EntityManagerFactory for persistence unit 'default'
2025-07-24 13:16:14 [restartedMain] WARN  o.s.b.a.o.j.JpaBaseConfiguration$JpaWebConfiguration -spring.jpa.open-in-view is enabled by default. Therefore, database queries may be performed during view rendering. Explicitly configure spring.jpa.open-in-view to disable this warning
2025-07-24 13:16:14 [restartedMain] INFO  o.s.b.a.web.servlet.WelcomePageHandlerMapping -Adding welcome page: class path resource [static/index.html]
2025-07-24 13:16:14 [restartedMain] INFO  o.s.b.d.autoconfigure.OptionalLiveReloadServer -LiveReload server is running on port 35729
2025-07-24 13:16:14 [restartedMain] INFO  org.apache.coyote.http11.Http11NioProtocol -Starting ProtocolHandler ["http-nio-8080"]
2025-07-24 13:16:14 [restartedMain] INFO  o.s.boot.web.embedded.tomcat.TomcatWebServer -Tomcat started on port 8080 (http) with context path '/'
2025-07-24 13:16:14 [restartedMain] INFO  com.example.springdemo.SpringDemoApplication -Started SpringDemoApplication in 0.654 seconds (process running for 14597.447)
2025-07-24 13:16:14 [restartedMain] INFO  o.s.b.d.a.ConditionEvaluationDeltaLoggingListener -Condition evaluation unchanged
2025-07-24 13:16:15 [File Watcher] INFO  o.s.b.d.a.LocalDevToolsAutoConfiguration$RestartingClassPathChangeChangedEventListener -Restarting due to 19 class path changes (19 additions, 0 deletions, 0 modifications)
2025-07-24 13:16:15 [Thread-69] INFO  o.s.boot.web.embedded.tomcat.GracefulShutdown -Commencing graceful shutdown. Waiting for active requests to complete
2025-07-24 13:16:15 [tomcat-shutdown] INFO  org.apache.coyote.http11.Http11NioProtocol -Pausing ProtocolHandler ["http-nio-8080"]
2025-07-24 13:16:15 [tomcat-shutdown] INFO  o.s.boot.web.embedded.tomcat.GracefulShutdown -Graceful shutdown complete
2025-07-24 13:16:15 [Thread-69] INFO  org.apache.coyote.http11.Http11NioProtocol -Stopping ProtocolHandler ["http-nio-8080"]
2025-07-24 13:16:15 [Thread-69] INFO  o.s.o.j.LocalContainerEntityManagerFactoryBean -Closing JPA EntityManagerFactory for persistence unit 'default'
2025-07-24 13:16:15 [Thread-69] INFO  com.zaxxer.hikari.HikariDataSource -HikariPool-18 - Shutdown initiated...
2025-07-24 13:16:15 [Thread-69] INFO  com.zaxxer.hikari.HikariDataSource -HikariPool-18 - Shutdown completed.
2025-07-24 13:16:15 [restartedMain] INFO  com.example.springdemo.SpringDemoApplication -Starting SpringDemoApplication using Java 21.0.7 with PID 2012 (C:\Users\campus2H052\Desktop\spring-demo\build\classes\java\main started by campus2H052 in C:\Users\campus2H052\Desktop\spring-demo)
2025-07-24 13:16:15 [restartedMain] INFO  com.example.springdemo.SpringDemoApplication -No active profile set, falling back to 1 default profile: "default"
2025-07-24 13:16:15 [restartedMain] INFO  o.s.d.r.config.RepositoryConfigurationDelegate -Bootstrapping Spring Data JPA repositories in DEFAULT mode.
2025-07-24 13:16:15 [restartedMain] INFO  o.s.d.r.config.RepositoryConfigurationDelegate -Finished Spring Data repository scanning in 10 ms. Found 2 JPA repository interfaces.
2025-07-24 13:16:16 [restartedMain] INFO  o.s.boot.web.embedded.tomcat.TomcatWebServer -Tomcat initialized with port 8080 (http)
2025-07-24 13:16:16 [restartedMain] INFO  org.apache.coyote.http11.Http11NioProtocol -Initializing ProtocolHandler ["http-nio-8080"]
2025-07-24 13:16:16 [restartedMain] INFO  org.apache.catalina.core.StandardService -Starting service [Tomcat]
2025-07-24 13:16:16 [restartedMain] INFO  org.apache.catalina.core.StandardEngine -Starting Servlet engine: [Apache Tomcat/10.1.42]
2025-07-24 13:16:16 [restartedMain] INFO  o.a.c.c.C.[Tomcat-2].[localhost].[/] -Initializing Spring embedded WebApplicationContext
2025-07-24 13:16:16 [restartedMain] INFO  o.s.b.w.s.c.ServletWebServerApplicationContext -Root WebApplicationContext: initialization completed in 303 ms
2025-07-24 13:16:16 [restartedMain] INFO  org.hibernate.jpa.internal.util.LogHelper -HHH000204: Processing PersistenceUnitInfo [name: default]
2025-07-24 13:16:16 [restartedMain] INFO  o.h.cache.internal.RegionFactoryInitiator -HHH000026: Second-level cache disabled
2025-07-24 13:16:16 [restartedMain] INFO  o.s.o.j.p.SpringPersistenceUnitInfo -No LoadTimeWeaver setup: ignoring JPA class transformer
2025-07-24 13:16:16 [restartedMain] INFO  com.zaxxer.hikari.HikariDataSource -HikariPool-19 - Starting...
2025-07-24 13:16:16 [restartedMain] INFO  com.zaxxer.hikari.pool.HikariPool -HikariPool-19 - Added connection com.mysql.cj.jdbc.ConnectionImpl@27667a9f
2025-07-24 13:16:16 [restartedMain] INFO  com.zaxxer.hikari.HikariDataSource -HikariPool-19 - Start completed.
2025-07-24 13:16:16 [restartedMain] INFO  org.hibernate.orm.connections.pooling -HHH10001005: Database info:
	Database JDBC URL [Connecting through datasource 'HikariDataSource (HikariPool-19)']
	Database driver: undefined/unknown
	Database version: 8.0.42
	Autocommit mode: undefined/unknown
	Isolation level: undefined/unknown
	Minimum pool size: undefined/unknown
	Maximum pool size: undefined/unknown
2025-07-24 13:16:16 [restartedMain] INFO  o.h.e.t.j.p.internal.JtaPlatformInitiator -HHH000489: No JTA platform available (set 'hibernate.transaction.jta.platform' to enable JTA platform integration)
2025-07-24 13:16:16 [restartedMain] INFO  o.s.o.j.LocalContainerEntityManagerFactoryBean -Initialized JPA EntityManagerFactory for persistence unit 'default'
2025-07-24 13:16:16 [restartedMain] WARN  o.s.b.a.o.j.JpaBaseConfiguration$JpaWebConfiguration -spring.jpa.open-in-view is enabled by default. Therefore, database queries may be performed during view rendering. Explicitly configure spring.jpa.open-in-view to disable this warning
2025-07-24 13:16:16 [restartedMain] INFO  o.s.b.a.web.servlet.WelcomePageHandlerMapping -Adding welcome page: class path resource [static/index.html]
2025-07-24 13:16:16 [restartedMain] INFO  o.s.b.d.autoconfigure.OptionalLiveReloadServer -LiveReload server is running on port 35729
2025-07-24 13:16:16 [restartedMain] INFO  org.apache.coyote.http11.Http11NioProtocol -Starting ProtocolHandler ["http-nio-8080"]
2025-07-24 13:16:16 [restartedMain] INFO  o.s.boot.web.embedded.tomcat.TomcatWebServer -Tomcat started on port 8080 (http) with context path '/'
2025-07-24 13:16:16 [restartedMain] INFO  com.example.springdemo.SpringDemoApplication -Started SpringDemoApplication in 0.938 seconds (process running for 14599.853)
2025-07-24 13:16:16 [restartedMain] INFO  o.s.b.d.a.ConditionEvaluationDeltaLoggingListener -Condition evaluation unchanged
