2025-07-28 10:58:52 [background-preinit] INFO  org.hibernate.validator.internal.util.Version HV000001: Hibernate Validator 8.0.2.Final
2025-07-28 10:58:52 [Test worker] INFO  com.example.springdemo.BoardRepositoryTests Starting BoardRepositoryTests using Java 21.0.7 with PID 8340 (started by campus2H052 in C:\Users\campus2H052\Desktop\spring-demo)
2025-07-28 10:58:52 [Test worker] INFO  com.example.springdemo.BoardRepositoryTests No active profile set, falling back to 1 default profile: "default"
2025-07-28 10:58:53 [Test worker] INFO  o.s.d.r.config.RepositoryConfigurationDelegate Bootstrapping Spring Data JPA repositories in DEFAULT mode.
2025-07-28 10:58:53 [Test worker] INFO  o.s.d.r.config.RepositoryConfigurationDelegate Finished Spring Data repository scanning in 74 ms. Found 4 JPA repository interfaces.
2025-07-28 10:58:53 [Test worker] INFO  org.hibernate.jpa.internal.util.LogHelper HHH000204: Processing PersistenceUnitInfo [name: default]
2025-07-28 10:58:53 [Test worker] INFO  org.hibernate.Version HHH000412: Hibernate ORM core version 6.6.18.Final
2025-07-28 10:58:53 [Test worker] INFO  o.h.cache.internal.RegionFactoryInitiator HHH000026: Second-level cache disabled
2025-07-28 10:58:54 [Test worker] INFO  o.s.o.j.p.SpringPersistenceUnitInfo No LoadTimeWeaver setup: ignoring JPA class transformer
2025-07-28 10:58:54 [Test worker] INFO  com.zaxxer.hikari.HikariDataSource HikariPool-1 - Starting...
2025-07-28 10:58:54 [Test worker] INFO  com.zaxxer.hikari.pool.HikariPool HikariPool-1 - Added connection com.mysql.cj.jdbc.ConnectionImpl@6ed7b9c5
2025-07-28 10:58:54 [Test worker] INFO  com.zaxxer.hikari.HikariDataSource HikariPool-1 - Start completed.
2025-07-28 10:58:54 [Test worker] INFO  org.hibernate.orm.connections.pooling HHH10001005: Database info:
	Database JDBC URL [Connecting through datasource 'HikariDataSource (HikariPool-1)']
	Database driver: undefined/unknown
	Database version: 8.0.42
	Autocommit mode: undefined/unknown
	Isolation level: undefined/unknown
	Minimum pool size: undefined/unknown
	Maximum pool size: undefined/unknown
2025-07-28 10:58:55 [Test worker] INFO  o.h.e.t.j.p.internal.JtaPlatformInitiator HHH000489: No JTA platform available (set 'hibernate.transaction.jta.platform' to enable JTA platform integration)
2025-07-28 10:58:55 [Test worker] INFO  o.s.o.j.LocalContainerEntityManagerFactoryBean Initialized JPA EntityManagerFactory for persistence unit 'default'
2025-07-28 10:58:55 [Test worker] INFO  o.s.d.j.repository.query.QueryEnhancerFactory Hibernate is in classpath; If applicable, HQL parser will be used.
2025-07-28 10:58:56 [Test worker] WARN  o.s.b.a.o.j.JpaBaseConfiguration$JpaWebConfiguration spring.jpa.open-in-view is enabled by default. Therefore, database queries may be performed during view rendering. Explicitly configure spring.jpa.open-in-view to disable this warning
2025-07-28 10:58:56 [Test worker] INFO  o.s.b.a.web.servlet.WelcomePageHandlerMapping Adding welcome page: class path resource [static/index.html]
2025-07-28 10:58:56 [Test worker] INFO  com.example.springdemo.BoardRepositoryTests Started BoardRepositoryTests in 5.031 seconds (process running for 6.258)
2025-07-28 10:58:57 [Test worker] INFO  com.example.springdemo.BoardRepositoryTests BoardDTO(bno=100, title=Title...100, content=Content...100, writerEmail=user100@aaa.com, writerName=USER100, regDate=2025-07-25T10:27:46.344654, modDate=2025-07-25T10:27:46.344654, replyCount=1, hit=0)
2025-07-28 10:58:57 [Test worker] INFO  com.example.springdemo.BoardRepositoryTests BoardDTO(bno=99, title=Title...99, content=Content...99, writerEmail=user99@aaa.com, writerName=USER99, regDate=2025-07-25T10:27:46.338650, modDate=2025-07-25T10:27:46.338650, replyCount=1, hit=0)
2025-07-28 10:58:57 [Test worker] INFO  com.example.springdemo.BoardRepositoryTests BoardDTO(bno=98, title=Title...98, content=Content...98, writerEmail=user98@aaa.com, writerName=USER98, regDate=2025-07-25T10:27:46.333651, modDate=2025-07-25T10:27:46.333651, replyCount=0, hit=0)
2025-07-28 10:58:57 [Test worker] INFO  com.example.springdemo.BoardRepositoryTests BoardDTO(bno=97, title=Title...97, content=Content...97, writerEmail=user97@aaa.com, writerName=USER97, regDate=2025-07-25T10:27:46.326651, modDate=2025-07-25T10:27:46.326651, replyCount=1, hit=0)
2025-07-28 10:58:57 [Test worker] INFO  com.example.springdemo.BoardRepositoryTests BoardDTO(bno=96, title=Title...96, content=Content...96, writerEmail=user96@aaa.com, writerName=USER96, regDate=2025-07-25T10:27:46.319655, modDate=2025-07-25T10:27:46.319655, replyCount=0, hit=0)
2025-07-28 10:58:57 [Test worker] INFO  com.example.springdemo.BoardRepositoryTests BoardDTO(bno=95, title=Title...95, content=Content...95, writerEmail=user95@aaa.com, writerName=USER95, regDate=2025-07-25T10:27:46.312652, modDate=2025-07-25T10:27:46.312652, replyCount=0, hit=0)
2025-07-28 10:58:57 [Test worker] INFO  com.example.springdemo.BoardRepositoryTests BoardDTO(bno=94, title=Title...94, content=Content...94, writerEmail=user94@aaa.com, writerName=USER94, regDate=2025-07-25T10:27:46.305651, modDate=2025-07-25T10:27:46.305651, replyCount=2, hit=0)
2025-07-28 10:58:57 [Test worker] INFO  com.example.springdemo.BoardRepositoryTests BoardDTO(bno=93, title=Title...93, content=Content...93, writerEmail=user93@aaa.com, writerName=USER93, regDate=2025-07-25T10:27:46.299656, modDate=2025-07-25T10:27:46.299656, replyCount=1, hit=0)
2025-07-28 10:58:57 [Test worker] INFO  com.example.springdemo.BoardRepositoryTests BoardDTO(bno=92, title=Title...92, content=Content...92, writerEmail=user92@aaa.com, writerName=USER92, regDate=2025-07-25T10:27:46.292650, modDate=2025-07-25T10:27:46.292650, replyCount=2, hit=0)
2025-07-28 10:58:57 [Test worker] INFO  com.example.springdemo.BoardRepositoryTests BoardDTO(bno=91, title=Title...91, content=Content...91, writerEmail=user91@aaa.com, writerName=USER91, regDate=2025-07-25T10:27:46.286652, modDate=2025-07-25T10:27:46.286652, replyCount=2, hit=0)
2025-07-28 10:58:57 [SpringApplicationShutdownHook] INFO  o.s.o.j.LocalContainerEntityManagerFactoryBean Closing JPA EntityManagerFactory for persistence unit 'default'
2025-07-28 10:58:57 [SpringApplicationShutdownHook] INFO  com.zaxxer.hikari.HikariDataSource HikariPool-1 - Shutdown initiated...
2025-07-28 10:58:57 [SpringApplicationShutdownHook] INFO  com.zaxxer.hikari.HikariDataSource HikariPool-1 - Shutdown completed.
