2025-07-25 11:33:15 [background-preinit] INFO  org.hibernate.validator.internal.util.Version HV000001: Hibernate Validator 8.0.2.Final
2025-07-25 11:33:15 [Test worker] INFO  com.example.springdemo.BoardRepositoryTests Starting BoardRepositoryTests using Java 21.0.7 with PID 24932 (started by campus2H052 in C:\Users\campus2H052\Desktop\spring-demo)
2025-07-25 11:33:15 [Test worker] INFO  com.example.springdemo.BoardRepositoryTests No active profile set, falling back to 1 default profile: "default"
2025-07-25 11:33:15 [Test worker] INFO  o.s.d.r.config.RepositoryConfigurationDelegate Bootstrapping Spring Data JPA repositories in DEFAULT mode.
2025-07-25 11:33:15 [Test worker] INFO  o.s.d.r.config.RepositoryConfigurationDelegate Finished Spring Data repository scanning in 53 ms. Found 4 JPA repository interfaces.
2025-07-25 11:33:16 [Test worker] INFO  org.hibernate.jpa.internal.util.LogHelper HHH000204: Processing PersistenceUnitInfo [name: default]
2025-07-25 11:33:16 [Test worker] INFO  org.hibernate.Version HHH000412: Hibernate ORM core version 6.6.18.Final
2025-07-25 11:33:16 [Test worker] INFO  o.h.cache.internal.RegionFactoryInitiator HHH000026: Second-level cache disabled
2025-07-25 11:33:16 [Test worker] INFO  o.s.o.j.p.SpringPersistenceUnitInfo No LoadTimeWeaver setup: ignoring JPA class transformer
2025-07-25 11:33:16 [Test worker] INFO  com.zaxxer.hikari.HikariDataSource HikariPool-1 - Starting...
2025-07-25 11:33:16 [Test worker] INFO  com.zaxxer.hikari.pool.HikariPool HikariPool-1 - Added connection com.mysql.cj.jdbc.ConnectionImpl@264576e4
2025-07-25 11:33:16 [Test worker] INFO  com.zaxxer.hikari.HikariDataSource HikariPool-1 - Start completed.
2025-07-25 11:33:16 [Test worker] INFO  org.hibernate.orm.connections.pooling HHH10001005: Database info:
	Database JDBC URL [Connecting through datasource 'HikariDataSource (HikariPool-1)']
	Database driver: undefined/unknown
	Database version: 8.0.42
	Autocommit mode: undefined/unknown
	Isolation level: undefined/unknown
	Minimum pool size: undefined/unknown
	Maximum pool size: undefined/unknown
2025-07-25 11:33:17 [Test worker] INFO  o.h.e.t.j.p.internal.JtaPlatformInitiator HHH000489: No JTA platform available (set 'hibernate.transaction.jta.platform' to enable JTA platform integration)
2025-07-25 11:33:17 [Test worker] INFO  o.s.o.j.LocalContainerEntityManagerFactoryBean Initialized JPA EntityManagerFactory for persistence unit 'default'
2025-07-25 11:33:17 [Test worker] WARN  o.s.b.a.o.j.JpaBaseConfiguration$JpaWebConfiguration spring.jpa.open-in-view is enabled by default. Therefore, database queries may be performed during view rendering. Explicitly configure spring.jpa.open-in-view to disable this warning
2025-07-25 11:33:17 [Test worker] INFO  o.s.b.a.web.servlet.WelcomePageHandlerMapping Adding welcome page: class path resource [static/index.html]
2025-07-25 11:33:18 [Test worker] INFO  o.s.d.j.repository.query.QueryEnhancerFactory Hibernate is in classpath; If applicable, HQL parser will be used.
2025-07-25 11:33:19 [Test worker] INFO  com.example.springdemo.BoardRepositoryTests Started BoardRepositoryTests in 4.547 seconds (process running for 5.733)
2025-07-25 11:33:19 [Test worker] INFO  com.example.springdemo.BoardRepositoryTests [Board(bno=100, title=Title...100, content=Content...100, hit=0), Member(email=user100@aaa.com, password=1111, name=USER100), 1]
2025-07-25 11:33:19 [Test worker] INFO  com.example.springdemo.BoardRepositoryTests [Board(bno=99, title=Title...99, content=Content...99, hit=0), Member(email=user99@aaa.com, password=1111, name=USER99), 1]
2025-07-25 11:33:19 [Test worker] INFO  com.example.springdemo.BoardRepositoryTests [Board(bno=98, title=Title...98, content=Content...98, hit=0), Member(email=user98@aaa.com, password=1111, name=USER98), 0]
2025-07-25 11:33:19 [Test worker] INFO  com.example.springdemo.BoardRepositoryTests [Board(bno=97, title=Title...97, content=Content...97, hit=0), Member(email=user97@aaa.com, password=1111, name=USER97), 1]
2025-07-25 11:33:19 [Test worker] INFO  com.example.springdemo.BoardRepositoryTests [Board(bno=96, title=Title...96, content=Content...96, hit=0), Member(email=user96@aaa.com, password=1111, name=USER96), 0]
2025-07-25 11:33:19 [Test worker] INFO  com.example.springdemo.BoardRepositoryTests [Board(bno=95, title=Title...95, content=Content...95, hit=0), Member(email=user95@aaa.com, password=1111, name=USER95), 0]
2025-07-25 11:33:19 [Test worker] INFO  com.example.springdemo.BoardRepositoryTests [Board(bno=94, title=Title...94, content=Content...94, hit=0), Member(email=user94@aaa.com, password=1111, name=USER94), 2]
2025-07-25 11:33:19 [Test worker] INFO  com.example.springdemo.BoardRepositoryTests [Board(bno=93, title=Title...93, content=Content...93, hit=0), Member(email=user93@aaa.com, password=1111, name=USER93), 1]
2025-07-25 11:33:19 [Test worker] INFO  com.example.springdemo.BoardRepositoryTests [Board(bno=92, title=Title...92, content=Content...92, hit=0), Member(email=user92@aaa.com, password=1111, name=USER92), 2]
2025-07-25 11:33:19 [Test worker] INFO  com.example.springdemo.BoardRepositoryTests [Board(bno=91, title=Title...91, content=Content...91, hit=0), Member(email=user91@aaa.com, password=1111, name=USER91), 2]
2025-07-25 11:33:19 [SpringApplicationShutdownHook] INFO  o.s.o.j.LocalContainerEntityManagerFactoryBean Closing JPA EntityManagerFactory for persistence unit 'default'
2025-07-25 11:33:19 [SpringApplicationShutdownHook] INFO  com.zaxxer.hikari.HikariDataSource HikariPool-1 - Shutdown initiated...
2025-07-25 11:33:19 [SpringApplicationShutdownHook] INFO  com.zaxxer.hikari.HikariDataSource HikariPool-1 - Shutdown completed.
