2025-07-28 10:33:14 [background-preinit] INFO  org.hibernate.validator.internal.util.Version HV000001: Hibernate Validator 8.0.2.Final
2025-07-28 10:33:14 [Test worker] INFO  com.example.springdemo.BoardRepositoryTests Starting BoardRepositoryTests using Java 21.0.7 with PID 16836 (started by campus2H052 in C:\Users\campus2H052\Desktop\spring-demo)
2025-07-28 10:33:14 [Test worker] INFO  com.example.springdemo.BoardRepositoryTests No active profile set, falling back to 1 default profile: "default"
2025-07-28 10:33:15 [Test worker] INFO  o.s.d.r.config.RepositoryConfigurationDelegate Bootstrapping Spring Data JPA repositories in DEFAULT mode.
2025-07-28 10:33:15 [Test worker] INFO  o.s.d.r.config.RepositoryConfigurationDelegate Finished Spring Data repository scanning in 77 ms. Found 4 JPA repository interfaces.
2025-07-28 10:33:15 [Test worker] INFO  org.hibernate.jpa.internal.util.LogHelper HHH000204: Processing PersistenceUnitInfo [name: default]
2025-07-28 10:33:15 [Test worker] INFO  org.hibernate.Version HHH000412: Hibernate ORM core version 6.6.18.Final
2025-07-28 10:33:16 [Test worker] INFO  o.h.cache.internal.RegionFactoryInitiator HHH000026: Second-level cache disabled
2025-07-28 10:33:16 [Test worker] INFO  o.s.o.j.p.SpringPersistenceUnitInfo No LoadTimeWeaver setup: ignoring JPA class transformer
2025-07-28 10:33:16 [Test worker] INFO  com.zaxxer.hikari.HikariDataSource HikariPool-1 - Starting...
2025-07-28 10:33:16 [Test worker] INFO  com.zaxxer.hikari.pool.HikariPool HikariPool-1 - Added connection com.mysql.cj.jdbc.ConnectionImpl@206bd7a0
2025-07-28 10:33:16 [Test worker] INFO  com.zaxxer.hikari.HikariDataSource HikariPool-1 - Start completed.
2025-07-28 10:33:16 [Test worker] INFO  org.hibernate.orm.connections.pooling HHH10001005: Database info:
	Database JDBC URL [Connecting through datasource 'HikariDataSource (HikariPool-1)']
	Database driver: undefined/unknown
	Database version: 8.0.42
	Autocommit mode: undefined/unknown
	Isolation level: undefined/unknown
	Minimum pool size: undefined/unknown
	Maximum pool size: undefined/unknown
2025-07-28 10:33:17 [Test worker] INFO  o.h.e.t.j.p.internal.JtaPlatformInitiator HHH000489: No JTA platform available (set 'hibernate.transaction.jta.platform' to enable JTA platform integration)
2025-07-28 10:33:17 [Test worker] INFO  o.s.o.j.LocalContainerEntityManagerFactoryBean Initialized JPA EntityManagerFactory for persistence unit 'default'
2025-07-28 10:33:17 [Test worker] INFO  o.s.d.j.repository.query.QueryEnhancerFactory Hibernate is in classpath; If applicable, HQL parser will be used.
2025-07-28 10:33:18 [Test worker] WARN  o.s.b.a.o.j.JpaBaseConfiguration$JpaWebConfiguration spring.jpa.open-in-view is enabled by default. Therefore, database queries may be performed during view rendering. Explicitly configure spring.jpa.open-in-view to disable this warning
2025-07-28 10:33:18 [Test worker] INFO  o.s.b.a.web.servlet.WelcomePageHandlerMapping Adding welcome page: class path resource [static/index.html]
2025-07-28 10:33:19 [Test worker] INFO  com.example.springdemo.BoardRepositoryTests Started BoardRepositoryTests in 5.003 seconds (process running for 6.239)
2025-07-28 10:33:19 [Test worker] INFO  com.example.springdemo.BoardRepositoryTests BoardReplyDTO(bno=100, title=Title...100, content=Content...100, hit=0, regDate=2025-07-25T10:27:46.344654, modDate=2025-07-25T10:27:46.344654, rno=45, reply=Reply...45, replyer=guest, replyRegDate=2025-07-25T10:27:57.637362)
2025-07-28 10:33:19 [SpringApplicationShutdownHook] INFO  o.s.o.j.LocalContainerEntityManagerFactoryBean Closing JPA EntityManagerFactory for persistence unit 'default'
2025-07-28 10:33:19 [SpringApplicationShutdownHook] INFO  com.zaxxer.hikari.HikariDataSource HikariPool-1 - Shutdown initiated...
2025-07-28 10:33:19 [SpringApplicationShutdownHook] INFO  com.zaxxer.hikari.HikariDataSource HikariPool-1 - Shutdown completed.
