2025-07-24 13:23:28 [background-preinit] INFO  org.hibernate.validator.internal.util.Version -HV000001: Hibernate Validator 8.0.2.Final
2025-07-24 13:23:28 [restartedMain] INFO  com.example.springdemo.SpringDemoApplication -Starting SpringDemoApplication using Java 21.0.7 with PID 10408 (C:\Users\campus2H052\Desktop\spring-demo\build\classes\java\main started by campus2H052 in C:\Users\campus2H052\Desktop\spring-demo)
2025-07-24 13:23:28 [restartedMain] INFO  com.example.springdemo.SpringDemoApplication -No active profile set, falling back to 1 default profile: "default"
2025-07-24 13:23:28 [restartedMain] INFO  o.s.b.d.e.DevToolsPropertyDefaultsPostProcessor -Devtools property defaults active! Set 'spring.devtools.add-properties' to 'false' to disable
2025-07-24 13:23:28 [restartedMain] INFO  o.s.b.d.e.DevToolsPropertyDefaultsPostProcessor -For additional web related logging consider setting the 'logging.level.web' property to 'DEBUG'
2025-07-24 13:23:28 [restartedMain] INFO  o.s.d.r.config.RepositoryConfigurationDelegate -Bootstrapping Spring Data JPA repositories in DEFAULT mode.
2025-07-24 13:23:28 [restartedMain] INFO  o.s.d.r.config.RepositoryConfigurationDelegate -Finished Spring Data repository scanning in 39 ms. Found 2 JPA repository interfaces.
2025-07-24 13:23:29 [restartedMain] INFO  o.s.boot.web.embedded.tomcat.TomcatWebServer -Tomcat initialized with port 8080 (http)
2025-07-24 13:23:29 [restartedMain] INFO  org.apache.coyote.http11.Http11NioProtocol -Initializing ProtocolHandler ["http-nio-8080"]
2025-07-24 13:23:29 [restartedMain] INFO  org.apache.catalina.core.StandardService -Starting service [Tomcat]
2025-07-24 13:23:29 [restartedMain] INFO  org.apache.catalina.core.StandardEngine -Starting Servlet engine: [Apache Tomcat/10.1.42]
2025-07-24 13:23:29 [restartedMain] INFO  o.a.c.c.ContainerBase.[Tomcat].[localhost].[/] -Initializing Spring embedded WebApplicationContext
2025-07-24 13:23:29 [restartedMain] INFO  o.s.b.w.s.c.ServletWebServerApplicationContext -Root WebApplicationContext: initialization completed in 1177 ms
2025-07-24 13:23:29 [restartedMain] INFO  org.hibernate.jpa.internal.util.LogHelper -HHH000204: Processing PersistenceUnitInfo [name: default]
2025-07-24 13:23:29 [restartedMain] INFO  org.hibernate.Version -HHH000412: Hibernate ORM core version 6.6.18.Final
2025-07-24 13:23:29 [restartedMain] INFO  o.h.cache.internal.RegionFactoryInitiator -HHH000026: Second-level cache disabled
2025-07-24 13:23:29 [restartedMain] INFO  o.s.o.j.p.SpringPersistenceUnitInfo -No LoadTimeWeaver setup: ignoring JPA class transformer
2025-07-24 13:23:29 [restartedMain] INFO  com.zaxxer.hikari.HikariDataSource -HikariPool-1 - Starting...
2025-07-24 13:23:29 [restartedMain] INFO  com.zaxxer.hikari.pool.HikariPool -HikariPool-1 - Added connection com.mysql.cj.jdbc.ConnectionImpl@18bef4e8
2025-07-24 13:23:29 [restartedMain] INFO  com.zaxxer.hikari.HikariDataSource -HikariPool-1 - Start completed.
2025-07-24 13:23:29 [restartedMain] INFO  org.hibernate.orm.connections.pooling -HHH10001005: Database info:
	Database JDBC URL [Connecting through datasource 'HikariDataSource (HikariPool-1)']
	Database driver: undefined/unknown
	Database version: 8.0.42
	Autocommit mode: undefined/unknown
	Isolation level: undefined/unknown
	Minimum pool size: undefined/unknown
	Maximum pool size: undefined/unknown
2025-07-24 13:23:30 [restartedMain] INFO  o.h.e.t.j.p.internal.JtaPlatformInitiator -HHH000489: No JTA platform available (set 'hibernate.transaction.jta.platform' to enable JTA platform integration)
2025-07-24 13:23:30 [restartedMain] INFO  o.s.o.j.LocalContainerEntityManagerFactoryBean -Initialized JPA EntityManagerFactory for persistence unit 'default'
2025-07-24 13:23:30 [restartedMain] WARN  o.s.b.w.s.c.AnnotationConfigServletWebServerApplicationContext -Exception encountered during context initialization - cancelling refresh attempt: org.springframework.beans.factory.BeanCreationException: Error creating bean with name 'entityManagerFactory' defined in class path resource [org/springframework/boot/autoconfigure/orm/jpa/HibernateJpaConfiguration.class]: EntityManagerFactory interface [interface org.hibernate.SessionFactory] seems to conflict with Spring's EntityManagerFactoryInfo mixin - consider resetting the 'entityManagerFactoryInterface' property to plain [jakarta.persistence.EntityManagerFactory]
2025-07-24 13:23:30 [restartedMain] INFO  com.zaxxer.hikari.HikariDataSource -HikariPool-1 - Shutdown initiated...
2025-07-24 13:23:30 [restartedMain] INFO  com.zaxxer.hikari.HikariDataSource -HikariPool-1 - Shutdown completed.
2025-07-24 13:23:30 [restartedMain] INFO  org.apache.catalina.core.StandardService -Stopping service [Tomcat]
2025-07-24 13:23:30 [restartedMain] INFO  o.s.b.a.l.ConditionEvaluationReportLogger -

Error starting ApplicationContext. To display the condition evaluation report re-run your application with 'debug' enabled.
2025-07-24 13:23:30 [restartedMain] ERROR org.springframework.boot.SpringApplication -Application run failed
org.springframework.beans.factory.BeanCreationException: Error creating bean with name 'entityManagerFactory' defined in class path resource [org/springframework/boot/autoconfigure/orm/jpa/HibernateJpaConfiguration.class]: EntityManagerFactory interface [interface org.hibernate.SessionFactory] seems to conflict with Spring's EntityManagerFactoryInfo mixin - consider resetting the 'entityManagerFactoryInterface' property to plain [jakarta.persistence.EntityManagerFactory]
	at org.springframework.beans.factory.support.AbstractAutowireCapableBeanFactory.initializeBean(AbstractAutowireCapableBeanFactory.java:1826)
	at org.springframework.beans.factory.support.AbstractAutowireCapableBeanFactory.doCreateBean(AbstractAutowireCapableBeanFactory.java:607)
	at org.springframework.beans.factory.support.AbstractAutowireCapableBeanFactory.createBean(AbstractAutowireCapableBeanFactory.java:529)
	at org.springframework.beans.factory.support.AbstractBeanFactory.lambda$doGetBean$0(AbstractBeanFactory.java:339)
	at org.springframework.beans.factory.support.DefaultSingletonBeanRegistry.getSingleton(DefaultSingletonBeanRegistry.java:373)
	at org.springframework.beans.factory.support.AbstractBeanFactory.doGetBean(AbstractBeanFactory.java:337)
	at org.springframework.beans.factory.support.AbstractBeanFactory.getBean(AbstractBeanFactory.java:207)
	at org.springframework.context.support.AbstractApplicationContext.finishBeanFactoryInitialization(AbstractApplicationContext.java:970)
	at org.springframework.context.support.AbstractApplicationContext.refresh(AbstractApplicationContext.java:627)
	at org.springframework.boot.web.servlet.context.ServletWebServerApplicationContext.refresh(ServletWebServerApplicationContext.java:146)
	at org.springframework.boot.SpringApplication.refresh(SpringApplication.java:752)
	at org.springframework.boot.SpringApplication.refreshContext(SpringApplication.java:439)
	at org.springframework.boot.SpringApplication.run(SpringApplication.java:318)
	at org.springframework.boot.SpringApplication.run(SpringApplication.java:1361)
	at org.springframework.boot.SpringApplication.run(SpringApplication.java:1350)
	at com.example.springdemo.SpringDemoApplication.main(SpringDemoApplication.java:12)
	at java.base/jdk.internal.reflect.DirectMethodHandleAccessor.invoke(DirectMethodHandleAccessor.java:103)
	at java.base/java.lang.reflect.Method.invoke(Method.java:580)
	at org.springframework.boot.devtools.restart.RestartLauncher.run(RestartLauncher.java:50)
Caused by: java.lang.IllegalStateException: EntityManagerFactory interface [interface org.hibernate.SessionFactory] seems to conflict with Spring's EntityManagerFactoryInfo mixin - consider resetting the 'entityManagerFactoryInterface' property to plain [jakarta.persistence.EntityManagerFactory]
	at org.springframework.orm.jpa.AbstractEntityManagerFactoryBean.createEntityManagerFactoryProxy(AbstractEntityManagerFactoryBean.java:479)
	at org.springframework.orm.jpa.AbstractEntityManagerFactoryBean.afterPropertiesSet(AbstractEntityManagerFactoryBean.java:407)
	at org.springframework.orm.jpa.LocalContainerEntityManagerFactoryBean.afterPropertiesSet(LocalContainerEntityManagerFactoryBean.java:366)
	at org.springframework.beans.factory.support.AbstractAutowireCapableBeanFactory.invokeInitMethods(AbstractAutowireCapableBeanFactory.java:1873)
	at org.springframework.beans.factory.support.AbstractAutowireCapableBeanFactory.initializeBean(AbstractAutowireCapableBeanFactory.java:1822)
	... 18 common frames omitted
Caused by: java.lang.IllegalArgumentException: methods with same signature getSchemaManager() but incompatible return types: [interface org.hibernate.relational.SchemaManager, interface jakarta.persistence.SchemaManager]
	at java.base/java.lang.reflect.ProxyGenerator.checkReturnTypes(ProxyGenerator.java:311)
	at java.base/java.lang.reflect.ProxyGenerator.generateClassFile(ProxyGenerator.java:488)
	at java.base/java.lang.reflect.ProxyGenerator.generateProxyClass(ProxyGenerator.java:178)
	at java.base/java.lang.reflect.Proxy$ProxyBuilder.defineProxyClass(Proxy.java:544)
	at java.base/java.lang.reflect.Proxy$ProxyBuilder.build(Proxy.java:657)
	at java.base/java.lang.reflect.Proxy.lambda$getProxyConstructor$1(Proxy.java:440)
	at java.base/jdk.internal.loader.AbstractClassLoaderValue$Memoizer.get(AbstractClassLoaderValue.java:329)
	at java.base/jdk.internal.loader.AbstractClassLoaderValue.computeIfAbsent(AbstractClassLoaderValue.java:205)
	at java.base/java.lang.reflect.Proxy.getProxyConstructor(Proxy.java:438)
	at java.base/java.lang.reflect.Proxy.newProxyInstance(Proxy.java:1034)
	at org.springframework.orm.jpa.AbstractEntityManagerFactoryBean.createEntityManagerFactoryProxy(AbstractEntityManagerFactoryBean.java:474)
	... 22 common frames omitted
