2025-07-28 13:54:00 [Test worker] INFO  o.s.d.j.repository.query.QueryEnhancerFactory Hibernate is in classpath; If applicable, HQL parser will be used.
2025-07-28 13:54:01 [Test worker] WARN  o.s.b.a.o.j.JpaBaseConfiguration$JpaWebConfiguration spring.jpa.open-in-view is enabled by default. Therefore, database queries may be performed during view rendering. Explicitly configure spring.jpa.open-in-view to disable this warning
2025-07-28 13:54:01 [Test worker] INFO  o.s.b.a.web.servlet.WelcomePageHandlerMapping Adding welcome page: class path resource [static/index.html]
2025-07-28 13:54:01 [Test worker] INFO  com.example.springdemo.BoardServiceTests Started BoardServiceTests in 6.216 seconds (process running for 7.751)
2025-07-28 13:54:02 [Test worker] INFO  com.example.springdemo.entity.BoardService requestDTO: PageRequestDTO(page=1, size=5)
2025-07-28 13:54:02 [Test worker] INFO  com.example.springdemo.BoardServiceTests PREV: false
2025-07-28 13:54:02 [Test worker] INFO  com.example.springdemo.BoardServiceTests NEXT: true
2025-07-28 13:54:02 [Test worker] INFO  com.example.springdemo.BoardServiceTests TOTAL PAGE: 20
2025-07-28 13:54:02 [Test worker] INFO  com.example.springdemo.BoardServiceTests --------------------------------------------
2025-07-28 13:54:02 [Test worker] INFO  com.example.springdemo.BoardServiceTests BoardDTO(bno=120, title=Test Title1, content=Test Content1, writerEmail=user5@aaa.com, writerName=USER5, regDate=2025-07-28T11:06:29.698636, modDate=2025-07-28T11:06:29.698636, replyCount=0, hit=0)
2025-07-28 13:54:02 [Test worker] INFO  com.example.springdemo.BoardServiceTests BoardDTO(bno=100, title=Title...100, content=Content...100, writerEmail=user100@aaa.com, writerName=USER100, regDate=2025-07-25T10:27:46.344654, modDate=2025-07-25T10:27:46.344654, replyCount=1, hit=0)
2025-07-28 13:54:02 [Test worker] INFO  com.example.springdemo.BoardServiceTests BoardDTO(bno=99, title=Title...99, content=Content...99, writerEmail=user99@aaa.com, writerName=USER99, regDate=2025-07-25T10:27:46.338650, modDate=2025-07-25T10:27:46.338650, replyCount=1, hit=0)
2025-07-28 13:54:02 [Test worker] INFO  com.example.springdemo.BoardServiceTests BoardDTO(bno=98, title=Title...98, content=Content...98, writerEmail=user98@aaa.com, writerName=USER98, regDate=2025-07-25T10:27:46.333651, modDate=2025-07-25T10:27:46.333651, replyCount=0, hit=0)
2025-07-28 13:54:02 [Test worker] INFO  com.example.springdemo.BoardServiceTests BoardDTO(bno=97, title=Title...97, content=Content...97, writerEmail=user97@aaa.com, writerName=USER97, regDate=2025-07-25T10:27:46.326651, modDate=2025-07-25T10:27:46.326651, replyCount=1, hit=0)
2025-07-28 13:54:02 [Test worker] INFO  com.example.springdemo.BoardServiceTests ----------------------------------------------
2025-07-28 13:54:02 [Test worker] INFO  com.example.springdemo.BoardServiceTests 1
2025-07-28 13:54:02 [Test worker] INFO  com.example.springdemo.BoardServiceTests 2
2025-07-28 13:54:02 [Test worker] INFO  com.example.springdemo.BoardServiceTests 3
2025-07-28 13:54:02 [Test worker] INFO  com.example.springdemo.BoardServiceTests 4
2025-07-28 13:54:02 [Test worker] INFO  com.example.springdemo.BoardServiceTests 5
2025-07-28 13:54:02 [Test worker] INFO  com.example.springdemo.BoardServiceTests 6
2025-07-28 13:54:02 [Test worker] INFO  com.example.springdemo.BoardServiceTests 7
2025-07-28 13:54:02 [Test worker] INFO  com.example.springdemo.BoardServiceTests 8
2025-07-28 13:54:02 [Test worker] INFO  com.example.springdemo.BoardServiceTests 9
2025-07-28 13:54:02 [Test worker] INFO  com.example.springdemo.BoardServiceTests 10
2025-07-28 13:54:02 [SpringApplicationShutdownHook] INFO  o.s.o.j.LocalContainerEntityManagerFactoryBean Closing JPA EntityManagerFactory for persistence unit 'default'
2025-07-28 13:54:02 [SpringApplicationShutdownHook] INFO  com.zaxxer.hikari.HikariDataSource HikariPool-1 - Shutdown initiated...
2025-07-28 13:54:02 [SpringApplicationShutdownHook] INFO  com.zaxxer.hikari.HikariDataSource HikariPool-1 - Shutdown completed.
2025-07-28 13:54:51 [background-preinit] INFO  org.hibernate.validator.internal.util.Version HV000001: Hibernate Validator 8.0.2.Final
2025-07-28 13:54:51 [restartedMain] INFO  com.example.springdemo.SpringDemoApplication Starting SpringDemoApplication using Java 21.0.7 with PID 7292 (C:\Users\campus2H052\Desktop\spring-demo\build\classes\java\main started by campus2H052 in C:\Users\campus2H052\Desktop\spring-demo)
2025-07-28 13:54:51 [restartedMain] INFO  com.example.springdemo.SpringDemoApplication No active profile set, falling back to 1 default profile: "default"
2025-07-28 13:54:51 [restartedMain] INFO  o.s.b.d.e.DevToolsPropertyDefaultsPostProcessor Devtools property defaults active! Set 'spring.devtools.add-properties' to 'false' to disable
2025-07-28 13:54:51 [restartedMain] INFO  o.s.b.d.e.DevToolsPropertyDefaultsPostProcessor For additional web related logging consider setting the 'logging.level.web' property to 'DEBUG'
2025-07-28 13:54:51 [restartedMain] INFO  o.s.d.r.config.RepositoryConfigurationDelegate Bootstrapping Spring Data JPA repositories in DEFAULT mode.
2025-07-28 13:54:51 [restartedMain] INFO  o.s.d.r.config.RepositoryConfigurationDelegate Finished Spring Data repository scanning in 47 ms. Found 4 JPA repository interfaces.
2025-07-28 13:54:52 [restartedMain] INFO  o.s.boot.web.embedded.tomcat.TomcatWebServer Tomcat initialized with port 8080 (http)
2025-07-28 13:54:52 [restartedMain] INFO  org.apache.coyote.http11.Http11NioProtocol Initializing ProtocolHandler ["http-nio-8080"]
2025-07-28 13:54:52 [restartedMain] INFO  org.apache.catalina.core.StandardService Starting service [Tomcat]
2025-07-28 13:54:52 [restartedMain] INFO  org.apache.catalina.core.StandardEngine Starting Servlet engine: [Apache Tomcat/10.1.42]
2025-07-28 13:54:52 [restartedMain] INFO  o.a.c.c.ContainerBase.[Tomcat].[localhost].[/] Initializing Spring embedded WebApplicationContext
2025-07-28 13:54:52 [restartedMain] INFO  o.s.b.w.s.c.ServletWebServerApplicationContext Root WebApplicationContext: initialization completed in 1312 ms
2025-07-28 13:54:52 [restartedMain] INFO  org.hibernate.jpa.internal.util.LogHelper HHH000204: Processing PersistenceUnitInfo [name: default]
2025-07-28 13:54:52 [restartedMain] INFO  org.hibernate.Version HHH000412: Hibernate ORM core version 6.6.18.Final
2025-07-28 13:54:52 [restartedMain] INFO  o.h.cache.internal.RegionFactoryInitiator HHH000026: Second-level cache disabled
2025-07-28 13:54:52 [restartedMain] INFO  o.s.o.j.p.SpringPersistenceUnitInfo No LoadTimeWeaver setup: ignoring JPA class transformer
2025-07-28 13:54:52 [restartedMain] INFO  com.zaxxer.hikari.HikariDataSource HikariPool-1 - Starting...
2025-07-28 13:54:52 [restartedMain] INFO  com.zaxxer.hikari.pool.HikariPool HikariPool-1 - Added connection com.mysql.cj.jdbc.ConnectionImpl@290b7c8f
2025-07-28 13:54:52 [restartedMain] INFO  com.zaxxer.hikari.HikariDataSource HikariPool-1 - Start completed.
2025-07-28 13:54:53 [restartedMain] INFO  org.hibernate.orm.connections.pooling HHH10001005: Database info:
	Database JDBC URL [Connecting through datasource 'HikariDataSource (HikariPool-1)']
	Database driver: undefined/unknown
	Database version: 8.0.42
	Autocommit mode: undefined/unknown
	Isolation level: undefined/unknown
	Minimum pool size: undefined/unknown
	Maximum pool size: undefined/unknown
2025-07-28 13:54:53 [restartedMain] INFO  o.h.e.t.j.p.internal.JtaPlatformInitiator HHH000489: No JTA platform available (set 'hibernate.transaction.jta.platform' to enable JTA platform integration)
2025-07-28 13:54:53 [restartedMain] INFO  o.s.o.j.LocalContainerEntityManagerFactoryBean Initialized JPA EntityManagerFactory for persistence unit 'default'
2025-07-28 13:54:53 [restartedMain] INFO  o.s.d.j.repository.query.QueryEnhancerFactory Hibernate is in classpath; If applicable, HQL parser will be used.
2025-07-28 13:54:54 [restartedMain] WARN  o.s.b.a.o.j.JpaBaseConfiguration$JpaWebConfiguration spring.jpa.open-in-view is enabled by default. Therefore, database queries may be performed during view rendering. Explicitly configure spring.jpa.open-in-view to disable this warning
2025-07-28 13:54:54 [restartedMain] INFO  o.s.b.a.web.servlet.WelcomePageHandlerMapping Adding welcome page: class path resource [static/index.html]
2025-07-28 13:54:55 [restartedMain] INFO  o.s.b.d.autoconfigure.OptionalLiveReloadServer LiveReload server is running on port 35729
2025-07-28 13:54:55 [restartedMain] INFO  org.apache.coyote.http11.Http11NioProtocol Starting ProtocolHandler ["http-nio-8080"]
2025-07-28 13:54:55 [restartedMain] INFO  o.s.boot.web.embedded.tomcat.TomcatWebServer Tomcat started on port 8080 (http) with context path '/'
2025-07-28 13:54:55 [restartedMain] INFO  com.example.springdemo.SpringDemoApplication Started SpringDemoApplication in 4.443 seconds (process running for 5.106)
