2025-07-24 11:30:44 [restartedMain] INFO  com.example.springdemo.SpringDemoApplication -Starting SpringDemoApplication using Java 21.0.7 with PID 2012 (C:\Users\campus2H052\Desktop\spring-demo\build\classes\java\main started by campus2H052 in C:\Users\campus2H052\Desktop\spring-demo)
2025-07-24 11:30:44 [restartedMain] INFO  com.example.springdemo.SpringDemoApplication -No active profile set, falling back to 1 default profile: "default"
2025-07-24 11:30:44 [restartedMain] INFO  o.s.d.r.config.RepositoryConfigurationDelegate -Bootstrapping Spring Data JPA repositories in DEFAULT mode.
2025-07-24 11:30:44 [restartedMain] INFO  o.s.d.r.config.RepositoryConfigurationDelegate -Finished Spring Data repository scanning in 7 ms. Found 1 JPA repository interface.
2025-07-24 11:30:44 [restartedMain] INFO  o.s.boot.web.embedded.tomcat.TomcatWebServer -Tomcat initialized with port 8080 (http)
2025-07-24 11:30:44 [restartedMain] INFO  org.apache.coyote.http11.Http11NioProtocol -Initializing ProtocolHandler ["http-nio-8080"]
2025-07-24 11:30:44 [restartedMain] INFO  org.apache.catalina.core.StandardService -Starting service [Tomcat]
2025-07-24 11:30:44 [restartedMain] INFO  org.apache.catalina.core.StandardEngine -Starting Servlet engine: [Apache Tomcat/10.1.42]
2025-07-24 11:30:44 [restartedMain] INFO  o.a.c.c.C.[Tomcat-2].[localhost].[/] -Initializing Spring embedded WebApplicationContext
2025-07-24 11:30:44 [restartedMain] INFO  o.s.b.w.s.c.ServletWebServerApplicationContext -Root WebApplicationContext: initialization completed in 226 ms
2025-07-24 11:30:44 [restartedMain] INFO  org.hibernate.jpa.internal.util.LogHelper -HHH000204: Processing PersistenceUnitInfo [name: default]
2025-07-24 11:30:44 [restartedMain] INFO  o.h.cache.internal.RegionFactoryInitiator -HHH000026: Second-level cache disabled
2025-07-24 11:30:44 [restartedMain] INFO  o.s.o.j.p.SpringPersistenceUnitInfo -No LoadTimeWeaver setup: ignoring JPA class transformer
2025-07-24 11:30:44 [restartedMain] INFO  com.zaxxer.hikari.HikariDataSource -HikariPool-11 - Starting...
2025-07-24 11:30:44 [restartedMain] INFO  com.zaxxer.hikari.pool.HikariPool -HikariPool-11 - Added connection com.mysql.cj.jdbc.ConnectionImpl@7019e792
2025-07-24 11:30:44 [restartedMain] INFO  com.zaxxer.hikari.HikariDataSource -HikariPool-11 - Start completed.
2025-07-24 11:30:44 [restartedMain] INFO  org.hibernate.orm.connections.pooling -HHH10001005: Database info:
	Database JDBC URL [Connecting through datasource 'HikariDataSource (HikariPool-11)']
	Database driver: undefined/unknown
	Database version: 8.0.42
	Autocommit mode: undefined/unknown
	Isolation level: undefined/unknown
	Minimum pool size: undefined/unknown
	Maximum pool size: undefined/unknown
2025-07-24 11:30:44 [restartedMain] INFO  o.h.e.t.j.p.internal.JtaPlatformInitiator -HHH000489: No JTA platform available (set 'hibernate.transaction.jta.platform' to enable JTA platform integration)
2025-07-24 11:30:44 [restartedMain] INFO  o.s.o.j.LocalContainerEntityManagerFactoryBean -Initialized JPA EntityManagerFactory for persistence unit 'default'
2025-07-24 11:30:44 [restartedMain] WARN  o.s.b.a.o.j.JpaBaseConfiguration$JpaWebConfiguration -spring.jpa.open-in-view is enabled by default. Therefore, database queries may be performed during view rendering. Explicitly configure spring.jpa.open-in-view to disable this warning
2025-07-24 11:30:44 [restartedMain] INFO  o.s.b.a.web.servlet.WelcomePageHandlerMapping -Adding welcome page: class path resource [static/index.html]
2025-07-24 11:30:44 [restartedMain] INFO  o.s.b.d.autoconfigure.OptionalLiveReloadServer -LiveReload server is running on port 35729
2025-07-24 11:30:44 [restartedMain] INFO  org.apache.coyote.http11.Http11NioProtocol -Starting ProtocolHandler ["http-nio-8080"]
2025-07-24 11:30:44 [restartedMain] INFO  o.s.boot.web.embedded.tomcat.TomcatWebServer -Tomcat started on port 8080 (http) with context path '/'
2025-07-24 11:30:44 [restartedMain] INFO  com.example.springdemo.SpringDemoApplication -Started SpringDemoApplication in 0.562 seconds (process running for 8268.203)
2025-07-24 11:30:44 [restartedMain] INFO  o.s.b.d.a.ConditionEvaluationDeltaLoggingListener -Condition evaluation unchanged
