2025-07-31 10:40:00 [MessageBroker-1] INFO  o.s.b.c.launch.support.TaskExecutorJobLauncher Job: [SimpleJob: [name=csvJob]] launched with the following parameters: [{'filePath':'{value=users.csv, type=class java.lang.String, identifying=true}','time':'{value=1753926000010, type=class java.lang.Long, identifying=true}'}]
2025-07-31 10:40:00 [MessageBroker-1] INFO  o.s.batch.core.job.SimpleStepHandler Executing step: [csvStep]
2025-07-31 10:40:00 [MessageBroker-1] INFO  com.example.springdemo.config.BatchConfig === Batch Output Start ===
2025-07-31 10:40:00 [MessageBroker-1] INFO  com.example.springdemo.config.BatchConfig User(name=Alice, age=30)
2025-07-31 10:40:00 [MessageBroker-1] INFO  com.example.springdemo.config.BatchConfig User(name=Charlie, age=40)
2025-07-31 10:40:00 [MessageBroker-1] INFO  com.example.springdemo.config.BatchConfig === Batch Output End ===
2025-07-31 10:40:00 [MessageBroker-1] INFO  o.springframework.batch.core.step.AbstractStep Step: [csvStep] executed in 59ms
2025-07-31 10:40:00 [MessageBroker-1] INFO  o.s.b.c.launch.support.TaskExecutorJobLauncher Job: [SimpleJob: [name=csvJob]] completed with the following parameters: [{'filePath':'{value=users.csv, type=class java.lang.String, identifying=true}','time':'{value=1753926000010, type=class java.lang.Long, identifying=true}'}] and the following status: [COMPLETED] in 94ms
2025-07-31 10:40:13 [SpringApplicationShutdownHook] INFO  o.s.boot.web.embedded.tomcat.GracefulShutdown Commencing graceful shutdown. Waiting for active requests to complete
2025-07-31 10:40:13 [tomcat-shutdown] INFO  o.s.boot.web.embedded.tomcat.GracefulShutdown Graceful shutdown complete
2025-07-31 10:40:13 [SpringApplicationShutdownHook] INFO  o.s.m.simp.broker.SimpleBrokerMessageHandler Stopping...
2025-07-31 10:40:13 [SpringApplicationShutdownHook] INFO  o.s.m.simp.broker.SimpleBrokerMessageHandler BrokerAvailabilityEvent[available=false, SimpleBrokerMessageHandler [org.springframework.messaging.simp.broker.DefaultSubscriptionRegistry@21f27ddc]]
2025-07-31 10:40:13 [SpringApplicationShutdownHook] INFO  o.s.m.simp.broker.SimpleBrokerMessageHandler Stopped.
2025-07-31 10:40:13 [SpringApplicationShutdownHook] INFO  o.s.o.j.LocalContainerEntityManagerFactoryBean Closing JPA EntityManagerFactory for persistence unit 'default'
2025-07-31 10:40:13 [SpringApplicationShutdownHook] INFO  com.zaxxer.hikari.HikariDataSource HikariPool-1 - Shutdown initiated...
2025-07-31 10:40:13 [SpringApplicationShutdownHook] INFO  com.zaxxer.hikari.HikariDataSource HikariPool-1 - Shutdown completed.
2025-07-31 10:40:16 [background-preinit] INFO  org.hibernate.validator.internal.util.Version HV000001: Hibernate Validator 8.0.2.Final
2025-07-31 10:40:16 [restartedMain] INFO  com.example.springdemo.SpringDemoApplication Starting SpringDemoApplication using Java 21.0.7 with PID 20092 (C:\Users\campus2H052\Desktop\spring-demo\build\classes\java\main started by campus2H052 in C:\Users\campus2H052\Desktop\spring-demo)
2025-07-31 10:40:16 [restartedMain] INFO  com.example.springdemo.SpringDemoApplication No active profile set, falling back to 1 default profile: "default"
2025-07-31 10:40:16 [restartedMain] INFO  o.s.b.d.e.DevToolsPropertyDefaultsPostProcessor Devtools property defaults active! Set 'spring.devtools.add-properties' to 'false' to disable
2025-07-31 10:40:16 [restartedMain] INFO  o.s.b.d.e.DevToolsPropertyDefaultsPostProcessor For additional web related logging consider setting the 'logging.level.web' property to 'DEBUG'
2025-07-31 10:40:17 [restartedMain] INFO  o.s.d.r.config.RepositoryConfigurationDelegate Bootstrapping Spring Data JPA repositories in DEFAULT mode.
2025-07-31 10:40:17 [restartedMain] INFO  o.s.d.r.config.RepositoryConfigurationDelegate Finished Spring Data repository scanning in 48 ms. Found 4 JPA repository interfaces.
2025-07-31 10:40:18 [restartedMain] INFO  o.s.boot.web.embedded.tomcat.TomcatWebServer Tomcat initialized with port 8080 (http)
2025-07-31 10:40:18 [restartedMain] INFO  org.apache.coyote.http11.Http11NioProtocol Initializing ProtocolHandler ["http-nio-8080"]
2025-07-31 10:40:18 [restartedMain] INFO  org.apache.catalina.core.StandardService Starting service [Tomcat]
2025-07-31 10:40:18 [restartedMain] INFO  org.apache.catalina.core.StandardEngine Starting Servlet engine: [Apache Tomcat/10.1.42]
2025-07-31 10:40:18 [restartedMain] INFO  o.a.c.c.ContainerBase.[Tomcat].[localhost].[/] Initializing Spring embedded WebApplicationContext
2025-07-31 10:40:18 [restartedMain] INFO  o.s.b.w.s.c.ServletWebServerApplicationContext Root WebApplicationContext: initialization completed in 1787 ms
2025-07-31 10:40:18 [restartedMain] INFO  com.zaxxer.hikari.HikariDataSource HikariPool-1 - Starting...
2025-07-31 10:40:18 [restartedMain] INFO  com.zaxxer.hikari.pool.HikariPool HikariPool-1 - Added connection com.mysql.cj.jdbc.ConnectionImpl@651e6700
2025-07-31 10:40:18 [restartedMain] INFO  com.zaxxer.hikari.HikariDataSource HikariPool-1 - Start completed.
2025-07-31 10:40:19 [restartedMain] INFO  org.hibernate.jpa.internal.util.LogHelper HHH000204: Processing PersistenceUnitInfo [name: default]
2025-07-31 10:40:19 [restartedMain] INFO  org.hibernate.Version HHH000412: Hibernate ORM core version 6.6.18.Final
2025-07-31 10:40:19 [restartedMain] INFO  o.h.cache.internal.RegionFactoryInitiator HHH000026: Second-level cache disabled
2025-07-31 10:40:19 [restartedMain] INFO  o.s.o.j.p.SpringPersistenceUnitInfo No LoadTimeWeaver setup: ignoring JPA class transformer
2025-07-31 10:40:19 [restartedMain] INFO  org.hibernate.orm.connections.pooling HHH10001005: Database info:
	Database JDBC URL [Connecting through datasource 'HikariDataSource (HikariPool-1)']
	Database driver: undefined/unknown
	Database version: 8.0.42
	Autocommit mode: undefined/unknown
	Isolation level: undefined/unknown
	Minimum pool size: undefined/unknown
	Maximum pool size: undefined/unknown
2025-07-31 10:40:20 [restartedMain] INFO  o.h.e.t.j.p.internal.JtaPlatformInitiator HHH000489: No JTA platform available (set 'hibernate.transaction.jta.platform' to enable JTA platform integration)
2025-07-31 10:40:20 [restartedMain] INFO  o.s.o.j.LocalContainerEntityManagerFactoryBean Initialized JPA EntityManagerFactory for persistence unit 'default'
2025-07-31 10:40:20 [restartedMain] INFO  o.s.d.j.repository.query.QueryEnhancerFactory Hibernate is in classpath; If applicable, HQL parser will be used.
2025-07-31 10:40:21 [restartedMain] WARN  o.s.b.a.o.j.JpaBaseConfiguration$JpaWebConfiguration spring.jpa.open-in-view is enabled by default. Therefore, database queries may be performed during view rendering. Explicitly configure spring.jpa.open-in-view to disable this warning
2025-07-31 10:40:21 [restartedMain] INFO  o.s.b.a.web.servlet.WelcomePageHandlerMapping Adding welcome page: class path resource [static/index.html]
2025-07-31 10:40:21 [restartedMain] INFO  o.s.b.d.autoconfigure.OptionalLiveReloadServer LiveReload server is running on port 35729
2025-07-31 10:40:21 [restartedMain] INFO  o.s.b.a.endpoint.web.EndpointLinksResolver Exposing 13 endpoints beneath base path '/management'
2025-07-31 10:40:22 [restartedMain] INFO  o.s.m.simp.broker.SimpleBrokerMessageHandler Starting...
2025-07-31 10:40:22 [restartedMain] INFO  o.s.m.simp.broker.SimpleBrokerMessageHandler BrokerAvailabilityEvent[available=true, SimpleBrokerMessageHandler [org.springframework.messaging.simp.broker.DefaultSubscriptionRegistry@accc848]]
2025-07-31 10:40:22 [restartedMain] INFO  o.s.m.simp.broker.SimpleBrokerMessageHandler Started.
2025-07-31 10:40:22 [restartedMain] INFO  org.apache.coyote.http11.Http11NioProtocol Starting ProtocolHandler ["http-nio-8080"]
2025-07-31 10:40:22 [restartedMain] INFO  o.s.boot.web.embedded.tomcat.TomcatWebServer Tomcat started on port 8080 (http) with context path '/'
2025-07-31 10:40:22 [restartedMain] INFO  com.example.springdemo.SpringDemoApplication Started SpringDemoApplication in 6.105 seconds (process running for 6.845)
2025-07-31 10:40:22 [http-nio-8080-exec-1] INFO  o.a.c.c.ContainerBase.[Tomcat].[localhost].[/] Initializing Spring DispatcherServlet 'dispatcherServlet'
2025-07-31 10:40:22 [http-nio-8080-exec-1] INFO  o.s.web.servlet.DispatcherServlet Initializing Servlet 'dispatcherServlet'
2025-07-31 10:40:22 [http-nio-8080-exec-1] INFO  o.s.web.servlet.DispatcherServlet Completed initialization in 1 ms
2025-07-31 10:40:22 [http-nio-8080-exec-4] WARN  o.s.w.s.m.m.a.ExceptionHandlerExceptionResolver Resolved [org.springframework.web.servlet.resource.NoResourceFoundException: No static resource .well-known/appspecific/com.chrome.devtools.json.]
2025-07-31 10:40:22 [http-nio-8080-exec-5] WARN  o.s.w.s.m.m.a.ExceptionHandlerExceptionResolver Resolved [org.springframework.web.method.annotation.MethodArgumentTypeMismatchException: Method parameter 'bno': Failed to convert value of type 'java.lang.String' to required type 'java.lang.Long'; For input string: "favicon.ico"]
