2025-07-24 15:25:38 [background-preinit] INFO  org.hibernate.validator.internal.util.Version HV000001: Hibernate Validator 8.0.2.Final
2025-07-24 15:25:38 [Test worker] INFO  com.example.springdemo.BoardServiceTests Starting BoardServiceTests using Java 21.0.7 with PID 16228 (started by campus2H052 in C:\Users\campus2H052\Desktop\spring-demo)
2025-07-24 15:25:38 [Test worker] INFO  com.example.springdemo.BoardServiceTests No active profile set, falling back to 1 default profile: "default"
2025-07-24 15:25:38 [Test worker] INFO  o.s.d.r.config.RepositoryConfigurationDelegate Bootstrapping Spring Data JPA repositories in DEFAULT mode.
2025-07-24 15:25:38 [Test worker] INFO  o.s.d.r.config.RepositoryConfigurationDelegate Finished Spring Data repository scanning in 49 ms. Found 2 JPA repository interfaces.
2025-07-24 15:25:39 [Test worker] INFO  org.hibernate.jpa.internal.util.LogHelper HHH000204: Processing PersistenceUnitInfo [name: default]
2025-07-24 15:25:39 [Test worker] INFO  org.hibernate.Version HHH000412: Hibernate ORM core version 6.6.18.Final
2025-07-24 15:25:39 [Test worker] INFO  o.h.cache.internal.RegionFactoryInitiator HHH000026: Second-level cache disabled
2025-07-24 15:25:39 [Test worker] INFO  o.s.o.j.p.SpringPersistenceUnitInfo No LoadTimeWeaver setup: ignoring JPA class transformer
2025-07-24 15:25:39 [Test worker] INFO  com.zaxxer.hikari.HikariDataSource HikariPool-1 - Starting...
2025-07-24 15:25:39 [Test worker] INFO  com.zaxxer.hikari.pool.HikariPool HikariPool-1 - Added connection com.mysql.cj.jdbc.ConnectionImpl@6968bb65
2025-07-24 15:25:39 [Test worker] INFO  com.zaxxer.hikari.HikariDataSource HikariPool-1 - Start completed.
2025-07-24 15:25:40 [Test worker] INFO  org.hibernate.orm.connections.pooling HHH10001005: Database info:
	Database JDBC URL [Connecting through datasource 'HikariDataSource (HikariPool-1)']
	Database driver: undefined/unknown
	Database version: 8.0.42
	Autocommit mode: undefined/unknown
	Isolation level: undefined/unknown
	Minimum pool size: undefined/unknown
	Maximum pool size: undefined/unknown
2025-07-24 15:25:40 [Test worker] INFO  o.h.e.t.j.p.internal.JtaPlatformInitiator HHH000489: No JTA platform available (set 'hibernate.transaction.jta.platform' to enable JTA platform integration)
2025-07-24 15:25:40 [Test worker] INFO  o.s.o.j.LocalContainerEntityManagerFactoryBean Initialized JPA EntityManagerFactory for persistence unit 'default'
2025-07-24 15:25:41 [Test worker] WARN  o.s.b.a.o.j.JpaBaseConfiguration$JpaWebConfiguration spring.jpa.open-in-view is enabled by default. Therefore, database queries may be performed during view rendering. Explicitly configure spring.jpa.open-in-view to disable this warning
2025-07-24 15:25:41 [Test worker] INFO  o.s.b.a.web.servlet.WelcomePageHandlerMapping Adding welcome page: class path resource [static/index.html]
2025-07-24 15:25:41 [Test worker] INFO  o.s.d.j.repository.query.QueryEnhancerFactory Hibernate is in classpath; If applicable, HQL parser will be used.
2025-07-24 15:25:42 [Test worker] INFO  com.example.springdemo.BoardServiceTests Started BoardServiceTests in 4.474 seconds (process running for 5.732)
2025-07-24 15:25:42 [Test worker] INFO  com.example.springdemo.BoardServiceTests PREV: true
2025-07-24 15:25:42 [Test worker] INFO  com.example.springdemo.BoardServiceTests NEXT: true
2025-07-24 15:25:42 [Test worker] INFO  com.example.springdemo.BoardServiceTests TOTAL PAGE: 22
2025-07-24 15:25:42 [Test worker] INFO  com.example.springdemo.BoardServiceTests -------------------------------------------------
2025-07-24 15:25:42 [Test worker] INFO  com.example.springdemo.BoardServiceTests BoardDTO(bno=56, title=title ... 51, content=content ... 51, writer=writer ... 51, regDate=2025-07-24T14:00:32.310136, hit=0)
2025-07-24 15:25:42 [Test worker] INFO  com.example.springdemo.BoardServiceTests BoardDTO(bno=55, title=title ... 50, content=content ... 50, writer=writer ... 50, regDate=2025-07-24T14:00:32.301802, hit=0)
2025-07-24 15:25:42 [Test worker] INFO  com.example.springdemo.BoardServiceTests BoardDTO(bno=54, title=title ... 49, content=content ... 49, writer=writer ... 49, regDate=2025-07-24T14:00:32.295695, hit=0)
2025-07-24 15:25:42 [Test worker] INFO  com.example.springdemo.BoardServiceTests BoardDTO(bno=53, title=title ... 48, content=content ... 48, writer=writer ... 48, regDate=2025-07-24T14:00:32.289414, hit=0)
2025-07-24 15:25:42 [Test worker] INFO  com.example.springdemo.BoardServiceTests BoardDTO(bno=52, title=title ... 47, content=content ... 47, writer=writer ... 47, regDate=2025-07-24T14:00:32.283414, hit=0)
2025-07-24 15:25:42 [Test worker] INFO  com.example.springdemo.BoardServiceTests --------------------------------------------------
2025-07-24 15:25:42 [Test worker] INFO  com.example.springdemo.BoardServiceTests 11
2025-07-24 15:25:42 [Test worker] INFO  com.example.springdemo.BoardServiceTests 12
2025-07-24 15:25:42 [Test worker] INFO  com.example.springdemo.BoardServiceTests 13
2025-07-24 15:25:42 [Test worker] INFO  com.example.springdemo.BoardServiceTests 14
2025-07-24 15:25:42 [Test worker] INFO  com.example.springdemo.BoardServiceTests 15
2025-07-24 15:25:42 [Test worker] INFO  com.example.springdemo.BoardServiceTests 16
2025-07-24 15:25:42 [Test worker] INFO  com.example.springdemo.BoardServiceTests 17
2025-07-24 15:25:42 [Test worker] INFO  com.example.springdemo.BoardServiceTests 18
2025-07-24 15:25:42 [Test worker] INFO  com.example.springdemo.BoardServiceTests 19
2025-07-24 15:25:42 [Test worker] INFO  com.example.springdemo.BoardServiceTests 20
2025-07-24 15:25:42 [SpringApplicationShutdownHook] INFO  o.s.o.j.LocalContainerEntityManagerFactoryBean Closing JPA EntityManagerFactory for persistence unit 'default'
2025-07-24 15:25:42 [SpringApplicationShutdownHook] INFO  com.zaxxer.hikari.HikariDataSource HikariPool-1 - Shutdown initiated...
2025-07-24 15:25:42 [SpringApplicationShutdownHook] INFO  com.zaxxer.hikari.HikariDataSource HikariPool-1 - Shutdown completed.
