2025-07-24 12:58:24 [File Watcher] INFO  o.s.b.d.a.LocalDevToolsAutoConfiguration$RestartingClassPathChangeChangedEventListener -Restarting due to 3 class path changes (3 additions, 0 deletions, 0 modifications)
2025-07-24 12:58:24 [Thread-49] INFO  o.s.boot.web.embedded.tomcat.GracefulShutdown -Commencing graceful shutdown. Waiting for active requests to complete
2025-07-24 12:58:24 [tomcat-shutdown] INFO  org.apache.coyote.http11.Http11NioProtocol -Pausing ProtocolHandler ["http-nio-8080"]
2025-07-24 12:58:24 [tomcat-shutdown] INFO  o.s.boot.web.embedded.tomcat.GracefulShutdown -Graceful shutdown complete
2025-07-24 12:58:24 [Thread-49] INFO  org.apache.coyote.http11.Http11NioProtocol -Stopping ProtocolHandler ["http-nio-8080"]
2025-07-24 12:58:24 [Thread-49] INFO  o.s.o.j.LocalContainerEntityManagerFactoryBean -Closing JPA EntityManagerFactory for persistence unit 'default'
2025-07-24 12:58:24 [Thread-49] INFO  com.zaxxer.hikari.HikariDataSource -HikariPool-13 - Shutdown initiated...
2025-07-24 12:58:24 [Thread-49] INFO  com.zaxxer.hikari.HikariDataSource -HikariPool-13 - Shutdown completed.
2025-07-24 12:58:24 [restartedMain] INFO  com.example.springdemo.SpringDemoApplication -Starting SpringDemoApplication using Java 21.0.7 with PID 2012 (C:\Users\campus2H052\Desktop\spring-demo\build\classes\java\main started by campus2H052 in C:\Users\campus2H052\Desktop\spring-demo)
2025-07-24 12:58:24 [restartedMain] INFO  com.example.springdemo.SpringDemoApplication -No active profile set, falling back to 1 default profile: "default"
2025-07-24 12:58:24 [restartedMain] INFO  o.s.d.r.config.RepositoryConfigurationDelegate -Bootstrapping Spring Data JPA repositories in DEFAULT mode.
2025-07-24 12:58:24 [restartedMain] INFO  o.s.d.r.config.RepositoryConfigurationDelegate -Finished Spring Data repository scanning in 8 ms. Found 2 JPA repository interfaces.
2025-07-24 12:58:24 [restartedMain] INFO  o.s.boot.web.embedded.tomcat.TomcatWebServer -Tomcat initialized with port 8080 (http)
2025-07-24 12:58:24 [restartedMain] INFO  org.apache.coyote.http11.Http11NioProtocol -Initializing ProtocolHandler ["http-nio-8080"]
2025-07-24 12:58:24 [restartedMain] INFO  org.apache.catalina.core.StandardService -Starting service [Tomcat]
2025-07-24 12:58:24 [restartedMain] INFO  org.apache.catalina.core.StandardEngine -Starting Servlet engine: [Apache Tomcat/10.1.42]
2025-07-24 12:58:24 [restartedMain] INFO  o.a.c.c.C.[Tomcat-2].[localhost].[/] -Initializing Spring embedded WebApplicationContext
2025-07-24 12:58:24 [restartedMain] INFO  o.s.b.w.s.c.ServletWebServerApplicationContext -Root WebApplicationContext: initialization completed in 308 ms
2025-07-24 12:58:24 [restartedMain] INFO  org.hibernate.jpa.internal.util.LogHelper -HHH000204: Processing PersistenceUnitInfo [name: default]
2025-07-24 12:58:24 [restartedMain] INFO  o.h.cache.internal.RegionFactoryInitiator -HHH000026: Second-level cache disabled
2025-07-24 12:58:24 [restartedMain] INFO  o.s.o.j.p.SpringPersistenceUnitInfo -No LoadTimeWeaver setup: ignoring JPA class transformer
2025-07-24 12:58:24 [restartedMain] INFO  com.zaxxer.hikari.HikariDataSource -HikariPool-14 - Starting...
2025-07-24 12:58:24 [restartedMain] INFO  com.zaxxer.hikari.pool.HikariPool -HikariPool-14 - Added connection com.mysql.cj.jdbc.ConnectionImpl@39da4a23
2025-07-24 12:58:24 [restartedMain] INFO  com.zaxxer.hikari.HikariDataSource -HikariPool-14 - Start completed.
2025-07-24 12:58:24 [restartedMain] INFO  org.hibernate.orm.connections.pooling -HHH10001005: Database info:
	Database JDBC URL [Connecting through datasource 'HikariDataSource (HikariPool-14)']
	Database driver: undefined/unknown
	Database version: 8.0.42
	Autocommit mode: undefined/unknown
	Isolation level: undefined/unknown
	Minimum pool size: undefined/unknown
	Maximum pool size: undefined/unknown
2025-07-24 12:58:24 [restartedMain] INFO  o.h.e.t.j.p.internal.JtaPlatformInitiator -HHH000489: No JTA platform available (set 'hibernate.transaction.jta.platform' to enable JTA platform integration)
2025-07-24 12:58:24 [restartedMain] INFO  o.s.o.j.LocalContainerEntityManagerFactoryBean -Initialized JPA EntityManagerFactory for persistence unit 'default'
2025-07-24 12:58:25 [restartedMain] WARN  o.s.b.a.o.j.JpaBaseConfiguration$JpaWebConfiguration -spring.jpa.open-in-view is enabled by default. Therefore, database queries may be performed during view rendering. Explicitly configure spring.jpa.open-in-view to disable this warning
2025-07-24 12:58:25 [restartedMain] INFO  o.s.b.a.web.servlet.WelcomePageHandlerMapping -Adding welcome page: class path resource [static/index.html]
2025-07-24 12:58:25 [restartedMain] INFO  o.s.b.d.autoconfigure.OptionalLiveReloadServer -LiveReload server is running on port 35729
2025-07-24 12:58:25 [restartedMain] INFO  org.apache.coyote.http11.Http11NioProtocol -Starting ProtocolHandler ["http-nio-8080"]
2025-07-24 12:58:25 [restartedMain] INFO  o.s.boot.web.embedded.tomcat.TomcatWebServer -Tomcat started on port 8080 (http) with context path '/'
2025-07-24 12:58:25 [restartedMain] INFO  com.example.springdemo.SpringDemoApplication -Started SpringDemoApplication in 0.778 seconds (process running for 13528.421)
2025-07-24 12:58:25 [restartedMain] INFO  o.s.b.d.a.ConditionEvaluationDeltaLoggingListener -Condition evaluation unchanged
2025-07-24 13:06:57 [background-preinit] INFO  org.hibernate.validator.internal.util.Version -HV000001: Hibernate Validator 8.0.2.Final
2025-07-24 13:06:57 [Test worker] INFO  com.example.springdemo.BoardServiceTests -Starting BoardServiceTests using Java 21.0.7 with PID 24836 (started by campus2H052 in C:\Users\campus2H052\Desktop\spring-demo)
2025-07-24 13:06:57 [Test worker] INFO  com.example.springdemo.BoardServiceTests -No active profile set, falling back to 1 default profile: "default"
2025-07-24 13:06:58 [Test worker] INFO  o.s.d.r.config.RepositoryConfigurationDelegate -Bootstrapping Spring Data JPA repositories in DEFAULT mode.
2025-07-24 13:06:58 [Test worker] INFO  o.s.d.r.config.RepositoryConfigurationDelegate -Finished Spring Data repository scanning in 51 ms. Found 2 JPA repository interfaces.
2025-07-24 13:06:58 [Test worker] INFO  org.hibernate.jpa.internal.util.LogHelper -HHH000204: Processing PersistenceUnitInfo [name: default]
2025-07-24 13:06:58 [Test worker] INFO  org.hibernate.Version -HHH000412: Hibernate ORM core version 6.6.18.Final
2025-07-24 13:06:58 [Test worker] INFO  o.h.cache.internal.RegionFactoryInitiator -HHH000026: Second-level cache disabled
2025-07-24 13:06:59 [Test worker] INFO  o.s.o.j.p.SpringPersistenceUnitInfo -No LoadTimeWeaver setup: ignoring JPA class transformer
2025-07-24 13:06:59 [Test worker] INFO  com.zaxxer.hikari.HikariDataSource -HikariPool-1 - Starting...
2025-07-24 13:06:59 [Test worker] INFO  com.zaxxer.hikari.pool.HikariPool -HikariPool-1 - Added connection com.mysql.cj.jdbc.ConnectionImpl@278cb145
2025-07-24 13:06:59 [Test worker] INFO  com.zaxxer.hikari.HikariDataSource -HikariPool-1 - Start completed.
2025-07-24 13:06:59 [Test worker] INFO  org.hibernate.orm.connections.pooling -HHH10001005: Database info:
	Database JDBC URL [Connecting through datasource 'HikariDataSource (HikariPool-1)']
	Database driver: undefined/unknown
	Database version: 8.0.42
	Autocommit mode: undefined/unknown
	Isolation level: undefined/unknown
	Minimum pool size: undefined/unknown
	Maximum pool size: undefined/unknown
2025-07-24 13:07:00 [Test worker] INFO  o.h.e.t.j.p.internal.JtaPlatformInitiator -HHH000489: No JTA platform available (set 'hibernate.transaction.jta.platform' to enable JTA platform integration)
2025-07-24 13:07:00 [Test worker] INFO  o.s.o.j.LocalContainerEntityManagerFactoryBean -Initialized JPA EntityManagerFactory for persistence unit 'default'
2025-07-24 13:07:00 [Test worker] WARN  o.s.b.a.o.j.JpaBaseConfiguration$JpaWebConfiguration -spring.jpa.open-in-view is enabled by default. Therefore, database queries may be performed during view rendering. Explicitly configure spring.jpa.open-in-view to disable this warning
2025-07-24 13:07:00 [Test worker] INFO  o.s.b.a.web.servlet.WelcomePageHandlerMapping -Adding welcome page: class path resource [static/index.html]
2025-07-24 13:07:01 [Test worker] INFO  o.s.d.j.repository.query.QueryEnhancerFactory -Hibernate is in classpath; If applicable, HQL parser will be used.
2025-07-24 13:07:01 [Test worker] INFO  com.example.springdemo.BoardServiceTests -Started BoardServiceTests in 4.335 seconds (process running for 5.593)
2025-07-24 13:07:02 [Test worker] INFO  com.example.springdemo.entity.BoardService -DTO -------------------------------
2025-07-24 13:07:02 [Test worker] INFO  com.example.springdemo.entity.BoardService -BoardDTO(bno=null, title=Test Title1, content=Test Content1, writer=user001, regDate=null, hit=null)
2025-07-24 13:07:02 [Test worker] INFO  com.example.springdemo.entity.BoardService -Board(bno=null, title=Test Title1, content=Test Content1, writer=user001, regDate=null, hit=0)
2025-07-24 13:07:02 [Test worker] INFO  com.example.springdemo.BoardServiceTests -1
2025-07-24 13:07:02 [SpringApplicationShutdownHook] INFO  o.s.o.j.LocalContainerEntityManagerFactoryBean -Closing JPA EntityManagerFactory for persistence unit 'default'
2025-07-24 13:07:02 [SpringApplicationShutdownHook] INFO  com.zaxxer.hikari.HikariDataSource -HikariPool-1 - Shutdown initiated...
2025-07-24 13:07:02 [SpringApplicationShutdownHook] INFO  com.zaxxer.hikari.HikariDataSource -HikariPool-1 - Shutdown completed.
