2025-07-24 13:31:00 [Test worker] INFO  o.s.d.r.config.RepositoryConfigurationDelegate -Bootstrapping Spring Data JPA repositories in DEFAULT mode.
2025-07-24 13:31:00 [Test worker] INFO  o.s.d.r.config.RepositoryConfigurationDelegate -Finished Spring Data repository scanning in 45 ms. Found 2 JPA repository interfaces.
2025-07-24 13:31:01 [Test worker] INFO  org.hibernate.jpa.internal.util.LogHelper -HHH000204: Processing PersistenceUnitInfo [name: default]
2025-07-24 13:31:01 [Test worker] INFO  org.hibernate.Version -HHH000412: Hibernate ORM core version 6.6.18.Final
2025-07-24 13:31:01 [Test worker] INFO  o.h.cache.internal.RegionFactoryInitiator -HHH000026: Second-level cache disabled
2025-07-24 13:31:01 [Test worker] INFO  o.s.o.j.p.SpringPersistenceUnitInfo -No LoadTimeWeaver setup: ignoring JPA class transformer
2025-07-24 13:31:01 [Test worker] INFO  com.zaxxer.hikari.HikariDataSource -HikariPool-1 - Starting...
2025-07-24 13:31:01 [Test worker] INFO  com.zaxxer.hikari.pool.HikariPool -HikariPool-1 - Added connection com.mysql.cj.jdbc.ConnectionImpl@6706da3d
2025-07-24 13:31:01 [Test worker] INFO  com.zaxxer.hikari.HikariDataSource -HikariPool-1 - Start completed.
2025-07-24 13:31:01 [Test worker] INFO  org.hibernate.orm.connections.pooling -HHH10001005: Database info:
	Database JDBC URL [Connecting through datasource 'HikariDataSource (HikariPool-1)']
	Database driver: undefined/unknown
	Database version: 8.0.42
	Autocommit mode: undefined/unknown
	Isolation level: undefined/unknown
	Minimum pool size: undefined/unknown
	Maximum pool size: undefined/unknown
2025-07-24 13:31:02 [Test worker] INFO  o.h.e.t.j.p.internal.JtaPlatformInitiator -HHH000489: No JTA platform available (set 'hibernate.transaction.jta.platform' to enable JTA platform integration)
2025-07-24 13:31:02 [Test worker] INFO  o.s.o.j.LocalContainerEntityManagerFactoryBean -Initialized JPA EntityManagerFactory for persistence unit 'default'
2025-07-24 13:31:02 [Test worker] WARN  o.s.b.a.o.j.JpaBaseConfiguration$JpaWebConfiguration -spring.jpa.open-in-view is enabled by default. Therefore, database queries may be performed during view rendering. Explicitly configure spring.jpa.open-in-view to disable this warning
2025-07-24 13:31:02 [Test worker] INFO  o.s.b.a.web.servlet.WelcomePageHandlerMapping -Adding welcome page: class path resource [static/index.html]
2025-07-24 13:31:03 [Test worker] INFO  o.s.d.j.repository.query.QueryEnhancerFactory -Hibernate is in classpath; If applicable, HQL parser will be used.
2025-07-24 13:31:03 [Test worker] INFO  com.example.springdemo.MemoRepositoryTests -Started MemoRepositoryTests in 4.378 seconds (process running for 5.615)
2025-07-24 13:31:04 [Test worker] INFO  com.example.springdemo.MemoRepositoryTests -Memo(mno=21, memoText=Sample ... 21)
2025-07-24 13:31:04 [Test worker] INFO  com.example.springdemo.MemoRepositoryTests -Memo(mno=31, memoText=Sample ... 31)
2025-07-24 13:31:04 [Test worker] INFO  com.example.springdemo.MemoRepositoryTests -Memo(mno=41, memoText=Sample ... 41)
2025-07-24 13:31:04 [Test worker] INFO  com.example.springdemo.MemoRepositoryTests -Memo(mno=51, memoText=Sample ... 51)
2025-07-24 13:31:04 [Test worker] INFO  com.example.springdemo.MemoRepositoryTests -Memo(mno=61, memoText=Sample ... 61)
2025-07-24 13:31:04 [Test worker] INFO  com.example.springdemo.MemoRepositoryTests -Memo(mno=71, memoText=Sample ... 71)
2025-07-24 13:31:04 [Test worker] INFO  com.example.springdemo.MemoRepositoryTests -Memo(mno=81, memoText=Sample ... 81)
2025-07-24 13:31:04 [Test worker] INFO  com.example.springdemo.MemoRepositoryTests -Memo(mno=91, memoText=Sample ... 91)
2025-07-24 13:31:04 [Test worker] INFO  com.example.springdemo.MemoRepositoryTests -Memo(mno=100, memoText=Sample ... 100)
2025-07-24 13:31:04 [SpringApplicationShutdownHook] INFO  o.s.o.j.LocalContainerEntityManagerFactoryBean -Closing JPA EntityManagerFactory for persistence unit 'default'
2025-07-24 13:31:04 [SpringApplicationShutdownHook] INFO  com.zaxxer.hikari.HikariDataSource -HikariPool-1 - Shutdown initiated...
2025-07-24 13:31:04 [SpringApplicationShutdownHook] INFO  com.zaxxer.hikari.HikariDataSource -HikariPool-1 - Shutdown completed.
